{"/Users/yuping/Downloads/git/stock-website-crawler/skills/10jqka_backtest/jest.config.js": {"path":"/Users/yuping/Downloads/git/stock-website-crawler/skills/10jqka_backtest/jest.config.js","statementMap":{},"fnMap":{},"branchMap":{},"s":{},"f":{},"b":{},"inputSourceMap":null}
,"/Users/yuping/Downloads/git/stock-website-crawler/skills/10jqka_backtest/load-env.js": {"path":"/Users/yuping/Downloads/git/stock-website-crawler/skills/10jqka_backtest/load-env.js","statementMap":{"0":{"start":{"line":5,"column":0},"end":{"line":5,"column":55}}},"fnMap":{},"branchMap":{},"s":{"0":2},"f":{},"b":{},"inputSourceMap":null,"_coverageSchema":"1a1c01bbd47fc00a2c39e90264f33305004495a9","hash":"817b0721b064dda561fab82e22623fd0efc2c5d9"}
,"/Users/yuping/Downloads/git/stock-website-crawler/skills/10jqka_backtest/paths.js": {"path":"/Users/yuping/Downloads/git/stock-website-crawler/skills/10jqka_backtest/paths.js","statementMap":{"0":{"start":{"line":5,"column":19},"end":{"line":5,"column":49}},"1":{"start":{"line":6,"column":18},"end":{"line":6,"column":42}},"2":{"start":{"line":8,"column":26},"end":{"line":8,"column":35}},"3":{"start":{"line":9,"column":24},"end":{"line":9,"column":53}},"4":{"start":{"line":10,"column":27},"end":{"line":10,"column":58}},"5":{"start":{"line":11,"column":28},"end":{"line":11,"column":101}},"6":{"start":{"line":14,"column":2},"end":{"line":14,"column":76}},"7":{"start":{"line":14,"column":32},"end":{"line":14,"column":76}},"8":{"start":{"line":15,"column":2},"end":{"line":15,"column":82}},"9":{"start":{"line":15,"column":35},"end":{"line":15,"column":82}},"10":{"start":{"line":18,"column":0},"end":{"line":18,"column":20}}},"fnMap":{"0":{"name":"ensureDirectories","decl":{"start":{"line":13,"column":16},"end":{"line":13,"column":33}},"loc":{"start":{"line":13,"column":36},"end":{"line":16,"column":1}},"line":13}},"branchMap":{"0":{"loc":{"start":{"line":11,"column":28},"end":{"line":11,"column":101}},"type":"binary-expr","locations":[{"start":{"line":11,"column":28},"end":{"line":11,"column":52}},{"start":{"line":11,"column":56},"end":{"line":11,"column":101}}],"line":11},"1":{"loc":{"start":{"line":14,"column":2},"end":{"line":14,"column":76}},"type":"if","locations":[{"start":{"line":14,"column":2},"end":{"line":14,"column":76}},{"start":{},"end":{}}],"line":14},"2":{"loc":{"start":{"line":15,"column":2},"end":{"line":15,"column":82}},"type":"if","locations":[{"start":{"line":15,"column":2},"end":{"line":15,"column":82}},{"start":{},"end":{}}],"line":15}},"s":{"0":2,"1":2,"2":2,"3":2,"4":2,"5":2,"6":2,"7":0,"8":2,"9":0,"10":2},"f":{"0":2},"b":{"0":[2,2],"1":[0,2],"2":[0,2]},"inputSourceMap":null,"_coverageSchema":"1a1c01bbd47fc00a2c39e90264f33305004495a9","hash":"dfe5bd305c30ae26f6b14528542754e81f1a7a9d"}
,"/Users/yuping/Downloads/git/stock-website-crawler/skills/10jqka_backtest/run-skill.js": {"path":"/Users/yuping/Downloads/git/stock-website-crawler/skills/10jqka_backtest/run-skill.js","statementMap":{"0":{"start":{"line":9,"column":15},"end":{"line":9,"column":36}},"1":{"start":{"line":10,"column":19},"end":{"line":10,"column":26}},"2":{"start":{"line":12,"column":2},"end":{"line":17,"column":3}},"3":{"start":{"line":13,"column":4},"end":{"line":13,"column":50}},"4":{"start":{"line":14,"column":4},"end":{"line":14,"column":60}},"5":{"start":{"line":15,"column":4},"end":{"line":15,"column":79}},"6":{"start":{"line":16,"column":4},"end":{"line":16,"column":20}},"7":{"start":{"line":19,"column":14},"end":{"line":19,"column":27}},"8":{"start":{"line":20,"column":23},"end":{"line":20,"column":52}},"9":{"start":{"line":22,"column":2},"end":{"line":25,"column":3}},"10":{"start":{"line":23,"column":4},"end":{"line":23,"column":53}},"11":{"start":{"line":24,"column":4},"end":{"line":24,"column":20}},"12":{"start":{"line":27,"column":17},"end":{"line":27,"column":66}},"13":{"start":{"line":29,"column":17},"end":{"line":29,"column":54}},"14":{"start":{"line":31,"column":2},"end":{"line":67,"column":3}},"15":{"start":{"line":32,"column":19},"end":{"line":32,"column":43}},"16":{"start":{"line":34,"column":4},"end":{"line":34,"column":56}},"17":{"start":{"line":36,"column":4},"end":{"line":40,"column":5}},"18":{"start":{"line":37,"column":6},"end":{"line":37,"column":22}},"19":{"start":{"line":39,"column":6},"end":{"line":39,"column":22}},"20":{"start":{"line":43,"column":24},"end":{"line":43,"column":116}},"21":{"start":{"line":45,"column":4},"end":{"line":66,"column":5}},"22":{"start":{"line":46,"column":6},"end":{"line":58,"column":7}},"23":{"start":{"line":47,"column":8},"end":{"line":47,"column":22}},"24":{"start":{"line":48,"column":28},"end":{"line":48,"column":52}},"25":{"start":{"line":49,"column":8},"end":{"line":49,"column":65}},"26":{"start":{"line":50,"column":8},"end":{"line":50,"column":58}},"27":{"start":{"line":52,"column":8},"end":{"line":56,"column":12}},"28":{"start":{"line":57,"column":8},"end":{"line":57,"column":24}},"29":{"start":{"line":60,"column":6},"end":{"line":64,"column":10}},"30":{"start":{"line":65,"column":6},"end":{"line":65,"column":22}},"31":{"start":{"line":70,"column":0},"end":{"line":70,"column":7}}},"fnMap":{"0":{"name":"main","decl":{"start":{"line":8,"column":15},"end":{"line":8,"column":19}},"loc":{"start":{"line":8,"column":22},"end":{"line":68,"column":1}},"line":8}},"branchMap":{"0":{"loc":{"start":{"line":12,"column":2},"end":{"line":17,"column":3}},"type":"if","locations":[{"start":{"line":12,"column":2},"end":{"line":17,"column":3}},{"start":{},"end":{}}],"line":12},"1":{"loc":{"start":{"line":22,"column":2},"end":{"line":25,"column":3}},"type":"if","locations":[{"start":{"line":22,"column":2},"end":{"line":25,"column":3}},{"start":{},"end":{}}],"line":22},"2":{"loc":{"start":{"line":36,"column":4},"end":{"line":40,"column":5}},"type":"if","locations":[{"start":{"line":36,"column":4},"end":{"line":40,"column":5}},{"start":{"line":38,"column":11},"end":{"line":40,"column":5}}],"line":36},"3":{"loc":{"start":{"line":43,"column":24},"end":{"line":43,"column":116}},"type":"binary-expr","locations":[{"start":{"line":43,"column":24},"end":{"line":43,"column":51}},{"start":{"line":43,"column":55},"end":{"line":43,"column":85}},{"start":{"line":43,"column":89},"end":{"line":43,"column":116}}],"line":43},"4":{"loc":{"start":{"line":45,"column":4},"end":{"line":66,"column":5}},"type":"if","locations":[{"start":{"line":45,"column":4},"end":{"line":66,"column":5}},{"start":{"line":59,"column":11},"end":{"line":66,"column":5}}],"line":45},"5":{"loc":{"start":{"line":50,"column":21},"end":{"line":50,"column":56}},"type":"cond-expr","locations":[{"start":{"line":50,"column":51},"end":{"line":50,"column":52}},{"start":{"line":50,"column":55},"end":{"line":50,"column":56}}],"line":50}},"s":{"0":0,"1":0,"2":0,"3":0,"4":0,"5":0,"6":0,"7":0,"8":0,"9":0,"10":0,"11":0,"12":0,"13":0,"14":0,"15":0,"16":0,"17":0,"18":0,"19":0,"20":0,"21":0,"22":0,"23":0,"24":0,"25":0,"26":0,"27":0,"28":0,"29":0,"30":0,"31":0},"f":{"0":0},"b":{"0":[0,0],"1":[0,0],"2":[0,0],"3":[0,0,0],"4":[0,0],"5":[0,0]},"inputSourceMap":null}
,"/Users/yuping/Downloads/git/stock-website-crawler/skills/10jqka_backtest/test-session.js": {"path":"/Users/yuping/Downloads/git/stock-website-crawler/skills/10jqka_backtest/test-session.js","statementMap":{"0":{"start":{"line":7,"column":2},"end":{"line":53,"column":3}},"1":{"start":{"line":8,"column":4},"end":{"line":8,"column":59}},"2":{"start":{"line":10,"column":4},"end":{"line":14,"column":5}},"3":{"start":{"line":11,"column":6},"end":{"line":11,"column":74}},"4":{"start":{"line":12,"column":6},"end":{"line":12,"column":79}},"5":{"start":{"line":13,"column":6},"end":{"line":13,"column":22}},"6":{"start":{"line":16,"column":4},"end":{"line":16,"column":51}},"7":{"start":{"line":17,"column":20},"end":{"line":17,"column":69}},"8":{"start":{"line":18,"column":4},"end":{"line":18,"column":69}},"9":{"start":{"line":19,"column":4},"end":{"line":19,"column":83}},"10":{"start":{"line":21,"column":19},"end":{"line":21,"column":71}},"11":{"start":{"line":23,"column":4},"end":{"line":23,"column":71}},"12":{"start":{"line":25,"column":4},"end":{"line":46,"column":5}},"13":{"start":{"line":26,"column":21},"end":{"line":30,"column":8}},"14":{"start":{"line":32,"column":6},"end":{"line":37,"column":7}},"15":{"start":{"line":33,"column":8},"end":{"line":33,"column":54}},"16":{"start":{"line":34,"column":8},"end":{"line":34,"column":92}},"17":{"start":{"line":36,"column":8},"end":{"line":36,"column":83}},"18":{"start":{"line":39,"column":6},"end":{"line":45,"column":7}},"19":{"start":{"line":40,"column":8},"end":{"line":40,"column":71}},"20":{"start":{"line":41,"column":8},"end":{"line":41,"column":54}},"21":{"start":{"line":44,"column":8},"end":{"line":44,"column":94}},"22":{"start":{"line":48,"column":4},"end":{"line":48,"column":39}},"23":{"start":{"line":51,"column":4},"end":{"line":51,"column":59}},"24":{"start":{"line":52,"column":4},"end":{"line":52,"column":20}},"25":{"start":{"line":56,"column":0},"end":{"line":56,"column":14}}},"fnMap":{"0":{"name":"testSession","decl":{"start":{"line":6,"column":15},"end":{"line":6,"column":26}},"loc":{"start":{"line":6,"column":29},"end":{"line":54,"column":1}},"line":6}},"branchMap":{"0":{"loc":{"start":{"line":10,"column":4},"end":{"line":14,"column":5}},"type":"if","locations":[{"start":{"line":10,"column":4},"end":{"line":14,"column":5}},{"start":{},"end":{}}],"line":10},"1":{"loc":{"start":{"line":18,"column":28},"end":{"line":18,"column":56}},"type":"binary-expr","locations":[{"start":{"line":18,"column":28},"end":{"line":18,"column":51}},{"start":{"line":18,"column":55},"end":{"line":18,"column":56}}],"line":18},"2":{"loc":{"start":{"line":32,"column":6},"end":{"line":37,"column":7}},"type":"if","locations":[{"start":{"line":32,"column":6},"end":{"line":37,"column":7}},{"start":{"line":35,"column":13},"end":{"line":37,"column":7}}],"line":32},"3":{"loc":{"start":{"line":39,"column":6},"end":{"line":45,"column":7}},"type":"if","locations":[{"start":{"line":39,"column":6},"end":{"line":45,"column":7}},{"start":{"line":42,"column":13},"end":{"line":45,"column":7}}],"line":39},"4":{"loc":{"start":{"line":39,"column":10},"end":{"line":39,"column":67}},"type":"binary-expr","locations":[{"start":{"line":39,"column":10},"end":{"line":39,"column":38}},{"start":{"line":39,"column":42},"end":{"line":39,"column":67}}],"line":39}},"s":{"0":0,"1":0,"2":0,"3":0,"4":0,"5":0,"6":0,"7":0,"8":0,"9":0,"10":0,"11":0,"12":0,"13":0,"14":0,"15":0,"16":0,"17":0,"18":0,"19":0,"20":0,"21":0,"22":0,"23":0,"24":0,"25":0},"f":{"0":0},"b":{"0":[0,0],"1":[0,0],"2":[0,0],"3":[0,0],"4":[0,0]},"inputSourceMap":null}
,"/Users/yuping/Downloads/git/stock-website-crawler/skills/10jqka_backtest/browser/automated-login.js": {"path":"/Users/yuping/Downloads/git/stock-website-crawler/skills/10jqka_backtest/browser/automated-login.js","statementMap":{"0":{"start":{"line":8,"column":18},"end":{"line":8,"column":86}},"1":{"start":{"line":11,"column":19},"end":{"line":11,"column":48}},"2":{"start":{"line":12,"column":19},"end":{"line":12,"column":48}},"3":{"start":{"line":14,"column":2},"end":{"line":17,"column":3}},"4":{"start":{"line":15,"column":4},"end":{"line":15,"column":77}},"5":{"start":{"line":16,"column":4},"end":{"line":16,"column":20}},"6":{"start":{"line":19,"column":2},"end":{"line":19,"column":35}},"7":{"start":{"line":21,"column":18},"end":{"line":24,"column":4}},"8":{"start":{"line":26,"column":18},"end":{"line":29,"column":4}},"9":{"start":{"line":31,"column":15},"end":{"line":31,"column":38}},"10":{"start":{"line":33,"column":2},"end":{"line":87,"column":3}},"11":{"start":{"line":34,"column":4},"end":{"line":34,"column":38}},"12":{"start":{"line":35,"column":4},"end":{"line":35,"column":77}},"13":{"start":{"line":38,"column":22},"end":{"line":38,"column":54}},"14":{"start":{"line":39,"column":4},"end":{"line":71,"column":5}},"15":{"start":{"line":40,"column":6},"end":{"line":40,"column":35}},"16":{"start":{"line":42,"column":6},"end":{"line":42,"column":40}},"17":{"start":{"line":43,"column":6},"end":{"line":43,"column":30}},"18":{"start":{"line":46,"column":6},"end":{"line":46,"column":38}},"19":{"start":{"line":47,"column":28},"end":{"line":47,"column":112}},"20":{"start":{"line":48,"column":20},"end":{"line":48,"column":54}},"21":{"start":{"line":50,"column":6},"end":{"line":50,"column":51}},"22":{"start":{"line":50,"column":18},"end":{"line":50,"column":51}},"23":{"start":{"line":53,"column":6},"end":{"line":53,"column":35}},"24":{"start":{"line":54,"column":6},"end":{"line":54,"column":62}},"25":{"start":{"line":57,"column":6},"end":{"line":57,"column":34}},"26":{"start":{"line":58,"column":6},"end":{"line":58,"column":48}},"27":{"start":{"line":59,"column":6},"end":{"line":59,"column":49}},"28":{"start":{"line":62,"column":6},"end":{"line":62,"column":34}},"29":{"start":{"line":63,"column":6},"end":{"line":63,"column":55}},"30":{"start":{"line":66,"column":6},"end":{"line":66,"column":33}},"31":{"start":{"line":67,"column":6},"end":{"line":67,"column":122}},"32":{"start":{"line":67,"column":39},"end":{"line":67,"column":100}},"33":{"start":{"line":70,"column":6},"end":{"line":70,"column":38}},"34":{"start":{"line":73,"column":20},"end":{"line":73,"column":43}},"35":{"start":{"line":74,"column":4},"end":{"line":74,"column":37}},"36":{"start":{"line":76,"column":4},"end":{"line":76,"column":41}},"37":{"start":{"line":77,"column":4},"end":{"line":77,"column":54}},"38":{"start":{"line":78,"column":4},"end":{"line":78,"column":19}},"39":{"start":{"line":81,"column":4},"end":{"line":81,"column":50}},"40":{"start":{"line":83,"column":4},"end":{"line":83,"column":58}},"41":{"start":{"line":84,"column":4},"end":{"line":84,"column":16}},"42":{"start":{"line":86,"column":4},"end":{"line":86,"column":26}},"43":{"start":{"line":91,"column":0},"end":{"line":96,"column":1}},"44":{"start":{"line":92,"column":2},"end":{"line":95,"column":5}},"45":{"start":{"line":93,"column":4},"end":{"line":93,"column":21}},"46":{"start":{"line":94,"column":4},"end":{"line":94,"column":20}}},"fnMap":{"0":{"name":"login","decl":{"start":{"line":10,"column":22},"end":{"line":10,"column":27}},"loc":{"start":{"line":10,"column":30},"end":{"line":88,"column":1}},"line":10},"1":{"name":"(anonymous_1)","decl":{"start":{"line":54,"column":52},"end":{"line":54,"column":53}},"loc":{"start":{"line":54,"column":58},"end":{"line":54,"column":60}},"line":54},"2":{"name":"(anonymous_2)","decl":{"start":{"line":67,"column":33},"end":{"line":67,"column":34}},"loc":{"start":{"line":67,"column":39},"end":{"line":67,"column":100}},"line":67},"3":{"name":"(anonymous_3)","decl":{"start":{"line":92,"column":16},"end":{"line":92,"column":17}},"loc":{"start":{"line":92,"column":21},"end":{"line":95,"column":3}},"line":92}},"branchMap":{"0":{"loc":{"start":{"line":14,"column":2},"end":{"line":17,"column":3}},"type":"if","locations":[{"start":{"line":14,"column":2},"end":{"line":17,"column":3}},{"start":{},"end":{}}],"line":14},"1":{"loc":{"start":{"line":14,"column":6},"end":{"line":14,"column":28}},"type":"binary-expr","locations":[{"start":{"line":14,"column":6},"end":{"line":14,"column":15}},{"start":{"line":14,"column":19},"end":{"line":14,"column":28}}],"line":14},"2":{"loc":{"start":{"line":39,"column":4},"end":{"line":71,"column":5}},"type":"if","locations":[{"start":{"line":39,"column":4},"end":{"line":71,"column":5}},{"start":{"line":41,"column":11},"end":{"line":71,"column":5}}],"line":39},"3":{"loc":{"start":{"line":50,"column":6},"end":{"line":50,"column":51}},"type":"if","locations":[{"start":{"line":50,"column":6},"end":{"line":50,"column":51}},{"start":{},"end":{}}],"line":50},"4":{"loc":{"start":{"line":91,"column":0},"end":{"line":96,"column":1}},"type":"if","locations":[{"start":{"line":91,"column":0},"end":{"line":96,"column":1}},{"start":{},"end":{}}],"line":91},"5":{"loc":{"start":{"line":91,"column":4},"end":{"line":91,"column":90}},"type":"binary-expr","locations":[{"start":{"line":91,"column":4},"end":{"line":91,"column":39}},{"start":{"line":91,"column":43},"end":{"line":91,"column":90}}],"line":91}},"s":{"0":0,"1":0,"2":0,"3":0,"4":0,"5":0,"6":0,"7":0,"8":0,"9":0,"10":0,"11":0,"12":0,"13":0,"14":0,"15":0,"16":0,"17":0,"18":0,"19":0,"20":0,"21":0,"22":0,"23":0,"24":0,"25":0,"26":0,"27":0,"28":0,"29":0,"30":0,"31":0,"32":0,"33":0,"34":0,"35":0,"36":0,"37":0,"38":0,"39":0,"40":0,"41":0,"42":0,"43":0,"44":0,"45":0,"46":0},"f":{"0":0,"1":0,"2":0,"3":0},"b":{"0":[0,0],"1":[0,0],"2":[0,0],"3":[0,0],"4":[0,0],"5":[0,0]},"inputSourceMap":null}
,"/Users/yuping/Downloads/git/stock-website-crawler/skills/10jqka_backtest/browser/extract-local-session.js": {"path":"/Users/yuping/Downloads/git/stock-website-crawler/skills/10jqka_backtest/browser/extract-local-session.js","statementMap":{"0":{"start":{"line":8,"column":2},"end":{"line":8,"column":52}},"1":{"start":{"line":10,"column":19},"end":{"line":10,"column":59}},"2":{"start":{"line":11,"column":23},"end":{"line":11,"column":74}},"3":{"start":{"line":13,"column":2},"end":{"line":56,"column":3}},"4":{"start":{"line":14,"column":4},"end":{"line":14,"column":60}},"5":{"start":{"line":17,"column":4},"end":{"line":17,"column":58}},"6":{"start":{"line":19,"column":4},"end":{"line":21,"column":5}},"7":{"start":{"line":20,"column":6},"end":{"line":20,"column":42}},"8":{"start":{"line":23,"column":23},"end":{"line":23,"column":68}},"9":{"start":{"line":25,"column":4},"end":{"line":29,"column":5}},"10":{"start":{"line":26,"column":6},"end":{"line":26,"column":65}},"11":{"start":{"line":27,"column":6},"end":{"line":27,"column":75}},"12":{"start":{"line":28,"column":6},"end":{"line":28,"column":22}},"13":{"start":{"line":32,"column":29},"end":{"line":41,"column":7}},"14":{"start":{"line":32,"column":50},"end":{"line":41,"column":5}},"15":{"start":{"line":43,"column":4},"end":{"line":43,"column":63}},"16":{"start":{"line":45,"column":4},"end":{"line":45,"column":69}},"17":{"start":{"line":47,"column":4},"end":{"line":47,"column":45}},"18":{"start":{"line":50,"column":4},"end":{"line":50,"column":49}},"19":{"start":{"line":50,"column":10},"end":{"line":50,"column":34}},"20":{"start":{"line":53,"column":4},"end":{"line":53,"column":50}},"21":{"start":{"line":54,"column":4},"end":{"line":54,"column":54}},"22":{"start":{"line":55,"column":4},"end":{"line":55,"column":20}},"23":{"start":{"line":59,"column":0},"end":{"line":59,"column":28}}},"fnMap":{"0":{"name":"main","decl":{"start":{"line":7,"column":15},"end":{"line":7,"column":19}},"loc":{"start":{"line":7,"column":22},"end":{"line":57,"column":1}},"line":7},"1":{"name":"(anonymous_1)","decl":{"start":{"line":32,"column":44},"end":{"line":32,"column":45}},"loc":{"start":{"line":32,"column":50},"end":{"line":41,"column":5}},"line":32}},"branchMap":{"0":{"loc":{"start":{"line":19,"column":4},"end":{"line":21,"column":5}},"type":"if","locations":[{"start":{"line":19,"column":4},"end":{"line":21,"column":5}},{"start":{},"end":{}}],"line":19},"1":{"loc":{"start":{"line":25,"column":4},"end":{"line":29,"column":5}},"type":"if","locations":[{"start":{"line":25,"column":4},"end":{"line":29,"column":5}},{"start":{},"end":{}}],"line":25},"2":{"loc":{"start":{"line":25,"column":8},"end":{"line":25,"column":46}},"type":"binary-expr","locations":[{"start":{"line":25,"column":8},"end":{"line":25,"column":19}},{"start":{"line":25,"column":23},"end":{"line":25,"column":46}}],"line":25},"3":{"loc":{"start":{"line":37,"column":15},"end":{"line":37,"column":30}},"type":"binary-expr","locations":[{"start":{"line":37,"column":15},"end":{"line":37,"column":24}},{"start":{"line":37,"column":28},"end":{"line":37,"column":30}}],"line":37}},"s":{"0":0,"1":0,"2":0,"3":0,"4":0,"5":0,"6":0,"7":0,"8":0,"9":0,"10":0,"11":0,"12":0,"13":0,"14":0,"15":0,"16":0,"17":0,"18":0,"19":0,"20":0,"21":0,"22":0,"23":0},"f":{"0":0,"1":0},"b":{"0":[0,0],"1":[0,0],"2":[0,0],"3":[0,0]},"inputSourceMap":null}
,"/Users/yuping/Downloads/git/stock-website-crawler/skills/10jqka_backtest/browser/manual-login-capture.js": {"path":"/Users/yuping/Downloads/git/stock-website-crawler/skills/10jqka_backtest/browser/manual-login-capture.js","statementMap":{"0":{"start":{"line":6,"column":18},"end":{"line":6,"column":86}},"1":{"start":{"line":9,"column":2},"end":{"line":9,"column":34}},"2":{"start":{"line":11,"column":18},"end":{"line":13,"column":4}},"3":{"start":{"line":15,"column":18},"end":{"line":18,"column":4}},"4":{"start":{"line":21,"column":2},"end":{"line":31,"column":3}},"5":{"start":{"line":22,"column":4},"end":{"line":28,"column":5}},"6":{"start":{"line":23,"column":22},"end":{"line":23,"column":71}},"7":{"start":{"line":24,"column":6},"end":{"line":27,"column":7}},"8":{"start":{"line":25,"column":8},"end":{"line":25,"column":50}},"9":{"start":{"line":26,"column":8},"end":{"line":26,"column":63}},"10":{"start":{"line":30,"column":4},"end":{"line":30,"column":38}},"11":{"start":{"line":33,"column":15},"end":{"line":33,"column":38}},"12":{"start":{"line":34,"column":21},"end":{"line":34,"column":23}},"13":{"start":{"line":36,"column":2},"end":{"line":65,"column":5}},"14":{"start":{"line":37,"column":16},"end":{"line":37,"column":30}},"15":{"start":{"line":38,"column":4},"end":{"line":64,"column":5}},"16":{"start":{"line":39,"column":26},"end":{"line":39,"column":66}},"17":{"start":{"line":40,"column":6},"end":{"line":63,"column":7}},"18":{"start":{"line":41,"column":8},"end":{"line":62,"column":21}},"19":{"start":{"line":42,"column":22},"end":{"line":42,"column":40}},"20":{"start":{"line":43,"column":25},"end":{"line":49,"column":11}},"21":{"start":{"line":51,"column":10},"end":{"line":61,"column":11}},"22":{"start":{"line":52,"column":25},"end":{"line":52,"column":46}},"23":{"start":{"line":53,"column":12},"end":{"line":53,"column":58}},"24":{"start":{"line":54,"column":12},"end":{"line":54,"column":36}},"25":{"start":{"line":57,"column":12},"end":{"line":60,"column":13}},"26":{"start":{"line":58,"column":15},"end":{"line":58,"column":52}},"27":{"start":{"line":59,"column":15},"end":{"line":59,"column":60}},"28":{"start":{"line":67,"column":2},"end":{"line":67,"column":36}},"29":{"start":{"line":68,"column":2},"end":{"line":68,"column":68}},"30":{"start":{"line":70,"column":2},"end":{"line":70,"column":61}},"31":{"start":{"line":71,"column":2},"end":{"line":71,"column":28}},"32":{"start":{"line":72,"column":2},"end":{"line":72,"column":47}},"33":{"start":{"line":73,"column":2},"end":{"line":73,"column":46}},"34":{"start":{"line":74,"column":2},"end":{"line":74,"column":37}},"35":{"start":{"line":75,"column":2},"end":{"line":75,"column":61}},"36":{"start":{"line":78,"column":2},"end":{"line":78,"column":36}},"37":{"start":{"line":81,"column":2},"end":{"line":81,"column":47}},"38":{"start":{"line":82,"column":2},"end":{"line":82,"column":24}},"39":{"start":{"line":83,"column":2},"end":{"line":83,"column":24}},"40":{"start":{"line":87,"column":18},"end":{"line":87,"column":41}},"41":{"start":{"line":88,"column":22},"end":{"line":92,"column":3}},"42":{"start":{"line":94,"column":2},"end":{"line":94,"column":71}},"43":{"start":{"line":95,"column":2},"end":{"line":98,"column":4}},"44":{"start":{"line":100,"column":2},"end":{"line":100,"column":50}},"45":{"start":{"line":101,"column":2},"end":{"line":101,"column":60}},"46":{"start":{"line":104,"column":0},"end":{"line":104,"column":28}}},"fnMap":{"0":{"name":"main","decl":{"start":{"line":8,"column":15},"end":{"line":8,"column":19}},"loc":{"start":{"line":8,"column":22},"end":{"line":84,"column":1}},"line":8},"1":{"name":"(anonymous_1)","decl":{"start":{"line":36,"column":22},"end":{"line":36,"column":23}},"loc":{"start":{"line":36,"column":42},"end":{"line":65,"column":3}},"line":36},"2":{"name":"saveSession","decl":{"start":{"line":86,"column":15},"end":{"line":86,"column":26}},"loc":{"start":{"line":86,"column":54},"end":{"line":102,"column":1}},"line":86}},"branchMap":{"0":{"loc":{"start":{"line":22,"column":4},"end":{"line":28,"column":5}},"type":"if","locations":[{"start":{"line":22,"column":4},"end":{"line":28,"column":5}},{"start":{},"end":{}}],"line":22},"1":{"loc":{"start":{"line":24,"column":6},"end":{"line":27,"column":7}},"type":"if","locations":[{"start":{"line":24,"column":6},"end":{"line":27,"column":7}},{"start":{},"end":{}}],"line":24},"2":{"loc":{"start":{"line":24,"column":10},"end":{"line":24,"column":55}},"type":"binary-expr","locations":[{"start":{"line":24,"column":10},"end":{"line":24,"column":25}},{"start":{"line":24,"column":29},"end":{"line":24,"column":55}}],"line":24},"3":{"loc":{"start":{"line":38,"column":4},"end":{"line":64,"column":5}},"type":"if","locations":[{"start":{"line":38,"column":4},"end":{"line":64,"column":5}},{"start":{},"end":{}}],"line":38},"4":{"loc":{"start":{"line":38,"column":8},"end":{"line":38,"column":74}},"type":"binary-expr","locations":[{"start":{"line":38,"column":8},"end":{"line":38,"column":27}},{"start":{"line":38,"column":31},"end":{"line":38,"column":74}}],"line":38},"5":{"loc":{"start":{"line":39,"column":26},"end":{"line":39,"column":66}},"type":"binary-expr","locations":[{"start":{"line":39,"column":26},"end":{"line":39,"column":60}},{"start":{"line":39,"column":64},"end":{"line":39,"column":66}}],"line":39},"6":{"loc":{"start":{"line":40,"column":6},"end":{"line":63,"column":7}},"type":"if","locations":[{"start":{"line":40,"column":6},"end":{"line":63,"column":7}},{"start":{},"end":{}}],"line":40},"7":{"loc":{"start":{"line":40,"column":10},"end":{"line":40,"column":112}},"type":"binary-expr","locations":[{"start":{"line":40,"column":10},"end":{"line":40,"column":50}},{"start":{"line":40,"column":54},"end":{"line":40,"column":87}},{"start":{"line":40,"column":91},"end":{"line":40,"column":112}}],"line":40},"8":{"loc":{"start":{"line":51,"column":10},"end":{"line":61,"column":11}},"type":"if","locations":[{"start":{"line":51,"column":10},"end":{"line":61,"column":11}},{"start":{},"end":{}}],"line":51},"9":{"loc":{"start":{"line":51,"column":14},"end":{"line":51,"column":96}},"type":"binary-expr","locations":[{"start":{"line":51,"column":14},"end":{"line":51,"column":43}},{"start":{"line":51,"column":47},"end":{"line":51,"column":67}},{"start":{"line":51,"column":71},"end":{"line":51,"column":96}}],"line":51},"10":{"loc":{"start":{"line":57,"column":12},"end":{"line":60,"column":13}},"type":"if","locations":[{"start":{"line":57,"column":12},"end":{"line":60,"column":13}},{"start":{},"end":{}}],"line":57},"11":{"loc":{"start":{"line":57,"column":16},"end":{"line":57,"column":67}},"type":"binary-expr","locations":[{"start":{"line":57,"column":16},"end":{"line":57,"column":41}},{"start":{"line":57,"column":45},"end":{"line":57,"column":67}}],"line":57}},"s":{"0":0,"1":0,"2":0,"3":0,"4":0,"5":0,"6":0,"7":0,"8":0,"9":0,"10":0,"11":0,"12":0,"13":0,"14":0,"15":0,"16":0,"17":0,"18":0,"19":0,"20":0,"21":0,"22":0,"23":0,"24":0,"25":0,"26":0,"27":0,"28":0,"29":0,"30":0,"31":0,"32":0,"33":0,"34":0,"35":0,"36":0,"37":0,"38":0,"39":0,"40":0,"41":0,"42":0,"43":0,"44":0,"45":0,"46":0},"f":{"0":0,"1":0,"2":0},"b":{"0":[0,0],"1":[0,0],"2":[0,0],"3":[0,0],"4":[0,0],"5":[0,0],"6":[0,0],"7":[0,0,0],"8":[0,0],"9":[0,0,0],"10":[0,0],"11":[0,0]},"inputSourceMap":null}
,"/Users/yuping/Downloads/git/stock-website-crawler/skills/10jqka_backtest/browser/session-manager.js": {"path":"/Users/yuping/Downloads/git/stock-website-crawler/skills/10jqka_backtest/browser/session-manager.js","statementMap":{"0":{"start":{"line":6,"column":2},"end":{"line":6,"column":48}},"1":{"start":{"line":6,"column":36},"end":{"line":6,"column":48}},"2":{"start":{"line":7,"column":2},"end":{"line":11,"column":3}},"3":{"start":{"line":8,"column":4},"end":{"line":8,"column":61}},"4":{"start":{"line":10,"column":4},"end":{"line":10,"column":16}},"5":{"start":{"line":15,"column":22},"end":{"line":19,"column":3}},"6":{"start":{"line":20,"column":14},"end":{"line":20,"column":40}},"7":{"start":{"line":21,"column":2},"end":{"line":21,"column":66}},"8":{"start":{"line":21,"column":27},"end":{"line":21,"column":66}},"9":{"start":{"line":22,"column":2},"end":{"line":22,"column":79}},"10":{"start":{"line":23,"column":2},"end":{"line":23,"column":21}},"11":{"start":{"line":27,"column":2},"end":{"line":27,"column":81}},"12":{"start":{"line":27,"column":68},"end":{"line":27,"column":81}},"13":{"start":{"line":30,"column":23},"end":{"line":32,"column":3}},"14":{"start":{"line":31,"column":4},"end":{"line":31,"column":78}},"15":{"start":{"line":34,"column":2},"end":{"line":34,"column":34}},"16":{"start":{"line":34,"column":21},"end":{"line":34,"column":34}},"17":{"start":{"line":37,"column":27},"end":{"line":37,"column":50}},"18":{"start":{"line":38,"column":20},"end":{"line":38,"column":76}},"19":{"start":{"line":40,"column":2},"end":{"line":40,"column":20}}},"fnMap":{"0":{"name":"loadSession","decl":{"start":{"line":5,"column":16},"end":{"line":5,"column":27}},"loc":{"start":{"line":5,"column":30},"end":{"line":12,"column":1}},"line":5},"1":{"name":"saveSession","decl":{"start":{"line":14,"column":16},"end":{"line":14,"column":27}},"loc":{"start":{"line":14,"column":47},"end":{"line":24,"column":1}},"line":14},"2":{"name":"isSessionValid","decl":{"start":{"line":26,"column":16},"end":{"line":26,"column":30}},"loc":{"start":{"line":26,"column":40},"end":{"line":41,"column":1}},"line":26},"3":{"name":"(anonymous_3)","decl":{"start":{"line":30,"column":44},"end":{"line":30,"column":45}},"loc":{"start":{"line":31,"column":4},"end":{"line":31,"column":78}},"line":31}},"branchMap":{"0":{"loc":{"start":{"line":6,"column":2},"end":{"line":6,"column":48}},"type":"if","locations":[{"start":{"line":6,"column":2},"end":{"line":6,"column":48}},{"start":{},"end":{}}],"line":6},"1":{"loc":{"start":{"line":14,"column":37},"end":{"line":14,"column":45}},"type":"default-arg","locations":[{"start":{"line":14,"column":43},"end":{"line":14,"column":45}}],"line":14},"2":{"loc":{"start":{"line":21,"column":2},"end":{"line":21,"column":66}},"type":"if","locations":[{"start":{"line":21,"column":2},"end":{"line":21,"column":66}},{"start":{},"end":{}}],"line":21},"3":{"loc":{"start":{"line":27,"column":2},"end":{"line":27,"column":81}},"type":"if","locations":[{"start":{"line":27,"column":2},"end":{"line":27,"column":81}},{"start":{},"end":{}}],"line":27},"4":{"loc":{"start":{"line":27,"column":6},"end":{"line":27,"column":66}},"type":"binary-expr","locations":[{"start":{"line":27,"column":6},"end":{"line":27,"column":14}},{"start":{"line":27,"column":18},"end":{"line":27,"column":34}},{"start":{"line":27,"column":38},"end":{"line":27,"column":66}}],"line":27},"5":{"loc":{"start":{"line":31,"column":4},"end":{"line":31,"column":78}},"type":"binary-expr","locations":[{"start":{"line":31,"column":4},"end":{"line":31,"column":24}},{"start":{"line":31,"column":28},"end":{"line":31,"column":50}},{"start":{"line":31,"column":54},"end":{"line":31,"column":78}}],"line":31},"6":{"loc":{"start":{"line":34,"column":2},"end":{"line":34,"column":34}},"type":"if","locations":[{"start":{"line":34,"column":2},"end":{"line":34,"column":34}},{"start":{},"end":{}}],"line":34},"7":{"loc":{"start":{"line":38,"column":34},"end":{"line":38,"column":56}},"type":"binary-expr","locations":[{"start":{"line":38,"column":34},"end":{"line":38,"column":51}},{"start":{"line":38,"column":55},"end":{"line":38,"column":56}}],"line":38}},"s":{"0":0,"1":0,"2":0,"3":0,"4":0,"5":0,"6":0,"7":0,"8":0,"9":0,"10":0,"11":0,"12":0,"13":0,"14":0,"15":0,"16":0,"17":0,"18":0,"19":0},"f":{"0":0,"1":0,"2":0,"3":0},"b":{"0":[0,0],"1":[0],"2":[0,0],"3":[0,0],"4":[0,0,0],"5":[0,0,0],"6":[0,0],"7":[0,0]},"inputSourceMap":null}
,"/Users/yuping/Downloads/git/stock-website-crawler/skills/10jqka_backtest/lib/anti-detection.js": {"path":"/Users/yuping/Downloads/git/stock-website-crawler/skills/10jqka_backtest/lib/anti-detection.js","statementMap":{"0":{"start":{"line":18,"column":24},"end":{"line":27,"column":5}},"1":{"start":{"line":29,"column":20},"end":{"line":33,"column":6}},"2":{"start":{"line":35,"column":4},"end":{"line":35,"column":19}},"3":{"start":{"line":43,"column":4},"end":{"line":99,"column":7}},"4":{"start":{"line":45,"column":6},"end":{"line":48,"column":9}},"5":{"start":{"line":46,"column":19},"end":{"line":46,"column":28}},"6":{"start":{"line":51,"column":6},"end":{"line":58,"column":9}},"7":{"start":{"line":52,"column":19},"end":{"line":56,"column":9}},"8":{"start":{"line":61,"column":6},"end":{"line":66,"column":8}},"9":{"start":{"line":69,"column":28},"end":{"line":69,"column":62}},"10":{"start":{"line":70,"column":6},"end":{"line":74,"column":8}},"11":{"start":{"line":71,"column":8},"end":{"line":73,"column":35}},"12":{"start":{"line":77,"column":6},"end":{"line":80,"column":9}},"13":{"start":{"line":78,"column":19},"end":{"line":78,"column":49}},"14":{"start":{"line":83,"column":6},"end":{"line":86,"column":9}},"15":{"start":{"line":84,"column":19},"end":{"line":84,"column":20}},"16":{"start":{"line":89,"column":6},"end":{"line":92,"column":9}},"17":{"start":{"line":90,"column":19},"end":{"line":90,"column":20}},"18":{"start":{"line":95,"column":40},"end":{"line":95,"column":72}},"19":{"start":{"line":96,"column":6},"end":{"line":98,"column":8}},"20":{"start":{"line":97,"column":8},"end":{"line":97,"column":20}},"21":{"start":{"line":108,"column":27},"end":{"line":118,"column":5}},"22":{"start":{"line":120,"column":4},"end":{"line":123,"column":7}},"23":{"start":{"line":133,"column":18},"end":{"line":133,"column":51}},"24":{"start":{"line":134,"column":4},"end":{"line":134,"column":61}},"25":{"start":{"line":134,"column":33},"end":{"line":134,"column":59}},"26":{"start":{"line":142,"column":23},"end":{"line":148,"column":5}},"27":{"start":{"line":149,"column":4},"end":{"line":149,"column":69}},"28":{"start":{"line":158,"column":14},"end":{"line":158,"column":39}},"29":{"start":{"line":159,"column":14},"end":{"line":159,"column":39}},"30":{"start":{"line":160,"column":4},"end":{"line":160,"column":47}},"31":{"start":{"line":163,"column":4},"end":{"line":165,"column":7}},"32":{"start":{"line":164,"column":6},"end":{"line":164,"column":46}},"33":{"start":{"line":167,"column":4},"end":{"line":167,"column":38}},"34":{"start":{"line":181,"column":8},"end":{"line":181,"column":15}},"35":{"start":{"line":183,"column":4},"end":{"line":209,"column":5}},"36":{"start":{"line":183,"column":17},"end":{"line":183,"column":18}},"37":{"start":{"line":184,"column":6},"end":{"line":208,"column":7}},"38":{"start":{"line":185,"column":25},"end":{"line":185,"column":40}},"39":{"start":{"line":187,"column":8},"end":{"line":189,"column":9}},"40":{"start":{"line":188,"column":10},"end":{"line":188,"column":26}},"41":{"start":{"line":192,"column":8},"end":{"line":197,"column":9}},"42":{"start":{"line":193,"column":24},"end":{"line":193,"column":74}},"43":{"start":{"line":194,"column":10},"end":{"line":194,"column":74}},"44":{"start":{"line":195,"column":10},"end":{"line":195,"column":54}},"45":{"start":{"line":196,"column":10},"end":{"line":196,"column":19}},"46":{"start":{"line":199,"column":8},"end":{"line":199,"column":75}},"47":{"start":{"line":201,"column":8},"end":{"line":203,"column":9}},"48":{"start":{"line":202,"column":10},"end":{"line":202,"column":22}},"49":{"start":{"line":205,"column":22},"end":{"line":205,"column":72}},"50":{"start":{"line":206,"column":8},"end":{"line":206,"column":90}},"51":{"start":{"line":207,"column":8},"end":{"line":207,"column":52}},"52":{"start":{"line":218,"column":4},"end":{"line":231,"column":6}},"53":{"start":{"line":240,"column":4},"end":{"line":240,"column":35}},"54":{"start":{"line":241,"column":4},"end":{"line":241,"column":60}},"55":{"start":{"line":242,"column":4},"end":{"line":242,"column":43}},"56":{"start":{"line":250,"column":4},"end":{"line":256,"column":5}},"57":{"start":{"line":251,"column":17},"end":{"line":251,"column":44}},"58":{"start":{"line":252,"column":22},"end":{"line":252,"column":66}},"59":{"start":{"line":253,"column":6},"end":{"line":253,"column":33}},"60":{"start":{"line":255,"column":6},"end":{"line":255,"column":18}},"61":{"start":{"line":264,"column":15},"end":{"line":264,"column":42}},"62":{"start":{"line":265,"column":17},"end":{"line":265,"column":37}},"63":{"start":{"line":268,"column":16},"end":{"line":268,"column":46}},"64":{"start":{"line":269,"column":4},"end":{"line":269,"column":45}},"65":{"start":{"line":272,"column":4},"end":{"line":272,"column":50}},"66":{"start":{"line":274,"column":4},"end":{"line":278,"column":6}},"67":{"start":{"line":286,"column":20},"end":{"line":286,"column":37}},"68":{"start":{"line":287,"column":4},"end":{"line":289,"column":5}},"69":{"start":{"line":288,"column":6},"end":{"line":288,"column":19}},"70":{"start":{"line":292,"column":16},"end":{"line":292,"column":67}},"71":{"start":{"line":293,"column":4},"end":{"line":296,"column":5}},"72":{"start":{"line":294,"column":6},"end":{"line":294,"column":48}},"73":{"start":{"line":295,"column":6},"end":{"line":295,"column":19}},"74":{"start":{"line":299,"column":4},"end":{"line":301,"column":5}},"75":{"start":{"line":300,"column":6},"end":{"line":300,"column":57}},"76":{"start":{"line":303,"column":4},"end":{"line":303,"column":16}},"77":{"start":{"line":312,"column":4},"end":{"line":314,"column":5}},"78":{"start":{"line":313,"column":6},"end":{"line":313,"column":18}},"79":{"start":{"line":316,"column":4},"end":{"line":332,"column":5}},"80":{"start":{"line":317,"column":27},"end":{"line":319,"column":19}},"81":{"start":{"line":318,"column":18},"end":{"line":318,"column":40}},"82":{"start":{"line":321,"column":23},"end":{"line":326,"column":8}},"83":{"start":{"line":328,"column":6},"end":{"line":328,"column":25}},"84":{"start":{"line":330,"column":6},"end":{"line":330,"column":64}},"85":{"start":{"line":331,"column":6},"end":{"line":331,"column":19}},"86":{"start":{"line":339,"column":4},"end":{"line":344,"column":5}},"87":{"start":{"line":340,"column":17},"end":{"line":340,"column":44}},"88":{"start":{"line":341,"column":6},"end":{"line":341,"column":40}},"89":{"start":{"line":353,"column":4},"end":{"line":353,"column":45}},"90":{"start":{"line":354,"column":4},"end":{"line":354,"column":45}},"91":{"start":{"line":355,"column":4},"end":{"line":355,"column":29}},"92":{"start":{"line":362,"column":16},"end":{"line":362,"column":26}},"93":{"start":{"line":363,"column":33},"end":{"line":363,"column":59}},"94":{"start":{"line":364,"column":18},"end":{"line":364,"column":81}},"95":{"start":{"line":366,"column":4},"end":{"line":370,"column":5}},"96":{"start":{"line":367,"column":6},"end":{"line":369,"column":8}},"97":{"start":{"line":368,"column":8},"end":{"line":368,"column":57}},"98":{"start":{"line":372,"column":4},"end":{"line":372,"column":38}}},"fnMap":{"0":{"name":"(anonymous_0)","decl":{"start":{"line":17,"column":2},"end":{"line":17,"column":3}},"loc":{"start":{"line":17,"column":42},"end":{"line":36,"column":3}},"line":17},"1":{"name":"(anonymous_1)","decl":{"start":{"line":42,"column":2},"end":{"line":42,"column":3}},"loc":{"start":{"line":42,"column":41},"end":{"line":100,"column":3}},"line":42},"2":{"name":"(anonymous_2)","decl":{"start":{"line":43,"column":29},"end":{"line":43,"column":30}},"loc":{"start":{"line":43,"column":35},"end":{"line":99,"column":5}},"line":43},"3":{"name":"(anonymous_3)","decl":{"start":{"line":46,"column":13},"end":{"line":46,"column":14}},"loc":{"start":{"line":46,"column":19},"end":{"line":46,"column":28}},"line":46},"4":{"name":"(anonymous_4)","decl":{"start":{"line":52,"column":13},"end":{"line":52,"column":14}},"loc":{"start":{"line":52,"column":19},"end":{"line":56,"column":9}},"line":52},"5":{"name":"(anonymous_5)","decl":{"start":{"line":63,"column":19},"end":{"line":63,"column":20}},"loc":{"start":{"line":63,"column":30},"end":{"line":63,"column":32}},"line":63},"6":{"name":"(anonymous_6)","decl":{"start":{"line":64,"column":13},"end":{"line":64,"column":14}},"loc":{"start":{"line":64,"column":24},"end":{"line":64,"column":26}},"line":64},"7":{"name":"(anonymous_7)","decl":{"start":{"line":70,"column":43},"end":{"line":70,"column":44}},"loc":{"start":{"line":71,"column":8},"end":{"line":73,"column":35}},"line":71},"8":{"name":"(anonymous_8)","decl":{"start":{"line":78,"column":13},"end":{"line":78,"column":14}},"loc":{"start":{"line":78,"column":19},"end":{"line":78,"column":49}},"line":78},"9":{"name":"(anonymous_9)","decl":{"start":{"line":84,"column":13},"end":{"line":84,"column":14}},"loc":{"start":{"line":84,"column":19},"end":{"line":84,"column":20}},"line":84},"10":{"name":"(anonymous_10)","decl":{"start":{"line":90,"column":13},"end":{"line":90,"column":14}},"loc":{"start":{"line":90,"column":19},"end":{"line":90,"column":20}},"line":90},"11":{"name":"(anonymous_11)","decl":{"start":{"line":96,"column":41},"end":{"line":96,"column":42}},"loc":{"start":{"line":96,"column":52},"end":{"line":98,"column":7}},"line":96},"12":{"name":"(anonymous_12)","decl":{"start":{"line":107,"column":2},"end":{"line":107,"column":3}},"loc":{"start":{"line":107,"column":61},"end":{"line":124,"column":3}},"line":107},"13":{"name":"(anonymous_13)","decl":{"start":{"line":132,"column":2},"end":{"line":132,"column":3}},"loc":{"start":{"line":132,"column":51},"end":{"line":135,"column":3}},"line":132},"14":{"name":"(anonymous_14)","decl":{"start":{"line":134,"column":22},"end":{"line":134,"column":23}},"loc":{"start":{"line":134,"column":33},"end":{"line":134,"column":59}},"line":134},"15":{"name":"(anonymous_15)","decl":{"start":{"line":141,"column":2},"end":{"line":141,"column":3}},"loc":{"start":{"line":141,"column":30},"end":{"line":150,"column":3}},"line":141},"16":{"name":"(anonymous_16)","decl":{"start":{"line":156,"column":2},"end":{"line":156,"column":3}},"loc":{"start":{"line":156,"column":43},"end":{"line":168,"column":3}},"line":156},"17":{"name":"(anonymous_17)","decl":{"start":{"line":163,"column":24},"end":{"line":163,"column":25}},"loc":{"start":{"line":163,"column":30},"end":{"line":165,"column":5}},"line":163},"18":{"name":"(anonymous_18)","decl":{"start":{"line":176,"column":2},"end":{"line":176,"column":3}},"loc":{"start":{"line":176,"column":53},"end":{"line":210,"column":3}},"line":176},"19":{"name":"(anonymous_19)","decl":{"start":{"line":217,"column":2},"end":{"line":217,"column":3}},"loc":{"start":{"line":217,"column":52},"end":{"line":232,"column":3}},"line":217},"20":{"name":"(anonymous_20)","decl":{"start":{"line":239,"column":2},"end":{"line":239,"column":3}},"loc":{"start":{"line":239,"column":41},"end":{"line":243,"column":3}},"line":239},"21":{"name":"(anonymous_21)","decl":{"start":{"line":249,"column":2},"end":{"line":249,"column":3}},"loc":{"start":{"line":249,"column":15},"end":{"line":257,"column":3}},"line":249},"22":{"name":"(anonymous_22)","decl":{"start":{"line":263,"column":2},"end":{"line":263,"column":3}},"loc":{"start":{"line":263,"column":22},"end":{"line":279,"column":3}},"line":263},"23":{"name":"(anonymous_23)","decl":{"start":{"line":285,"column":2},"end":{"line":285,"column":3}},"loc":{"start":{"line":285,"column":18},"end":{"line":304,"column":3}},"line":285},"24":{"name":"(anonymous_24)","decl":{"start":{"line":311,"column":2},"end":{"line":311,"column":3}},"loc":{"start":{"line":311,"column":33},"end":{"line":333,"column":3}},"line":311},"25":{"name":"(anonymous_25)","decl":{"start":{"line":318,"column":13},"end":{"line":318,"column":14}},"loc":{"start":{"line":318,"column":18},"end":{"line":318,"column":40}},"line":318},"26":{"name":"(anonymous_26)","decl":{"start":{"line":338,"column":2},"end":{"line":338,"column":3}},"loc":{"start":{"line":338,"column":16},"end":{"line":345,"column":3}},"line":338},"27":{"name":"(anonymous_27)","decl":{"start":{"line":352,"column":2},"end":{"line":352,"column":3}},"loc":{"start":{"line":352,"column":28},"end":{"line":356,"column":3}},"line":352},"28":{"name":"(anonymous_28)","decl":{"start":{"line":361,"column":2},"end":{"line":361,"column":3}},"loc":{"start":{"line":361,"column":15},"end":{"line":373,"column":3}},"line":361},"29":{"name":"(anonymous_29)","decl":{"start":{"line":367,"column":24},"end":{"line":367,"column":25}},"loc":{"start":{"line":368,"column":8},"end":{"line":368,"column":57}},"line":368}},"branchMap":{"0":{"loc":{"start":{"line":17,"column":28},"end":{"line":17,"column":40}},"type":"default-arg","locations":[{"start":{"line":17,"column":38},"end":{"line":17,"column":40}}],"line":17},"1":{"loc":{"start":{"line":31,"column":33},"end":{"line":31,"column":51}},"type":"binary-expr","locations":[{"start":{"line":31,"column":33},"end":{"line":31,"column":45}},{"start":{"line":31,"column":49},"end":{"line":31,"column":51}}],"line":31},"2":{"loc":{"start":{"line":71,"column":8},"end":{"line":73,"column":35}},"type":"cond-expr","locations":[{"start":{"line":72,"column":10},"end":{"line":72,"column":61}},{"start":{"line":73,"column":10},"end":{"line":73,"column":35}}],"line":71},"3":{"loc":{"start":{"line":107,"column":41},"end":{"line":107,"column":59}},"type":"default-arg","locations":[{"start":{"line":107,"column":57},"end":{"line":107,"column":59}}],"line":107},"4":{"loc":{"start":{"line":132,"column":27},"end":{"line":132,"column":37}},"type":"default-arg","locations":[{"start":{"line":132,"column":33},"end":{"line":132,"column":37}}],"line":132},"5":{"loc":{"start":{"line":132,"column":39},"end":{"line":132,"column":49}},"type":"default-arg","locations":[{"start":{"line":132,"column":45},"end":{"line":132,"column":49}}],"line":132},"6":{"loc":{"start":{"line":176,"column":39},"end":{"line":176,"column":51}},"type":"default-arg","locations":[{"start":{"line":176,"column":49},"end":{"line":176,"column":51}}],"line":176},"7":{"loc":{"start":{"line":178,"column":6},"end":{"line":178,"column":20}},"type":"default-arg","locations":[{"start":{"line":178,"column":19},"end":{"line":178,"column":20}}],"line":178},"8":{"loc":{"start":{"line":179,"column":6},"end":{"line":179,"column":23}},"type":"default-arg","locations":[{"start":{"line":179,"column":19},"end":{"line":179,"column":23}}],"line":179},"9":{"loc":{"start":{"line":180,"column":6},"end":{"line":180,"column":20}},"type":"default-arg","locations":[{"start":{"line":180,"column":16},"end":{"line":180,"column":20}}],"line":180},"10":{"loc":{"start":{"line":187,"column":8},"end":{"line":189,"column":9}},"type":"if","locations":[{"start":{"line":187,"column":8},"end":{"line":189,"column":9}},{"start":{},"end":{}}],"line":187},"11":{"loc":{"start":{"line":192,"column":8},"end":{"line":197,"column":9}},"type":"if","locations":[{"start":{"line":192,"column":8},"end":{"line":197,"column":9}},{"start":{},"end":{}}],"line":192},"12":{"loc":{"start":{"line":193,"column":24},"end":{"line":193,"column":74}},"type":"cond-expr","locations":[{"start":{"line":193,"column":34},"end":{"line":193,"column":61}},{"start":{"line":193,"column":64},"end":{"line":193,"column":74}}],"line":193},"13":{"loc":{"start":{"line":201,"column":8},"end":{"line":203,"column":9}},"type":"if","locations":[{"start":{"line":201,"column":8},"end":{"line":203,"column":9}},{"start":{},"end":{}}],"line":201},"14":{"loc":{"start":{"line":205,"column":22},"end":{"line":205,"column":72}},"type":"cond-expr","locations":[{"start":{"line":205,"column":32},"end":{"line":205,"column":59}},{"start":{"line":205,"column":62},"end":{"line":205,"column":72}}],"line":205},"15":{"loc":{"start":{"line":217,"column":32},"end":{"line":217,"column":50}},"type":"default-arg","locations":[{"start":{"line":217,"column":48},"end":{"line":217,"column":50}}],"line":217},"16":{"loc":{"start":{"line":239,"column":27},"end":{"line":239,"column":39}},"type":"default-arg","locations":[{"start":{"line":239,"column":37},"end":{"line":239,"column":39}}],"line":239},"17":{"loc":{"start":{"line":241,"column":18},"end":{"line":241,"column":59}},"type":"binary-expr","locations":[{"start":{"line":241,"column":18},"end":{"line":241,"column":32}},{"start":{"line":241,"column":36},"end":{"line":241,"column":59}}],"line":241},"18":{"loc":{"start":{"line":287,"column":4},"end":{"line":289,"column":5}},"type":"if","locations":[{"start":{"line":287,"column":4},"end":{"line":289,"column":5}},{"start":{},"end":{}}],"line":287},"19":{"loc":{"start":{"line":287,"column":8},"end":{"line":287,"column":39}},"type":"binary-expr","locations":[{"start":{"line":287,"column":8},"end":{"line":287,"column":16}},{"start":{"line":287,"column":20},"end":{"line":287,"column":39}}],"line":287},"20":{"loc":{"start":{"line":293,"column":4},"end":{"line":296,"column":5}},"type":"if","locations":[{"start":{"line":293,"column":4},"end":{"line":296,"column":5}},{"start":{},"end":{}}],"line":293},"21":{"loc":{"start":{"line":299,"column":4},"end":{"line":301,"column":5}},"type":"if","locations":[{"start":{"line":299,"column":4},"end":{"line":301,"column":5}},{"start":{},"end":{}}],"line":299},"22":{"loc":{"start":{"line":299,"column":8},"end":{"line":299,"column":43}},"type":"binary-expr","locations":[{"start":{"line":299,"column":8},"end":{"line":299,"column":24}},{"start":{"line":299,"column":28},"end":{"line":299,"column":43}}],"line":299},"23":{"loc":{"start":{"line":312,"column":4},"end":{"line":314,"column":5}},"type":"if","locations":[{"start":{"line":312,"column":4},"end":{"line":314,"column":5}},{"start":{},"end":{}}],"line":312},"24":{"loc":{"start":{"line":352,"column":14},"end":{"line":352,"column":26}},"type":"default-arg","locations":[{"start":{"line":352,"column":24},"end":{"line":352,"column":26}}],"line":352},"25":{"loc":{"start":{"line":353,"column":20},"end":{"line":353,"column":44}},"type":"binary-expr","locations":[{"start":{"line":353,"column":20},"end":{"line":353,"column":36}},{"start":{"line":353,"column":40},"end":{"line":353,"column":44}}],"line":353},"26":{"loc":{"start":{"line":354,"column":20},"end":{"line":354,"column":44}},"type":"binary-expr","locations":[{"start":{"line":354,"column":20},"end":{"line":354,"column":36}},{"start":{"line":354,"column":40},"end":{"line":354,"column":44}}],"line":354},"27":{"loc":{"start":{"line":366,"column":4},"end":{"line":370,"column":5}},"type":"if","locations":[{"start":{"line":366,"column":4},"end":{"line":370,"column":5}},{"start":{},"end":{}}],"line":366}},"s":{"0":16,"1":16,"2":16,"3":7,"4":0,"5":0,"6":0,"7":0,"8":0,"9":0,"10":0,"11":0,"12":0,"13":0,"14":0,"15":0,"16":0,"17":0,"18":0,"19":0,"20":0,"21":2,"22":2,"23":11,"24":11,"25":11,"26":32,"27":32,"28":2,"29":2,"30":2,"31":2,"32":0,"33":0,"34":6,"35":6,"36":6,"37":14,"38":14,"39":8,"40":4,"41":4,"42":1,"43":1,"44":1,"45":1,"46":3,"47":9,"48":2,"49":7,"50":7,"51":7,"52":8,"53":20,"54":20,"55":20,"56":7,"57":7,"58":7,"59":5,"60":3,"61":3,"62":3,"63":3,"64":3,"65":3,"66":3,"67":4,"68":4,"69":2,"70":2,"71":2,"72":1,"73":1,"74":1,"75":0,"76":1,"77":4,"78":1,"79":3,"80":3,"81":3,"82":3,"83":2,"84":1,"85":1,"86":2,"87":2,"88":2,"89":6,"90":6,"91":6,"92":6,"93":6,"94":6,"95":6,"96":1,"97":1,"98":6},"f":{"0":16,"1":7,"2":0,"3":0,"4":0,"5":0,"6":0,"7":0,"8":0,"9":0,"10":0,"11":0,"12":2,"13":11,"14":11,"15":32,"16":2,"17":0,"18":6,"19":8,"20":20,"21":7,"22":3,"23":4,"24":4,"25":3,"26":2,"27":6,"28":6,"29":1},"b":{"0":[2],"1":[16,15],"2":[0,0],"3":[1],"4":[0],"5":[0],"6":[2],"7":[3],"8":[2],"9":[5],"10":[4,4],"11":[1,3],"12":[1,0],"13":[2,7],"14":[7,0],"15":[6],"16":[15],"17":[20,19],"18":[2,2],"19":[4,3],"20":[1,1],"21":[0,1],"22":[1,0],"23":[1,3],"24":[2],"25":[6,2],"26":[6,2],"27":[1,5]},"inputSourceMap":null,"_coverageSchema":"1a1c01bbd47fc00a2c39e90264f33305004495a9","hash":"6c308b2fbac1e7ef3d302e7205b8ad86034929ce"}
,"/Users/yuping/Downloads/git/stock-website-crawler/skills/10jqka_backtest/request/10jqka-client.js": {"path":"/Users/yuping/Downloads/git/stock-website-crawler/skills/10jqka_backtest/request/10jqka-client.js","statementMap":{"0":{"start":{"line":6,"column":19},"end":{"line":6,"column":138}},"1":{"start":{"line":9,"column":2},"end":{"line":9,"column":60}},"2":{"start":{"line":13,"column":2},"end":{"line":13,"column":42}},"3":{"start":{"line":13,"column":32},"end":{"line":13,"column":42}},"4":{"start":{"line":14,"column":2},"end":{"line":14,"column":88}},"5":{"start":{"line":14,"column":8},"end":{"line":14,"column":61}},"6":{"start":{"line":14,"column":76},"end":{"line":14,"column":86}},"7":{"start":{"line":19,"column":4},"end":{"line":19,"column":73}},"8":{"start":{"line":20,"column":4},"end":{"line":20,"column":70}},"9":{"start":{"line":21,"column":4},"end":{"line":21,"column":51}},"10":{"start":{"line":22,"column":20},"end":{"line":22,"column":72}},"11":{"start":{"line":23,"column":4},"end":{"line":23,"column":62}},"12":{"start":{"line":27,"column":4},"end":{"line":27,"column":70}},"13":{"start":{"line":27,"column":35},"end":{"line":27,"column":57}},"14":{"start":{"line":31,"column":4},"end":{"line":39,"column":6}},"15":{"start":{"line":43,"column":16},"end":{"line":43,"column":84}},"16":{"start":{"line":46,"column":20},"end":{"line":49,"column":5}},"17":{"start":{"line":51,"column":4},"end":{"line":56,"column":5}},"18":{"start":{"line":52,"column":6},"end":{"line":52,"column":85}},"19":{"start":{"line":53,"column":6},"end":{"line":55,"column":7}},"20":{"start":{"line":54,"column":8},"end":{"line":54,"column":78}},"21":{"start":{"line":58,"column":4},"end":{"line":73,"column":5}},"22":{"start":{"line":59,"column":23},"end":{"line":59,"column":48}},"23":{"start":{"line":60,"column":19},"end":{"line":60,"column":40}},"24":{"start":{"line":62,"column":6},"end":{"line":64,"column":7}},"25":{"start":{"line":63,"column":8},"end":{"line":63,"column":81}},"26":{"start":{"line":66,"column":6},"end":{"line":70,"column":7}},"27":{"start":{"line":67,"column":8},"end":{"line":67,"column":32}},"28":{"start":{"line":69,"column":8},"end":{"line":69,"column":66}},"29":{"start":{"line":72,"column":6},"end":{"line":72,"column":18}},"30":{"start":{"line":80,"column":24},"end":{"line":92,"column":5}},"31":{"start":{"line":94,"column":20},"end":{"line":94,"column":49}},"32":{"start":{"line":95,"column":17},"end":{"line":95,"column":76}},"33":{"start":{"line":97,"column":4},"end":{"line":99,"column":5}},"34":{"start":{"line":98,"column":8},"end":{"line":98,"column":99}},"35":{"start":{"line":102,"column":4},"end":{"line":105,"column":6}},"36":{"start":{"line":109,"column":21},"end":{"line":109,"column":83}},"37":{"start":{"line":110,"column":4},"end":{"line":110,"column":24}},"38":{"start":{"line":111,"column":4},"end":{"line":111,"column":104}},"39":{"start":{"line":112,"column":4},"end":{"line":112,"column":20}}},"fnMap":{"0":{"name":"ensureDir","decl":{"start":{"line":8,"column":9},"end":{"line":8,"column":18}},"loc":{"start":{"line":8,"column":29},"end":{"line":10,"column":1}},"line":8},"1":{"name":"loadJson","decl":{"start":{"line":12,"column":16},"end":{"line":12,"column":24}},"loc":{"start":{"line":12,"column":35},"end":{"line":15,"column":1}},"line":12},"2":{"name":"(anonymous_2)","decl":{"start":{"line":18,"column":2},"end":{"line":18,"column":3}},"loc":{"start":{"line":18,"column":28},"end":{"line":24,"column":3}},"line":18},"3":{"name":"(anonymous_3)","decl":{"start":{"line":26,"column":2},"end":{"line":26,"column":3}},"loc":{"start":{"line":26,"column":20},"end":{"line":28,"column":3}},"line":26},"4":{"name":"(anonymous_4)","decl":{"start":{"line":27,"column":30},"end":{"line":27,"column":31}},"loc":{"start":{"line":27,"column":35},"end":{"line":27,"column":57}},"line":27},"5":{"name":"(anonymous_5)","decl":{"start":{"line":30,"column":2},"end":{"line":30,"column":3}},"loc":{"start":{"line":30,"column":24},"end":{"line":40,"column":3}},"line":30},"6":{"name":"(anonymous_6)","decl":{"start":{"line":42,"column":2},"end":{"line":42,"column":3}},"loc":{"start":{"line":42,"column":59},"end":{"line":74,"column":3}},"line":42},"7":{"name":"(anonymous_7)","decl":{"start":{"line":79,"column":2},"end":{"line":79,"column":3}},"loc":{"start":{"line":79,"column":33},"end":{"line":106,"column":3}},"line":79},"8":{"name":"(anonymous_8)","decl":{"start":{"line":108,"column":2},"end":{"line":108,"column":3}},"loc":{"start":{"line":108,"column":46},"end":{"line":113,"column":3}},"line":108}},"branchMap":{"0":{"loc":{"start":{"line":13,"column":2},"end":{"line":13,"column":42}},"type":"if","locations":[{"start":{"line":13,"column":2},"end":{"line":13,"column":42}},{"start":{},"end":{}}],"line":13},"1":{"loc":{"start":{"line":18,"column":14},"end":{"line":18,"column":26}},"type":"default-arg","locations":[{"start":{"line":18,"column":24},"end":{"line":18,"column":26}}],"line":18},"2":{"loc":{"start":{"line":19,"column":36},"end":{"line":19,"column":71}},"type":"binary-expr","locations":[{"start":{"line":19,"column":36},"end":{"line":19,"column":55}},{"start":{"line":19,"column":59},"end":{"line":19,"column":71}}],"line":19},"3":{"loc":{"start":{"line":20,"column":35},"end":{"line":20,"column":68}},"type":"binary-expr","locations":[{"start":{"line":20,"column":35},"end":{"line":20,"column":53}},{"start":{"line":20,"column":57},"end":{"line":20,"column":68}}],"line":20},"4":{"loc":{"start":{"line":22,"column":20},"end":{"line":22,"column":72}},"type":"binary-expr","locations":[{"start":{"line":22,"column":20},"end":{"line":22,"column":42}},{"start":{"line":22,"column":46},"end":{"line":22,"column":72}}],"line":22},"5":{"loc":{"start":{"line":23,"column":21},"end":{"line":23,"column":61}},"type":"binary-expr","locations":[{"start":{"line":23,"column":21},"end":{"line":23,"column":36}},{"start":{"line":23,"column":40},"end":{"line":23,"column":55}},{"start":{"line":23,"column":59},"end":{"line":23,"column":61}}],"line":23},"6":{"loc":{"start":{"line":37,"column":17},"end":{"line":37,"column":62}},"type":"binary-expr","locations":[{"start":{"line":37,"column":17},"end":{"line":37,"column":24}},{"start":{"line":37,"column":28},"end":{"line":37,"column":62}}],"line":37},"7":{"loc":{"start":{"line":42,"column":26},"end":{"line":42,"column":40}},"type":"default-arg","locations":[{"start":{"line":42,"column":36},"end":{"line":42,"column":40}}],"line":42},"8":{"loc":{"start":{"line":42,"column":42},"end":{"line":42,"column":57}},"type":"default-arg","locations":[{"start":{"line":42,"column":51},"end":{"line":42,"column":57}}],"line":42},"9":{"loc":{"start":{"line":43,"column":16},"end":{"line":43,"column":84}},"type":"cond-expr","locations":[{"start":{"line":43,"column":46},"end":{"line":43,"column":54}},{"start":{"line":43,"column":57},"end":{"line":43,"column":84}}],"line":43},"10":{"loc":{"start":{"line":51,"column":4},"end":{"line":56,"column":5}},"type":"if","locations":[{"start":{"line":51,"column":4},"end":{"line":56,"column":5}},{"start":{},"end":{}}],"line":51},"11":{"loc":{"start":{"line":52,"column":21},"end":{"line":52,"column":84}},"type":"cond-expr","locations":[{"start":{"line":52,"column":51},"end":{"line":52,"column":58}},{"start":{"line":52,"column":61},"end":{"line":52,"column":84}}],"line":52},"12":{"loc":{"start":{"line":53,"column":6},"end":{"line":55,"column":7}},"type":"if","locations":[{"start":{"line":53,"column":6},"end":{"line":55,"column":7}},{"start":{},"end":{}}],"line":53},"13":{"loc":{"start":{"line":62,"column":6},"end":{"line":64,"column":7}},"type":"if","locations":[{"start":{"line":62,"column":6},"end":{"line":64,"column":7}},{"start":{},"end":{}}],"line":62},"14":{"loc":{"start":{"line":79,"column":20},"end":{"line":79,"column":31}},"type":"default-arg","locations":[{"start":{"line":79,"column":29},"end":{"line":79,"column":31}}],"line":79},"15":{"loc":{"start":{"line":97,"column":4},"end":{"line":99,"column":5}},"type":"if","locations":[{"start":{"line":97,"column":4},"end":{"line":99,"column":5}},{"start":{},"end":{}}],"line":97},"16":{"loc":{"start":{"line":108,"column":32},"end":{"line":108,"column":44}},"type":"default-arg","locations":[{"start":{"line":108,"column":38},"end":{"line":108,"column":44}}],"line":108},"17":{"loc":{"start":{"line":111,"column":31},"end":{"line":111,"column":94}},"type":"cond-expr","locations":[{"start":{"line":111,"column":58},"end":{"line":111,"column":62}},{"start":{"line":111,"column":65},"end":{"line":111,"column":94}}],"line":111}},"s":{"0":2,"1":5,"2":98,"3":1,"4":97,"5":97,"6":2,"7":94,"8":94,"9":94,"10":94,"11":94,"12":12,"13":12,"14":8,"15":4,"16":4,"17":4,"18":4,"19":4,"20":0,"21":4,"22":4,"23":4,"24":4,"25":0,"26":4,"27":4,"28":0,"29":0,"30":4,"31":4,"32":4,"33":4,"34":1,"35":3,"36":5,"37":5,"38":5,"39":5},"f":{"0":5,"1":98,"2":94,"3":12,"4":12,"5":8,"6":4,"7":4,"8":5},"b":{"0":[1,97],"1":[8],"2":[94,92],"3":[94,21],"4":[94,93],"5":[94,85,0],"6":[8,3],"7":[0],"8":[4],"9":[0,4],"10":[4,0],"11":[0,4],"12":[0,4],"13":[0,4],"14":[0],"15":[1,3],"16":[4],"17":[2,3]},"inputSourceMap":null,"_coverageSchema":"1a1c01bbd47fc00a2c39e90264f33305004495a9","hash":"7d1cfff5b047dc06f9bf155241c68541d0828ab3"}
,"/Users/yuping/Downloads/git/stock-website-crawler/skills/10jqka_backtest/request/config-normalizer.js": {"path":"/Users/yuping/Downloads/git/stock-website-crawler/skills/10jqka_backtest/request/config-normalizer.js","statementMap":{"0":{"start":{"line":5,"column":19},"end":{"line":5,"column":35}},"1":{"start":{"line":6,"column":19},"end":{"line":6,"column":21}},"2":{"start":{"line":9,"column":21},"end":{"line":42,"column":5}},"3":{"start":{"line":45,"column":4},"end":{"line":51,"column":5}},"4":{"start":{"line":46,"column":8},"end":{"line":50,"column":9}},"5":{"start":{"line":47,"column":13},"end":{"line":47,"column":43}},"6":{"start":{"line":49,"column":13},"end":{"line":49,"column":33}},"7":{"start":{"line":54,"column":4},"end":{"line":56,"column":5}},"8":{"start":{"line":55,"column":8},"end":{"line":55,"column":46}},"9":{"start":{"line":59,"column":4},"end":{"line":59,"column":50}},"10":{"start":{"line":60,"column":4},"end":{"line":60,"column":49}},"11":{"start":{"line":62,"column":4},"end":{"line":62,"column":18}}},"fnMap":{"0":{"name":"normalizeConfig","decl":{"start":{"line":4,"column":16},"end":{"line":4,"column":31}},"loc":{"start":{"line":4,"column":43},"end":{"line":63,"column":1}},"line":4}},"branchMap":{"0":{"loc":{"start":{"line":46,"column":8},"end":{"line":50,"column":9}},"type":"if","locations":[{"start":{"line":46,"column":8},"end":{"line":50,"column":9}},{"start":{"line":48,"column":15},"end":{"line":50,"column":9}}],"line":46},"1":{"loc":{"start":{"line":54,"column":4},"end":{"line":56,"column":5}},"type":"if","locations":[{"start":{"line":54,"column":4},"end":{"line":56,"column":5}},{"start":{},"end":{}}],"line":54},"2":{"loc":{"start":{"line":59,"column":21},"end":{"line":59,"column":49}},"type":"binary-expr","locations":[{"start":{"line":59,"column":21},"end":{"line":59,"column":35}},{"start":{"line":59,"column":39},"end":{"line":59,"column":49}}],"line":59},"3":{"loc":{"start":{"line":60,"column":20},"end":{"line":60,"column":48}},"type":"binary-expr","locations":[{"start":{"line":60,"column":20},"end":{"line":60,"column":33}},{"start":{"line":60,"column":37},"end":{"line":60,"column":48}}],"line":60}},"s":{"0":33,"1":33,"2":33,"3":33,"4":47,"5":45,"6":2,"7":33,"8":1,"9":33,"10":33,"11":33},"f":{"0":33},"b":{"0":[45,2],"1":[1,32],"2":[33,29],"3":[33,31]},"inputSourceMap":null,"_coverageSchema":"1a1c01bbd47fc00a2c39e90264f33305004495a9","hash":"40b5e32dad1a7612c11d06a881ee945eaebb7e90"}
,"/Users/yuping/Downloads/git/stock-website-crawler/skills/10jqka_backtest/request/strategy-runner.js": {"path":"/Users/yuping/Downloads/git/stock-website-crawler/skills/10jqka_backtest/request/strategy-runner.js","statementMap":{"0":{"start":{"line":10,"column":4},"end":{"line":10,"column":50}},"1":{"start":{"line":11,"column":4},"end":{"line":11,"column":45}},"2":{"start":{"line":12,"column":4},"end":{"line":12,"column":56}},"3":{"start":{"line":16,"column":4},"end":{"line":16,"column":43}},"4":{"start":{"line":16,"column":22},"end":{"line":16,"column":43}},"5":{"start":{"line":20,"column":4},"end":{"line":42,"column":5}},"6":{"start":{"line":21,"column":6},"end":{"line":21,"column":32}},"7":{"start":{"line":22,"column":21},"end":{"line":22,"column":47}},"8":{"start":{"line":23,"column":6},"end":{"line":23,"column":66}},"9":{"start":{"line":25,"column":6},"end":{"line":25,"column":41}},"10":{"start":{"line":26,"column":24},"end":{"line":26,"column":61}},"11":{"start":{"line":28,"column":6},"end":{"line":28,"column":28}},"12":{"start":{"line":30,"column":19},"end":{"line":30,"column":33}},"13":{"start":{"line":32,"column":27},"end":{"line":32,"column":64}},"14":{"start":{"line":34,"column":25},"end":{"line":34,"column":55}},"15":{"start":{"line":35,"column":6},"end":{"line":35,"column":42}},"16":{"start":{"line":37,"column":6},"end":{"line":37,"column":26}},"17":{"start":{"line":40,"column":6},"end":{"line":40,"column":47}},"18":{"start":{"line":41,"column":6},"end":{"line":41,"column":18}},"19":{"start":{"line":46,"column":22},"end":{"line":46,"column":62}},"20":{"start":{"line":48,"column":4},"end":{"line":57,"column":5}},"21":{"start":{"line":49,"column":6},"end":{"line":56,"column":8}},"22":{"start":{"line":59,"column":4},"end":{"line":68,"column":5}},"23":{"start":{"line":60,"column":6},"end":{"line":67,"column":8}},"24":{"start":{"line":70,"column":20},"end":{"line":70,"column":46}},"25":{"start":{"line":72,"column":4},"end":{"line":89,"column":6}},"26":{"start":{"line":93,"column":19},"end":{"line":93,"column":53}},"27":{"start":{"line":94,"column":22},"end":{"line":94,"column":45}},"28":{"start":{"line":95,"column":23},"end":{"line":95,"column":47}},"29":{"start":{"line":97,"column":25},"end":{"line":104,"column":5}},"30":{"start":{"line":106,"column":24},"end":{"line":110,"column":5}},"31":{"start":{"line":112,"column":24},"end":{"line":118,"column":5}},"32":{"start":{"line":120,"column":20},"end":{"line":126,"column":5}},"33":{"start":{"line":128,"column":19},"end":{"line":132,"column":5}},"34":{"start":{"line":134,"column":20},"end":{"line":138,"column":5}},"35":{"start":{"line":140,"column":29},"end":{"line":144,"column":5}},"36":{"start":{"line":146,"column":27},"end":{"line":149,"column":5}},"37":{"start":{"line":151,"column":23},"end":{"line":156,"column":5}},"38":{"start":{"line":158,"column":4},"end":{"line":168,"column":6}},"39":{"start":{"line":172,"column":4},"end":{"line":176,"column":32}},"40":{"start":{"line":180,"column":4},"end":{"line":182,"column":5}},"41":{"start":{"line":181,"column":6},"end":{"line":181,"column":24}},"42":{"start":{"line":183,"column":16},"end":{"line":183,"column":31}},"43":{"start":{"line":184,"column":4},"end":{"line":184,"column":41}},"44":{"start":{"line":188,"column":4},"end":{"line":190,"column":5}},"45":{"start":{"line":189,"column":6},"end":{"line":189,"column":24}},"46":{"start":{"line":191,"column":16},"end":{"line":191,"column":29}},"47":{"start":{"line":192,"column":4},"end":{"line":192,"column":41}},"48":{"start":{"line":196,"column":21},"end":{"line":196,"column":50}},"49":{"start":{"line":197,"column":21},"end":{"line":197,"column":57}},"50":{"start":{"line":199,"column":4},"end":{"line":201,"column":5}},"51":{"start":{"line":200,"column":6},"end":{"line":200,"column":57}},"52":{"start":{"line":203,"column":4},"end":{"line":203,"column":72}},"53":{"start":{"line":204,"column":4},"end":{"line":204,"column":20}}},"fnMap":{"0":{"name":"(anonymous_0)","decl":{"start":{"line":9,"column":2},"end":{"line":9,"column":3}},"loc":{"start":{"line":9,"column":28},"end":{"line":13,"column":3}},"line":9},"1":{"name":"(anonymous_1)","decl":{"start":{"line":15,"column":2},"end":{"line":15,"column":3}},"loc":{"start":{"line":15,"column":15},"end":{"line":17,"column":3}},"line":15},"2":{"name":"(anonymous_2)","decl":{"start":{"line":19,"column":2},"end":{"line":19,"column":3}},"loc":{"start":{"line":19,"column":23},"end":{"line":43,"column":3}},"line":19},"3":{"name":"(anonymous_3)","decl":{"start":{"line":45,"column":2},"end":{"line":45,"column":3}},"loc":{"start":{"line":45,"column":35},"end":{"line":90,"column":3}},"line":45},"4":{"name":"(anonymous_4)","decl":{"start":{"line":92,"column":2},"end":{"line":92,"column":3}},"loc":{"start":{"line":92,"column":24},"end":{"line":169,"column":3}},"line":92},"5":{"name":"(anonymous_5)","decl":{"start":{"line":171,"column":2},"end":{"line":171,"column":3}},"loc":{"start":{"line":171,"column":27},"end":{"line":177,"column":3}},"line":171},"6":{"name":"(anonymous_6)","decl":{"start":{"line":179,"column":2},"end":{"line":179,"column":3}},"loc":{"start":{"line":179,"column":34},"end":{"line":185,"column":3}},"line":179},"7":{"name":"(anonymous_7)","decl":{"start":{"line":187,"column":2},"end":{"line":187,"column":3}},"loc":{"start":{"line":187,"column":32},"end":{"line":193,"column":3}},"line":187},"8":{"name":"(anonymous_8)","decl":{"start":{"line":195,"column":2},"end":{"line":195,"column":3}},"loc":{"start":{"line":195,"column":22},"end":{"line":205,"column":3}},"line":195}},"branchMap":{"0":{"loc":{"start":{"line":9,"column":14},"end":{"line":9,"column":26}},"type":"default-arg","locations":[{"start":{"line":9,"column":24},"end":{"line":9,"column":26}}],"line":9},"1":{"loc":{"start":{"line":12,"column":22},"end":{"line":12,"column":55}},"type":"binary-expr","locations":[{"start":{"line":12,"column":22},"end":{"line":12,"column":40}},{"start":{"line":12,"column":44},"end":{"line":12,"column":55}}],"line":12},"2":{"loc":{"start":{"line":16,"column":4},"end":{"line":16,"column":43}},"type":"if","locations":[{"start":{"line":16,"column":4},"end":{"line":16,"column":43}},{"start":{},"end":{}}],"line":16},"3":{"loc":{"start":{"line":46,"column":22},"end":{"line":46,"column":62}},"type":"binary-expr","locations":[{"start":{"line":46,"column":22},"end":{"line":46,"column":37}},{"start":{"line":46,"column":41},"end":{"line":46,"column":57}},{"start":{"line":46,"column":61},"end":{"line":46,"column":62}}],"line":46},"4":{"loc":{"start":{"line":48,"column":4},"end":{"line":57,"column":5}},"type":"if","locations":[{"start":{"line":48,"column":4},"end":{"line":57,"column":5}},{"start":{},"end":{}}],"line":48},"5":{"loc":{"start":{"line":48,"column":8},"end":{"line":48,"column":47}},"type":"binary-expr","locations":[{"start":{"line":48,"column":8},"end":{"line":48,"column":26}},{"start":{"line":48,"column":30},"end":{"line":48,"column":47}}],"line":48},"6":{"loc":{"start":{"line":59,"column":4},"end":{"line":68,"column":5}},"type":"if","locations":[{"start":{"line":59,"column":4},"end":{"line":68,"column":5}},{"start":{},"end":{}}],"line":59},"7":{"loc":{"start":{"line":59,"column":8},"end":{"line":59,"column":50}},"type":"binary-expr","locations":[{"start":{"line":59,"column":8},"end":{"line":59,"column":23}},{"start":{"line":59,"column":27},"end":{"line":59,"column":50}}],"line":59},"8":{"loc":{"start":{"line":63,"column":17},"end":{"line":63,"column":53}},"type":"binary-expr","locations":[{"start":{"line":63,"column":17},"end":{"line":63,"column":30}},{"start":{"line":63,"column":34},"end":{"line":63,"column":43}},{"start":{"line":63,"column":47},"end":{"line":63,"column":53}}],"line":63},"9":{"loc":{"start":{"line":93,"column":19},"end":{"line":93,"column":53}},"type":"binary-expr","locations":[{"start":{"line":93,"column":19},"end":{"line":93,"column":29}},{"start":{"line":93,"column":33},"end":{"line":93,"column":45}},{"start":{"line":93,"column":49},"end":{"line":93,"column":53}}],"line":93},"10":{"loc":{"start":{"line":94,"column":22},"end":{"line":94,"column":45}},"type":"binary-expr","locations":[{"start":{"line":94,"column":22},"end":{"line":94,"column":39}},{"start":{"line":94,"column":43},"end":{"line":94,"column":45}}],"line":94},"11":{"loc":{"start":{"line":95,"column":23},"end":{"line":95,"column":47}},"type":"binary-expr","locations":[{"start":{"line":95,"column":23},"end":{"line":95,"column":41}},{"start":{"line":95,"column":45},"end":{"line":95,"column":47}}],"line":95},"12":{"loc":{"start":{"line":98,"column":6},"end":{"line":103,"column":77}},"type":"binary-expr","locations":[{"start":{"line":98,"column":6},"end":{"line":98,"column":27}},{"start":{"line":99,"column":6},"end":{"line":99,"column":26}},{"start":{"line":100,"column":6},"end":{"line":100,"column":25}},{"start":{"line":101,"column":6},"end":{"line":101,"column":18}},{"start":{"line":102,"column":6},"end":{"line":102,"column":28}},{"start":{"line":103,"column":7},"end":{"line":103,"column":76}}],"line":98},"13":{"loc":{"start":{"line":103,"column":7},"end":{"line":103,"column":76}},"type":"cond-expr","locations":[{"start":{"line":103,"column":36},"end":{"line":103,"column":64}},{"start":{"line":103,"column":67},"end":{"line":103,"column":76}}],"line":103},"14":{"loc":{"start":{"line":107,"column":6},"end":{"line":109,"column":17}},"type":"binary-expr","locations":[{"start":{"line":107,"column":6},"end":{"line":107,"column":26}},{"start":{"line":108,"column":6},"end":{"line":108,"column":25}},{"start":{"line":109,"column":6},"end":{"line":109,"column":17}}],"line":107},"15":{"loc":{"start":{"line":113,"column":6},"end":{"line":117,"column":86}},"type":"binary-expr","locations":[{"start":{"line":113,"column":6},"end":{"line":113,"column":26}},{"start":{"line":114,"column":6},"end":{"line":114,"column":25}},{"start":{"line":115,"column":6},"end":{"line":115,"column":18}},{"start":{"line":116,"column":7},"end":{"line":116,"column":76}},{"start":{"line":117,"column":7},"end":{"line":117,"column":85}}],"line":113},"16":{"loc":{"start":{"line":116,"column":7},"end":{"line":116,"column":76}},"type":"cond-expr","locations":[{"start":{"line":116,"column":39},"end":{"line":116,"column":64}},{"start":{"line":116,"column":67},"end":{"line":116,"column":76}}],"line":116},"17":{"loc":{"start":{"line":117,"column":7},"end":{"line":117,"column":85}},"type":"cond-expr","locations":[{"start":{"line":117,"column":46},"end":{"line":117,"column":73}},{"start":{"line":117,"column":76},"end":{"line":117,"column":85}}],"line":117},"18":{"loc":{"start":{"line":121,"column":6},"end":{"line":125,"column":69}},"type":"binary-expr","locations":[{"start":{"line":121,"column":6},"end":{"line":121,"column":22}},{"start":{"line":122,"column":6},"end":{"line":122,"column":21}},{"start":{"line":123,"column":6},"end":{"line":123,"column":16}},{"start":{"line":124,"column":6},"end":{"line":124,"column":23}},{"start":{"line":125,"column":7},"end":{"line":125,"column":68}}],"line":121},"19":{"loc":{"start":{"line":125,"column":7},"end":{"line":125,"column":68}},"type":"cond-expr","locations":[{"start":{"line":125,"column":32},"end":{"line":125,"column":56}},{"start":{"line":125,"column":59},"end":{"line":125,"column":68}}],"line":125},"20":{"loc":{"start":{"line":129,"column":6},"end":{"line":131,"column":16}},"type":"binary-expr","locations":[{"start":{"line":129,"column":6},"end":{"line":129,"column":20}},{"start":{"line":130,"column":6},"end":{"line":130,"column":26}},{"start":{"line":131,"column":6},"end":{"line":131,"column":16}}],"line":129},"21":{"loc":{"start":{"line":135,"column":6},"end":{"line":137,"column":18}},"type":"binary-expr","locations":[{"start":{"line":135,"column":6},"end":{"line":135,"column":21}},{"start":{"line":136,"column":6},"end":{"line":136,"column":27}},{"start":{"line":137,"column":6},"end":{"line":137,"column":18}}],"line":135},"22":{"loc":{"start":{"line":141,"column":6},"end":{"line":143,"column":24}},"type":"binary-expr","locations":[{"start":{"line":141,"column":6},"end":{"line":141,"column":31}},{"start":{"line":142,"column":6},"end":{"line":142,"column":18}},{"start":{"line":143,"column":6},"end":{"line":143,"column":24}}],"line":141},"23":{"loc":{"start":{"line":147,"column":6},"end":{"line":148,"column":20}},"type":"binary-expr","locations":[{"start":{"line":147,"column":6},"end":{"line":147,"column":30}},{"start":{"line":148,"column":6},"end":{"line":148,"column":20}}],"line":147},"24":{"loc":{"start":{"line":152,"column":6},"end":{"line":155,"column":33}},"type":"binary-expr","locations":[{"start":{"line":152,"column":6},"end":{"line":152,"column":25}},{"start":{"line":153,"column":6},"end":{"line":153,"column":18}},{"start":{"line":154,"column":6},"end":{"line":154,"column":24}},{"start":{"line":155,"column":6},"end":{"line":155,"column":33}}],"line":152},"25":{"loc":{"start":{"line":172,"column":11},"end":{"line":176,"column":31}},"type":"binary-expr","locations":[{"start":{"line":172,"column":11},"end":{"line":172,"column":24}},{"start":{"line":173,"column":11},"end":{"line":173,"column":28}},{"start":{"line":174,"column":11},"end":{"line":174,"column":19}},{"start":{"line":175,"column":11},"end":{"line":175,"column":24}},{"start":{"line":176,"column":11},"end":{"line":176,"column":31}}],"line":172},"26":{"loc":{"start":{"line":179,"column":18},"end":{"line":179,"column":32}},"type":"default-arg","locations":[{"start":{"line":179,"column":31},"end":{"line":179,"column":32}}],"line":179},"27":{"loc":{"start":{"line":180,"column":4},"end":{"line":182,"column":5}},"type":"if","locations":[{"start":{"line":180,"column":4},"end":{"line":182,"column":5}},{"start":{},"end":{}}],"line":180},"28":{"loc":{"start":{"line":180,"column":8},"end":{"line":180,"column":70}},"type":"binary-expr","locations":[{"start":{"line":180,"column":8},"end":{"line":180,"column":20}},{"start":{"line":180,"column":24},"end":{"line":180,"column":41}},{"start":{"line":180,"column":45},"end":{"line":180,"column":55}},{"start":{"line":180,"column":59},"end":{"line":180,"column":70}}],"line":180},"29":{"loc":{"start":{"line":184,"column":11},"end":{"line":184,"column":40}},"type":"cond-expr","locations":[{"start":{"line":184,"column":24},"end":{"line":184,"column":34}},{"start":{"line":184,"column":37},"end":{"line":184,"column":40}}],"line":184},"30":{"loc":{"start":{"line":187,"column":16},"end":{"line":187,"column":30}},"type":"default-arg","locations":[{"start":{"line":187,"column":29},"end":{"line":187,"column":30}}],"line":187},"31":{"loc":{"start":{"line":188,"column":4},"end":{"line":190,"column":5}},"type":"if","locations":[{"start":{"line":188,"column":4},"end":{"line":190,"column":5}},{"start":{},"end":{}}],"line":188},"32":{"loc":{"start":{"line":188,"column":8},"end":{"line":188,"column":70}},"type":"binary-expr","locations":[{"start":{"line":188,"column":8},"end":{"line":188,"column":20}},{"start":{"line":188,"column":24},"end":{"line":188,"column":41}},{"start":{"line":188,"column":45},"end":{"line":188,"column":55}},{"start":{"line":188,"column":59},"end":{"line":188,"column":70}}],"line":188},"33":{"loc":{"start":{"line":192,"column":11},"end":{"line":192,"column":40}},"type":"cond-expr","locations":[{"start":{"line":192,"column":24},"end":{"line":192,"column":34}},{"start":{"line":192,"column":37},"end":{"line":192,"column":40}}],"line":192},"34":{"loc":{"start":{"line":199,"column":4},"end":{"line":201,"column":5}},"type":"if","locations":[{"start":{"line":199,"column":4},"end":{"line":201,"column":5}},{"start":{},"end":{}}],"line":199}},"s":{"0":69,"1":69,"2":69,"3":11,"4":1,"5":2,"6":2,"7":2,"8":2,"9":2,"10":2,"11":1,"12":1,"13":1,"14":1,"15":1,"16":1,"17":1,"18":1,"19":9,"20":9,"21":3,"22":6,"23":1,"24":5,"25":5,"26":28,"27":28,"28":28,"29":28,"30":28,"31":28,"32":28,"33":28,"34":28,"35":28,"36":28,"37":28,"38":28,"39":11,"40":234,"41":177,"42":57,"43":57,"44":37,"45":31,"46":6,"47":6,"48":4,"49":4,"50":4,"51":4,"52":4,"53":4},"f":{"0":69,"1":11,"2":2,"3":9,"4":28,"5":11,"6":234,"7":37,"8":4},"b":{"0":[1],"1":[69,2],"2":[1,10],"3":[9,2,1],"4":[3,6],"5":[9,7],"6":[1,5],"7":[6,1],"8":[1,0,0],"9":[28,26,26],"10":[28,27],"11":[28,28],"12":[28,24,23,22,21,20],"13":[0,20],"14":[28,26,26],"15":[28,27,26,25,25],"16":[0,25],"17":[1,24],"18":[28,27,26,25,25],"19":[0,25],"20":[28,26,26],"21":[28,28,28],"22":[28,27,27],"23":[28,27],"24":[28,27,26,26],"25":[11,7,6,5,4],"26":[233],"27":[177,57],"28":[234,232,59,58],"29":[1,56],"30":[36],"31":[31,6],"32":[37,35,8,7],"33":[1,5],"34":[4,0]},"inputSourceMap":null,"_coverageSchema":"1a1c01bbd47fc00a2c39e90264f33305004495a9","hash":"c73c834c934b40424146d18230b694fc2f6a229d"}
}
