TN:
SF:jest.config.js
FNF:0
FNH:0
LF:0
LH:0
BRF:0
BRH:0
end_of_record
TN:
SF:load-env.js
FNF:0
FNH:0
DA:5,2
LF:1
LH:1
BRF:0
BRH:0
end_of_record
TN:
SF:paths.js
FN:13,ensureDirectories
FNF:1
FNH:1
FNDA:2,ensureDirectories
DA:5,2
DA:6,2
DA:8,2
DA:9,2
DA:10,2
DA:11,2
DA:14,2
DA:15,2
DA:18,2
LF:9
LH:9
BRDA:11,0,0,2
BRDA:11,0,1,2
BRDA:14,1,0,0
BRDA:14,1,1,2
BRDA:15,2,0,0
BRDA:15,2,1,2
BRF:6
BRH:4
end_of_record
TN:
SF:run-skill.js
FN:8,main
FNF:1
FNH:0
FNDA:0,main
DA:9,0
DA:10,0
DA:12,0
DA:13,0
DA:14,0
DA:15,0
DA:16,0
DA:19,0
DA:20,0
DA:22,0
DA:23,0
DA:24,0
DA:27,0
DA:29,0
DA:31,0
DA:32,0
DA:34,0
DA:36,0
DA:37,0
DA:39,0
DA:43,0
DA:45,0
DA:46,0
DA:47,0
DA:48,0
DA:49,0
DA:50,0
DA:52,0
DA:57,0
DA:60,0
DA:65,0
DA:70,0
LF:32
LH:0
BRDA:12,0,0,0
BRDA:12,0,1,0
BRDA:22,1,0,0
BRDA:22,1,1,0
BRDA:36,2,0,0
BRDA:36,2,1,0
BRDA:43,3,0,0
BRDA:43,3,1,0
BRDA:43,3,2,0
BRDA:45,4,0,0
BRDA:45,4,1,0
BRDA:50,5,0,0
BRDA:50,5,1,0
BRF:13
BRH:0
end_of_record
TN:
SF:test-session.js
FN:6,testSession
FNF:1
FNH:0
FNDA:0,testSession
DA:7,0
DA:8,0
DA:10,0
DA:11,0
DA:12,0
DA:13,0
DA:16,0
DA:17,0
DA:18,0
DA:19,0
DA:21,0
DA:23,0
DA:25,0
DA:26,0
DA:32,0
DA:33,0
DA:34,0
DA:36,0
DA:39,0
DA:40,0
DA:41,0
DA:44,0
DA:48,0
DA:51,0
DA:52,0
DA:56,0
LF:26
LH:0
BRDA:10,0,0,0
BRDA:10,0,1,0
BRDA:18,1,0,0
BRDA:18,1,1,0
BRDA:32,2,0,0
BRDA:32,2,1,0
BRDA:39,3,0,0
BRDA:39,3,1,0
BRDA:39,4,0,0
BRDA:39,4,1,0
BRF:10
BRH:0
end_of_record
TN:
SF:browser/automated-login.js
FN:10,login
FN:54,(anonymous_1)
FN:67,(anonymous_2)
FN:92,(anonymous_3)
FNF:4
FNH:0
FNDA:0,login
FNDA:0,(anonymous_1)
FNDA:0,(anonymous_2)
FNDA:0,(anonymous_3)
DA:8,0
DA:11,0
DA:12,0
DA:14,0
DA:15,0
DA:16,0
DA:19,0
DA:21,0
DA:26,0
DA:31,0
DA:33,0
DA:34,0
DA:35,0
DA:38,0
DA:39,0
DA:40,0
DA:42,0
DA:43,0
DA:46,0
DA:47,0
DA:48,0
DA:50,0
DA:53,0
DA:54,0
DA:57,0
DA:58,0
DA:59,0
DA:62,0
DA:63,0
DA:66,0
DA:67,0
DA:70,0
DA:73,0
DA:74,0
DA:76,0
DA:77,0
DA:78,0
DA:81,0
DA:83,0
DA:84,0
DA:86,0
DA:91,0
DA:92,0
DA:93,0
DA:94,0
LF:45
LH:0
BRDA:14,0,0,0
BRDA:14,0,1,0
BRDA:14,1,0,0
BRDA:14,1,1,0
BRDA:39,2,0,0
BRDA:39,2,1,0
BRDA:50,3,0,0
BRDA:50,3,1,0
BRDA:91,4,0,0
BRDA:91,4,1,0
BRDA:91,5,0,0
BRDA:91,5,1,0
BRF:12
BRH:0
end_of_record
TN:
SF:browser/extract-local-session.js
FN:7,main
FN:32,(anonymous_1)
FNF:2
FNH:0
FNDA:0,main
FNDA:0,(anonymous_1)
DA:8,0
DA:10,0
DA:11,0
DA:13,0
DA:14,0
DA:17,0
DA:19,0
DA:20,0
DA:23,0
DA:25,0
DA:26,0
DA:27,0
DA:28,0
DA:32,0
DA:43,0
DA:45,0
DA:47,0
DA:50,0
DA:53,0
DA:54,0
DA:55,0
DA:59,0
LF:22
LH:0
BRDA:19,0,0,0
BRDA:19,0,1,0
BRDA:25,1,0,0
BRDA:25,1,1,0
BRDA:25,2,0,0
BRDA:25,2,1,0
BRDA:37,3,0,0
BRDA:37,3,1,0
BRF:8
BRH:0
end_of_record
TN:
SF:browser/manual-login-capture.js
FN:8,main
FN:36,(anonymous_1)
FN:86,saveSession
FNF:3
FNH:0
FNDA:0,main
FNDA:0,(anonymous_1)
FNDA:0,saveSession
DA:6,0
DA:9,0
DA:11,0
DA:15,0
DA:21,0
DA:22,0
DA:23,0
DA:24,0
DA:25,0
DA:26,0
DA:30,0
DA:33,0
DA:34,0
DA:36,0
DA:37,0
DA:38,0
DA:39,0
DA:40,0
DA:41,0
DA:42,0
DA:43,0
DA:51,0
DA:52,0
DA:53,0
DA:54,0
DA:57,0
DA:58,0
DA:59,0
DA:67,0
DA:68,0
DA:70,0
DA:71,0
DA:72,0
DA:73,0
DA:74,0
DA:75,0
DA:78,0
DA:81,0
DA:82,0
DA:83,0
DA:87,0
DA:88,0
DA:94,0
DA:95,0
DA:100,0
DA:101,0
DA:104,0
LF:47
LH:0
BRDA:22,0,0,0
BRDA:22,0,1,0
BRDA:24,1,0,0
BRDA:24,1,1,0
BRDA:24,2,0,0
BRDA:24,2,1,0
BRDA:38,3,0,0
BRDA:38,3,1,0
BRDA:38,4,0,0
BRDA:38,4,1,0
BRDA:39,5,0,0
BRDA:39,5,1,0
BRDA:40,6,0,0
BRDA:40,6,1,0
BRDA:40,7,0,0
BRDA:40,7,1,0
BRDA:40,7,2,0
BRDA:51,8,0,0
BRDA:51,8,1,0
BRDA:51,9,0,0
BRDA:51,9,1,0
BRDA:51,9,2,0
BRDA:57,10,0,0
BRDA:57,10,1,0
BRDA:57,11,0,0
BRDA:57,11,1,0
BRF:26
BRH:0
end_of_record
TN:
SF:browser/session-manager.js
FN:5,loadSession
FN:14,saveSession
FN:26,isSessionValid
FN:30,(anonymous_3)
FNF:4
FNH:0
FNDA:0,loadSession
FNDA:0,saveSession
FNDA:0,isSessionValid
FNDA:0,(anonymous_3)
DA:6,0
DA:7,0
DA:8,0
DA:10,0
DA:15,0
DA:20,0
DA:21,0
DA:22,0
DA:23,0
DA:27,0
DA:30,0
DA:31,0
DA:34,0
DA:37,0
DA:38,0
DA:40,0
LF:16
LH:0
BRDA:6,0,0,0
BRDA:6,0,1,0
BRDA:14,1,0,0
BRDA:21,2,0,0
BRDA:21,2,1,0
BRDA:27,3,0,0
BRDA:27,3,1,0
BRDA:27,4,0,0
BRDA:27,4,1,0
BRDA:27,4,2,0
BRDA:31,5,0,0
BRDA:31,5,1,0
BRDA:31,5,2,0
BRDA:34,6,0,0
BRDA:34,6,1,0
BRDA:38,7,0,0
BRDA:38,7,1,0
BRF:17
BRH:0
end_of_record
TN:
SF:lib/anti-detection.js
FN:17,(anonymous_0)
FN:42,(anonymous_1)
FN:43,(anonymous_2)
FN:46,(anonymous_3)
FN:52,(anonymous_4)
FN:63,(anonymous_5)
FN:64,(anonymous_6)
FN:70,(anonymous_7)
FN:78,(anonymous_8)
FN:84,(anonymous_9)
FN:90,(anonymous_10)
FN:96,(anonymous_11)
FN:107,(anonymous_12)
FN:132,(anonymous_13)
FN:134,(anonymous_14)
FN:141,(anonymous_15)
FN:156,(anonymous_16)
FN:163,(anonymous_17)
FN:176,(anonymous_18)
FN:217,(anonymous_19)
FN:239,(anonymous_20)
FN:249,(anonymous_21)
FN:263,(anonymous_22)
FN:285,(anonymous_23)
FN:311,(anonymous_24)
FN:318,(anonymous_25)
FN:338,(anonymous_26)
FN:352,(anonymous_27)
FN:361,(anonymous_28)
FN:367,(anonymous_29)
FNF:30
FNH:19
FNDA:16,(anonymous_0)
FNDA:7,(anonymous_1)
FNDA:0,(anonymous_2)
FNDA:0,(anonymous_3)
FNDA:0,(anonymous_4)
FNDA:0,(anonymous_5)
FNDA:0,(anonymous_6)
FNDA:0,(anonymous_7)
FNDA:0,(anonymous_8)
FNDA:0,(anonymous_9)
FNDA:0,(anonymous_10)
FNDA:0,(anonymous_11)
FNDA:2,(anonymous_12)
FNDA:11,(anonymous_13)
FNDA:11,(anonymous_14)
FNDA:32,(anonymous_15)
FNDA:2,(anonymous_16)
FNDA:0,(anonymous_17)
FNDA:6,(anonymous_18)
FNDA:8,(anonymous_19)
FNDA:20,(anonymous_20)
FNDA:7,(anonymous_21)
FNDA:3,(anonymous_22)
FNDA:4,(anonymous_23)
FNDA:4,(anonymous_24)
FNDA:3,(anonymous_25)
FNDA:2,(anonymous_26)
FNDA:6,(anonymous_27)
FNDA:6,(anonymous_28)
FNDA:1,(anonymous_29)
DA:18,16
DA:29,16
DA:35,16
DA:43,7
DA:45,0
DA:46,0
DA:51,0
DA:52,0
DA:61,0
DA:69,0
DA:70,0
DA:71,0
DA:77,0
DA:78,0
DA:83,0
DA:84,0
DA:89,0
DA:90,0
DA:95,0
DA:96,0
DA:97,0
DA:108,2
DA:120,2
DA:133,11
DA:134,11
DA:142,32
DA:149,32
DA:158,2
DA:159,2
DA:160,2
DA:163,2
DA:164,0
DA:167,0
DA:181,6
DA:183,6
DA:184,14
DA:185,14
DA:187,8
DA:188,4
DA:192,4
DA:193,1
DA:194,1
DA:195,1
DA:196,1
DA:199,3
DA:201,9
DA:202,2
DA:205,7
DA:206,7
DA:207,7
DA:218,8
DA:240,20
DA:241,20
DA:242,20
DA:250,7
DA:251,7
DA:252,7
DA:253,5
DA:255,3
DA:264,3
DA:265,3
DA:268,3
DA:269,3
DA:272,3
DA:274,3
DA:286,4
DA:287,4
DA:288,2
DA:292,2
DA:293,2
DA:294,1
DA:295,1
DA:299,1
DA:300,0
DA:303,1
DA:312,4
DA:313,1
DA:316,3
DA:317,3
DA:318,3
DA:321,3
DA:328,2
DA:330,1
DA:331,1
DA:339,2
DA:340,2
DA:341,2
DA:353,6
DA:354,6
DA:355,6
DA:362,6
DA:363,6
DA:364,6
DA:366,6
DA:367,1
DA:368,1
DA:372,6
LF:97
LH:77
BRDA:17,0,0,2
BRDA:31,1,0,16
BRDA:31,1,1,15
BRDA:71,2,0,0
BRDA:71,2,1,0
BRDA:107,3,0,1
BRDA:132,4,0,0
BRDA:132,5,0,0
BRDA:176,6,0,2
BRDA:178,7,0,3
BRDA:179,8,0,2
BRDA:180,9,0,5
BRDA:187,10,0,4
BRDA:187,10,1,4
BRDA:192,11,0,1
BRDA:192,11,1,3
BRDA:193,12,0,1
BRDA:193,12,1,0
BRDA:201,13,0,2
BRDA:201,13,1,7
BRDA:205,14,0,7
BRDA:205,14,1,0
BRDA:217,15,0,6
BRDA:239,16,0,15
BRDA:241,17,0,20
BRDA:241,17,1,19
BRDA:287,18,0,2
BRDA:287,18,1,2
BRDA:287,19,0,4
BRDA:287,19,1,3
BRDA:293,20,0,1
BRDA:293,20,1,1
BRDA:299,21,0,0
BRDA:299,21,1,1
BRDA:299,22,0,1
BRDA:299,22,1,0
BRDA:312,23,0,1
BRDA:312,23,1,3
BRDA:352,24,0,2
BRDA:353,25,0,6
BRDA:353,25,1,2
BRDA:354,26,0,6
BRDA:354,26,1,2
BRDA:366,27,0,1
BRDA:366,27,1,5
BRF:45
BRH:37
end_of_record
TN:
SF:request/10jqka-client.js
FN:8,ensureDir
FN:12,loadJson
FN:18,(anonymous_2)
FN:26,(anonymous_3)
FN:27,(anonymous_4)
FN:30,(anonymous_5)
FN:42,(anonymous_6)
FN:79,(anonymous_7)
FN:108,(anonymous_8)
FNF:9
FNH:9
FNDA:5,ensureDir
FNDA:98,loadJson
FNDA:94,(anonymous_2)
FNDA:12,(anonymous_3)
FNDA:12,(anonymous_4)
FNDA:8,(anonymous_5)
FNDA:4,(anonymous_6)
FNDA:4,(anonymous_7)
FNDA:5,(anonymous_8)
DA:6,2
DA:9,5
DA:13,98
DA:14,97
DA:19,94
DA:20,94
DA:21,94
DA:22,94
DA:23,94
DA:27,12
DA:31,8
DA:43,4
DA:46,4
DA:51,4
DA:52,4
DA:53,4
DA:54,0
DA:58,4
DA:59,4
DA:60,4
DA:62,4
DA:63,0
DA:66,4
DA:67,4
DA:69,0
DA:72,0
DA:80,4
DA:94,4
DA:95,4
DA:97,4
DA:98,1
DA:102,3
DA:109,5
DA:110,5
DA:111,5
DA:112,5
LF:36
LH:32
BRDA:13,0,0,1
BRDA:13,0,1,97
BRDA:18,1,0,8
BRDA:19,2,0,94
BRDA:19,2,1,92
BRDA:20,3,0,94
BRDA:20,3,1,21
BRDA:22,4,0,94
BRDA:22,4,1,93
BRDA:23,5,0,94
BRDA:23,5,1,85
BRDA:23,5,2,0
BRDA:37,6,0,8
BRDA:37,6,1,3
BRDA:42,7,0,0
BRDA:42,8,0,4
BRDA:43,9,0,0
BRDA:43,9,1,4
BRDA:51,10,0,4
BRDA:51,10,1,0
BRDA:52,11,0,0
BRDA:52,11,1,4
BRDA:53,12,0,0
BRDA:53,12,1,4
BRDA:62,13,0,0
BRDA:62,13,1,4
BRDA:79,14,0,0
BRDA:97,15,0,1
BRDA:97,15,1,3
BRDA:108,16,0,4
BRDA:111,17,0,2
BRDA:111,17,1,3
BRF:32
BRH:24
end_of_record
TN:
SF:request/config-normalizer.js
FN:4,normalizeConfig
FNF:1
FNH:1
FNDA:33,normalizeConfig
DA:5,33
DA:6,33
DA:9,33
DA:45,33
DA:46,47
DA:47,45
DA:49,2
DA:54,33
DA:55,1
DA:59,33
DA:60,33
DA:62,33
LF:12
LH:12
BRDA:46,0,0,45
BRDA:46,0,1,2
BRDA:54,1,0,1
BRDA:54,1,1,32
BRDA:59,2,0,33
BRDA:59,2,1,29
BRDA:60,3,0,33
BRDA:60,3,1,31
BRF:8
BRH:8
end_of_record
TN:
SF:request/strategy-runner.js
FN:9,(anonymous_0)
FN:15,(anonymous_1)
FN:19,(anonymous_2)
FN:45,(anonymous_3)
FN:92,(anonymous_4)
FN:171,(anonymous_5)
FN:179,(anonymous_6)
FN:187,(anonymous_7)
FN:195,(anonymous_8)
FNF:9
FNH:9
FNDA:69,(anonymous_0)
FNDA:11,(anonymous_1)
FNDA:2,(anonymous_2)
FNDA:9,(anonymous_3)
FNDA:28,(anonymous_4)
FNDA:11,(anonymous_5)
FNDA:234,(anonymous_6)
FNDA:37,(anonymous_7)
FNDA:4,(anonymous_8)
DA:10,69
DA:11,69
DA:12,69
DA:16,11
DA:20,2
DA:21,2
DA:22,2
DA:23,2
DA:25,2
DA:26,2
DA:28,1
DA:30,1
DA:32,1
DA:34,1
DA:35,1
DA:37,1
DA:40,1
DA:41,1
DA:46,9
DA:48,9
DA:49,3
DA:59,6
DA:60,1
DA:70,5
DA:72,5
DA:93,28
DA:94,28
DA:95,28
DA:97,28
DA:106,28
DA:112,28
DA:120,28
DA:128,28
DA:134,28
DA:140,28
DA:146,28
DA:151,28
DA:158,28
DA:172,11
DA:180,234
DA:181,177
DA:183,57
DA:184,57
DA:188,37
DA:189,31
DA:191,6
DA:192,6
DA:196,4
DA:197,4
DA:199,4
DA:200,4
DA:203,4
DA:204,4
LF:53
LH:53
BRDA:9,0,0,1
BRDA:12,1,0,69
BRDA:12,1,1,2
BRDA:16,2,0,1
BRDA:16,2,1,10
BRDA:46,3,0,9
BRDA:46,3,1,2
BRDA:46,3,2,1
BRDA:48,4,0,3
BRDA:48,4,1,6
BRDA:48,5,0,9
BRDA:48,5,1,7
BRDA:59,6,0,1
BRDA:59,6,1,5
BRDA:59,7,0,6
BRDA:59,7,1,1
BRDA:63,8,0,1
BRDA:63,8,1,0
BRDA:63,8,2,0
BRDA:93,9,0,28
BRDA:93,9,1,26
BRDA:93,9,2,26
BRDA:94,10,0,28
BRDA:94,10,1,27
BRDA:95,11,0,28
BRDA:95,11,1,28
BRDA:98,12,0,28
BRDA:98,12,1,24
BRDA:98,12,2,23
BRDA:98,12,3,22
BRDA:98,12,4,21
BRDA:98,12,5,20
BRDA:103,13,0,0
BRDA:103,13,1,20
BRDA:107,14,0,28
BRDA:107,14,1,26
BRDA:107,14,2,26
BRDA:113,15,0,28
BRDA:113,15,1,27
BRDA:113,15,2,26
BRDA:113,15,3,25
BRDA:113,15,4,25
BRDA:116,16,0,0
BRDA:116,16,1,25
BRDA:117,17,0,1
BRDA:117,17,1,24
BRDA:121,18,0,28
BRDA:121,18,1,27
BRDA:121,18,2,26
BRDA:121,18,3,25
BRDA:121,18,4,25
BRDA:125,19,0,0
BRDA:125,19,1,25
BRDA:129,20,0,28
BRDA:129,20,1,26
BRDA:129,20,2,26
BRDA:135,21,0,28
BRDA:135,21,1,28
BRDA:135,21,2,28
BRDA:141,22,0,28
BRDA:141,22,1,27
BRDA:141,22,2,27
BRDA:147,23,0,28
BRDA:147,23,1,27
BRDA:152,24,0,28
BRDA:152,24,1,27
BRDA:152,24,2,26
BRDA:152,24,3,26
BRDA:172,25,0,11
BRDA:172,25,1,7
BRDA:172,25,2,6
BRDA:172,25,3,5
BRDA:172,25,4,4
BRDA:179,26,0,233
BRDA:180,27,0,177
BRDA:180,27,1,57
BRDA:180,28,0,234
BRDA:180,28,1,232
BRDA:180,28,2,59
BRDA:180,28,3,58
BRDA:184,29,0,1
BRDA:184,29,1,56
BRDA:187,30,0,36
BRDA:188,31,0,31
BRDA:188,31,1,6
BRDA:188,32,0,37
BRDA:188,32,1,35
BRDA:188,32,2,8
BRDA:188,32,3,7
BRDA:192,33,0,1
BRDA:192,33,1,5
BRDA:199,34,0,4
BRDA:199,34,1,0
BRF:93
BRH:87
end_of_record
