{"/Users/yuping/Downloads/git/stock-website-crawler/skills/bigquant_strategy/request/bigquant-api-client.js": {"path":"/Users/yuping/Downloads/git/stock-website-crawler/skills/bigquant_strategy/request/bigquant-api-client.js","statementMap":{"0":{"start":{"line":19,"column":19},"end":{"line":19,"column":138}},"1":{"start":{"line":22,"column":2},"end":{"line":22,"column":60}},"2":{"start":{"line":26,"column":2},"end":{"line":26,"column":42}},"3":{"start":{"line":26,"column":32},"end":{"line":26,"column":42}},"4":{"start":{"line":27,"column":2},"end":{"line":31,"column":3}},"5":{"start":{"line":28,"column":4},"end":{"line":28,"column":57}},"6":{"start":{"line":30,"column":4},"end":{"line":30,"column":14}},"7":{"start":{"line":35,"column":2},"end":{"line":35,"column":22}},"8":{"start":{"line":36,"column":2},"end":{"line":36,"column":60}},"9":{"start":{"line":41,"column":4},"end":{"line":41,"column":73}},"10":{"start":{"line":42,"column":4},"end":{"line":42,"column":70}},"11":{"start":{"line":43,"column":4},"end":{"line":43,"column":79}},"12":{"start":{"line":44,"column":4},"end":{"line":44,"column":41}},"13":{"start":{"line":45,"column":4},"end":{"line":45,"column":44}},"14":{"start":{"line":46,"column":4},"end":{"line":46,"column":55}},"15":{"start":{"line":50,"column":4},"end":{"line":52,"column":18}},"16":{"start":{"line":51,"column":21},"end":{"line":51,"column":53}},"17":{"start":{"line":56,"column":4},"end":{"line":64,"column":6}},"18":{"start":{"line":68,"column":16},"end":{"line":68,"column":85}},"19":{"start":{"line":70,"column":20},"end":{"line":73,"column":5}},"20":{"start":{"line":75,"column":4},"end":{"line":77,"column":5}},"21":{"start":{"line":76,"column":6},"end":{"line":76,"column":42}},"22":{"start":{"line":79,"column":21},"end":{"line":79,"column":46}},"23":{"start":{"line":80,"column":17},"end":{"line":80,"column":38}},"24":{"start":{"line":82,"column":4},"end":{"line":84,"column":5}},"25":{"start":{"line":83,"column":6},"end":{"line":83,"column":89}},"26":{"start":{"line":86,"column":4},"end":{"line":90,"column":5}},"27":{"start":{"line":87,"column":6},"end":{"line":87,"column":30}},"28":{"start":{"line":89,"column":6},"end":{"line":89,"column":18}},"29":{"start":{"line":96,"column":4},"end":{"line":96,"column":52}},"30":{"start":{"line":100,"column":4},"end":{"line":100,"column":57}},"31":{"start":{"line":106,"column":4},"end":{"line":106,"column":67}},"32":{"start":{"line":110,"column":4},"end":{"line":110,"column":64}},"33":{"start":{"line":114,"column":4},"end":{"line":114,"column":61}},"34":{"start":{"line":127,"column":20},"end":{"line":127,"column":65}},"35":{"start":{"line":128,"column":24},"end":{"line":131,"column":6}},"36":{"start":{"line":132,"column":19},"end":{"line":138,"column":6}},"37":{"start":{"line":139,"column":4},"end":{"line":139,"column":61}},"38":{"start":{"line":147,"column":4},"end":{"line":147,"column":61}},"39":{"start":{"line":155,"column":4},"end":{"line":155,"column":62}},"40":{"start":{"line":163,"column":4},"end":{"line":163,"column":66}},"41":{"start":{"line":171,"column":4},"end":{"line":171,"column":68}},"42":{"start":{"line":179,"column":4},"end":{"line":179,"column":84}},"43":{"start":{"line":188,"column":24},"end":{"line":190,"column":6}},"44":{"start":{"line":191,"column":19},"end":{"line":195,"column":6}},"45":{"start":{"line":196,"column":4},"end":{"line":196,"column":77}},"46":{"start":{"line":204,"column":4},"end":{"line":204,"column":81}},"47":{"start":{"line":213,"column":4},"end":{"line":213,"column":53}},"48":{"start":{"line":228,"column":21},"end":{"line":239,"column":5}},"49":{"start":{"line":241,"column":25},"end":{"line":241,"column":56}},"50":{"start":{"line":243,"column":4},"end":{"line":245,"column":5}},"51":{"start":{"line":244,"column":6},"end":{"line":244,"column":80}},"52":{"start":{"line":247,"column":19},"end":{"line":247,"column":39}},"53":{"start":{"line":248,"column":4},"end":{"line":248,"column":41}},"54":{"start":{"line":251,"column":22},"end":{"line":251,"column":48}},"55":{"start":{"line":252,"column":4},"end":{"line":252,"column":32}},"56":{"start":{"line":254,"column":4},"end":{"line":258,"column":6}},"57":{"start":{"line":267,"column":22},"end":{"line":267,"column":32}},"58":{"start":{"line":269,"column":4},"end":{"line":284,"column":5}},"59":{"start":{"line":270,"column":19},"end":{"line":270,"column":45}},"60":{"start":{"line":271,"column":21},"end":{"line":271,"column":38}},"61":{"start":{"line":273,"column":6},"end":{"line":273,"column":47}},"62":{"start":{"line":275,"column":6},"end":{"line":277,"column":7}},"63":{"start":{"line":276,"column":8},"end":{"line":276,"column":48}},"64":{"start":{"line":279,"column":6},"end":{"line":281,"column":7}},"65":{"start":{"line":280,"column":8},"end":{"line":280,"column":64}},"66":{"start":{"line":283,"column":6},"end":{"line":283,"column":50}},"67":{"start":{"line":283,"column":29},"end":{"line":283,"column":48}},"68":{"start":{"line":286,"column":4},"end":{"line":286,"column":57}},"69":{"start":{"line":290,"column":22},"end":{"line":290,"column":32}},"70":{"start":{"line":291,"column":21},"end":{"line":291,"column":88}},"71":{"start":{"line":292,"column":4},"end":{"line":292,"column":24}},"72":{"start":{"line":293,"column":20},"end":{"line":293,"column":83}},"73":{"start":{"line":294,"column":4},"end":{"line":294,"column":48}},"74":{"start":{"line":295,"column":4},"end":{"line":295,"column":20}}},"fnMap":{"0":{"name":"ensureDir","decl":{"start":{"line":21,"column":9},"end":{"line":21,"column":18}},"loc":{"start":{"line":21,"column":29},"end":{"line":23,"column":1}},"line":21},"1":{"name":"loadJson","decl":{"start":{"line":25,"column":16},"end":{"line":25,"column":24}},"loc":{"start":{"line":25,"column":35},"end":{"line":32,"column":1}},"line":25},"2":{"name":"saveJson","decl":{"start":{"line":34,"column":16},"end":{"line":34,"column":24}},"loc":{"start":{"line":34,"column":41},"end":{"line":37,"column":1}},"line":34},"3":{"name":"(anonymous_3)","decl":{"start":{"line":40,"column":2},"end":{"line":40,"column":3}},"loc":{"start":{"line":40,"column":28},"end":{"line":47,"column":3}},"line":40},"4":{"name":"(anonymous_4)","decl":{"start":{"line":49,"column":2},"end":{"line":49,"column":3}},"loc":{"start":{"line":49,"column":22},"end":{"line":53,"column":3}},"line":49},"5":{"name":"(anonymous_5)","decl":{"start":{"line":51,"column":11},"end":{"line":51,"column":12}},"loc":{"start":{"line":51,"column":21},"end":{"line":51,"column":53}},"line":51},"6":{"name":"(anonymous_6)","decl":{"start":{"line":55,"column":2},"end":{"line":55,"column":3}},"loc":{"start":{"line":55,"column":43},"end":{"line":65,"column":3}},"line":55},"7":{"name":"(anonymous_7)","decl":{"start":{"line":67,"column":2},"end":{"line":67,"column":3}},"loc":{"start":{"line":67,"column":47},"end":{"line":91,"column":3}},"line":67},"8":{"name":"(anonymous_8)","decl":{"start":{"line":95,"column":2},"end":{"line":95,"column":3}},"loc":{"start":{"line":95,"column":25},"end":{"line":97,"column":3}},"line":95},"9":{"name":"(anonymous_9)","decl":{"start":{"line":99,"column":2},"end":{"line":99,"column":3}},"loc":{"start":{"line":99,"column":26},"end":{"line":101,"column":3}},"line":99},"10":{"name":"(anonymous_10)","decl":{"start":{"line":105,"column":2},"end":{"line":105,"column":3}},"loc":{"start":{"line":105,"column":28},"end":{"line":107,"column":3}},"line":105},"11":{"name":"(anonymous_11)","decl":{"start":{"line":109,"column":2},"end":{"line":109,"column":3}},"loc":{"start":{"line":109,"column":27},"end":{"line":111,"column":3}},"line":109},"12":{"name":"(anonymous_12)","decl":{"start":{"line":113,"column":2},"end":{"line":113,"column":3}},"loc":{"start":{"line":113,"column":27},"end":{"line":115,"column":3}},"line":113},"13":{"name":"(anonymous_13)","decl":{"start":{"line":126,"column":2},"end":{"line":126,"column":3}},"loc":{"start":{"line":126,"column":32},"end":{"line":140,"column":3}},"line":126},"14":{"name":"(anonymous_14)","decl":{"start":{"line":146,"column":2},"end":{"line":146,"column":3}},"loc":{"start":{"line":146,"column":24},"end":{"line":148,"column":3}},"line":146},"15":{"name":"(anonymous_15)","decl":{"start":{"line":154,"column":2},"end":{"line":154,"column":3}},"loc":{"start":{"line":154,"column":29},"end":{"line":156,"column":3}},"line":154},"16":{"name":"(anonymous_16)","decl":{"start":{"line":162,"column":2},"end":{"line":162,"column":3}},"loc":{"start":{"line":162,"column":24},"end":{"line":164,"column":3}},"line":162},"17":{"name":"(anonymous_17)","decl":{"start":{"line":170,"column":2},"end":{"line":170,"column":3}},"loc":{"start":{"line":170,"column":30},"end":{"line":172,"column":3}},"line":170},"18":{"name":"(anonymous_18)","decl":{"start":{"line":178,"column":2},"end":{"line":178,"column":3}},"loc":{"start":{"line":178,"column":31},"end":{"line":180,"column":3}},"line":178},"19":{"name":"(anonymous_19)","decl":{"start":{"line":187,"column":2},"end":{"line":187,"column":3}},"loc":{"start":{"line":187,"column":37},"end":{"line":197,"column":3}},"line":187},"20":{"name":"(anonymous_20)","decl":{"start":{"line":203,"column":2},"end":{"line":203,"column":3}},"loc":{"start":{"line":203,"column":32},"end":{"line":205,"column":3}},"line":203},"21":{"name":"(anonymous_21)","decl":{"start":{"line":212,"column":2},"end":{"line":212,"column":3}},"loc":{"start":{"line":212,"column":21},"end":{"line":214,"column":3}},"line":212},"22":{"name":"(anonymous_22)","decl":{"start":{"line":226,"column":2},"end":{"line":226,"column":3}},"loc":{"start":{"line":226,"column":28},"end":{"line":259,"column":3}},"line":226},"23":{"name":"(anonymous_23)","decl":{"start":{"line":266,"column":2},"end":{"line":266,"column":3}},"loc":{"start":{"line":266,"column":48},"end":{"line":287,"column":3}},"line":266},"24":{"name":"(anonymous_24)","decl":{"start":{"line":283,"column":24},"end":{"line":283,"column":25}},"loc":{"start":{"line":283,"column":29},"end":{"line":283,"column":48}},"line":283},"25":{"name":"(anonymous_25)","decl":{"start":{"line":289,"column":2},"end":{"line":289,"column":3}},"loc":{"start":{"line":289,"column":52},"end":{"line":296,"column":3}},"line":289}},"branchMap":{"0":{"loc":{"start":{"line":26,"column":2},"end":{"line":26,"column":42}},"type":"if","locations":[{"start":{"line":26,"column":2},"end":{"line":26,"column":42}},{"start":{},"end":{}}],"line":26},"1":{"loc":{"start":{"line":40,"column":14},"end":{"line":40,"column":26}},"type":"default-arg","locations":[{"start":{"line":40,"column":24},"end":{"line":40,"column":26}}],"line":40},"2":{"loc":{"start":{"line":41,"column":36},"end":{"line":41,"column":71}},"type":"binary-expr","locations":[{"start":{"line":41,"column":36},"end":{"line":41,"column":55}},{"start":{"line":41,"column":59},"end":{"line":41,"column":71}}],"line":41},"3":{"loc":{"start":{"line":42,"column":35},"end":{"line":42,"column":68}},"type":"binary-expr","locations":[{"start":{"line":42,"column":35},"end":{"line":42,"column":53}},{"start":{"line":42,"column":57},"end":{"line":42,"column":68}}],"line":42},"4":{"loc":{"start":{"line":43,"column":26},"end":{"line":43,"column":78}},"type":"binary-expr","locations":[{"start":{"line":43,"column":26},"end":{"line":43,"column":48}},{"start":{"line":43,"column":52},"end":{"line":43,"column":78}}],"line":43},"5":{"loc":{"start":{"line":46,"column":21},"end":{"line":46,"column":54}},"type":"binary-expr","locations":[{"start":{"line":46,"column":21},"end":{"line":46,"column":48}},{"start":{"line":46,"column":52},"end":{"line":46,"column":54}}],"line":46},"6":{"loc":{"start":{"line":55,"column":27},"end":{"line":55,"column":41}},"type":"default-arg","locations":[{"start":{"line":55,"column":39},"end":{"line":55,"column":41}}],"line":55},"7":{"loc":{"start":{"line":67,"column":34},"end":{"line":67,"column":45}},"type":"default-arg","locations":[{"start":{"line":67,"column":41},"end":{"line":67,"column":45}}],"line":67},"8":{"loc":{"start":{"line":68,"column":16},"end":{"line":68,"column":85}},"type":"cond-expr","locations":[{"start":{"line":68,"column":46},"end":{"line":68,"column":54}},{"start":{"line":68,"column":57},"end":{"line":68,"column":85}}],"line":68},"9":{"loc":{"start":{"line":75,"column":4},"end":{"line":77,"column":5}},"type":"if","locations":[{"start":{"line":75,"column":4},"end":{"line":77,"column":5}},{"start":{},"end":{}}],"line":75},"10":{"loc":{"start":{"line":82,"column":4},"end":{"line":84,"column":5}},"type":"if","locations":[{"start":{"line":82,"column":4},"end":{"line":84,"column":5}},{"start":{},"end":{}}],"line":82},"11":{"loc":{"start":{"line":126,"column":18},"end":{"line":126,"column":30}},"type":"default-arg","locations":[{"start":{"line":126,"column":28},"end":{"line":126,"column":30}}],"line":126},"12":{"loc":{"start":{"line":127,"column":20},"end":{"line":127,"column":65}},"type":"binary-expr","locations":[{"start":{"line":127,"column":20},"end":{"line":127,"column":35}},{"start":{"line":127,"column":39},"end":{"line":127,"column":65}}],"line":127},"13":{"loc":{"start":{"line":134,"column":12},"end":{"line":134,"column":29}},"type":"binary-expr","locations":[{"start":{"line":134,"column":12},"end":{"line":134,"column":24}},{"start":{"line":134,"column":28},"end":{"line":134,"column":29}}],"line":134},"14":{"loc":{"start":{"line":135,"column":12},"end":{"line":135,"column":30}},"type":"binary-expr","locations":[{"start":{"line":135,"column":12},"end":{"line":135,"column":24}},{"start":{"line":135,"column":28},"end":{"line":135,"column":30}}],"line":135},"15":{"loc":{"start":{"line":187,"column":23},"end":{"line":187,"column":35}},"type":"default-arg","locations":[{"start":{"line":187,"column":33},"end":{"line":187,"column":35}}],"line":187},"16":{"loc":{"start":{"line":193,"column":12},"end":{"line":193,"column":29}},"type":"binary-expr","locations":[{"start":{"line":193,"column":12},"end":{"line":193,"column":24}},{"start":{"line":193,"column":28},"end":{"line":193,"column":29}}],"line":193},"17":{"loc":{"start":{"line":194,"column":12},"end":{"line":194,"column":31}},"type":"binary-expr","locations":[{"start":{"line":194,"column":12},"end":{"line":194,"column":24}},{"start":{"line":194,"column":28},"end":{"line":194,"column":31}}],"line":194},"18":{"loc":{"start":{"line":233,"column":20},"end":{"line":233,"column":52}},"type":"binary-expr","locations":[{"start":{"line":233,"column":20},"end":{"line":233,"column":36}},{"start":{"line":233,"column":40},"end":{"line":233,"column":52}}],"line":233},"19":{"loc":{"start":{"line":234,"column":18},"end":{"line":234,"column":48}},"type":"binary-expr","locations":[{"start":{"line":234,"column":18},"end":{"line":234,"column":32}},{"start":{"line":234,"column":36},"end":{"line":234,"column":48}}],"line":234},"20":{"loc":{"start":{"line":235,"column":17},"end":{"line":235,"column":41}},"type":"binary-expr","locations":[{"start":{"line":235,"column":17},"end":{"line":235,"column":31}},{"start":{"line":235,"column":35},"end":{"line":235,"column":41}}],"line":235},"21":{"loc":{"start":{"line":236,"column":19},"end":{"line":236,"column":52}},"type":"binary-expr","locations":[{"start":{"line":236,"column":19},"end":{"line":236,"column":35}},{"start":{"line":236,"column":39},"end":{"line":236,"column":52}}],"line":236},"22":{"loc":{"start":{"line":237,"column":19},"end":{"line":237,"column":44}},"type":"binary-expr","locations":[{"start":{"line":237,"column":19},"end":{"line":237,"column":35}},{"start":{"line":237,"column":39},"end":{"line":237,"column":44}}],"line":237},"23":{"loc":{"start":{"line":243,"column":4},"end":{"line":245,"column":5}},"type":"if","locations":[{"start":{"line":243,"column":4},"end":{"line":245,"column":5}},{"start":{},"end":{}}],"line":243},"24":{"loc":{"start":{"line":266,"column":28},"end":{"line":266,"column":46}},"type":"default-arg","locations":[{"start":{"line":266,"column":40},"end":{"line":266,"column":46}}],"line":266},"25":{"loc":{"start":{"line":275,"column":6},"end":{"line":277,"column":7}},"type":"if","locations":[{"start":{"line":275,"column":6},"end":{"line":277,"column":7}},{"start":{},"end":{}}],"line":275},"26":{"loc":{"start":{"line":275,"column":10},"end":{"line":275,"column":56}},"type":"binary-expr","locations":[{"start":{"line":275,"column":10},"end":{"line":275,"column":32}},{"start":{"line":275,"column":36},"end":{"line":275,"column":56}}],"line":275},"27":{"loc":{"start":{"line":279,"column":6},"end":{"line":281,"column":7}},"type":"if","locations":[{"start":{"line":279,"column":6},"end":{"line":281,"column":7}},{"start":{},"end":{}}],"line":279},"28":{"loc":{"start":{"line":279,"column":10},"end":{"line":279,"column":51}},"type":"binary-expr","locations":[{"start":{"line":279,"column":10},"end":{"line":279,"column":29}},{"start":{"line":279,"column":33},"end":{"line":279,"column":51}}],"line":279},"29":{"loc":{"start":{"line":289,"column":32},"end":{"line":289,"column":50}},"type":"default-arg","locations":[{"start":{"line":289,"column":44},"end":{"line":289,"column":50}}],"line":289},"30":{"loc":{"start":{"line":293,"column":20},"end":{"line":293,"column":83}},"type":"cond-expr","locations":[{"start":{"line":293,"column":47},"end":{"line":293,"column":51}},{"start":{"line":293,"column":54},"end":{"line":293,"column":83}}],"line":293}},"s":{"0":0,"1":0,"2":0,"3":0,"4":0,"5":0,"6":0,"7":0,"8":0,"9":0,"10":0,"11":0,"12":0,"13":0,"14":0,"15":0,"16":0,"17":0,"18":0,"19":0,"20":0,"21":0,"22":0,"23":0,"24":0,"25":0,"26":0,"27":0,"28":0,"29":0,"30":0,"31":0,"32":0,"33":0,"34":0,"35":0,"36":0,"37":0,"38":0,"39":0,"40":0,"41":0,"42":0,"43":0,"44":0,"45":0,"46":0,"47":0,"48":0,"49":0,"50":0,"51":0,"52":0,"53":0,"54":0,"55":0,"56":0,"57":0,"58":0,"59":0,"60":0,"61":0,"62":0,"63":0,"64":0,"65":0,"66":0,"67":0,"68":0,"69":0,"70":0,"71":0,"72":0,"73":0,"74":0},"f":{"0":0,"1":0,"2":0,"3":0,"4":0,"5":0,"6":0,"7":0,"8":0,"9":0,"10":0,"11":0,"12":0,"13":0,"14":0,"15":0,"16":0,"17":0,"18":0,"19":0,"20":0,"21":0,"22":0,"23":0,"24":0,"25":0},"b":{"0":[0,0],"1":[0],"2":[0,0],"3":[0,0],"4":[0,0],"5":[0,0],"6":[0],"7":[0],"8":[0,0],"9":[0,0],"10":[0,0],"11":[0],"12":[0,0],"13":[0,0],"14":[0,0],"15":[0],"16":[0,0],"17":[0,0],"18":[0,0],"19":[0,0],"20":[0,0],"21":[0,0],"22":[0,0],"23":[0,0],"24":[0],"25":[0,0],"26":[0,0],"27":[0,0],"28":[0,0],"29":[0],"30":[0,0]},"inputSourceMap":null}
,"/Users/yuping/Downloads/git/stock-website-crawler/skills/bigquant_strategy/request/bigquant-auth.js": {"path":"/Users/yuping/Downloads/git/stock-website-crawler/skills/bigquant_strategy/request/bigquant-auth.js","statementMap":{"0":{"start":{"line":11,"column":19},"end":{"line":11,"column":138}},"1":{"start":{"line":12,"column":15},"end":{"line":12,"column":37}},"2":{"start":{"line":15,"column":2},"end":{"line":15,"column":53}},"3":{"start":{"line":19,"column":2},"end":{"line":19,"column":37}},"4":{"start":{"line":19,"column":25},"end":{"line":19,"column":37}},"5":{"start":{"line":20,"column":2},"end":{"line":20,"column":79}},"6":{"start":{"line":20,"column":8},"end":{"line":20,"column":54}},"7":{"start":{"line":20,"column":65},"end":{"line":20,"column":77}},"8":{"start":{"line":24,"column":2},"end":{"line":24,"column":15}},"9":{"start":{"line":25,"column":2},"end":{"line":25,"column":61}},"10":{"start":{"line":32,"column":14},"end":{"line":32,"column":64}},"11":{"start":{"line":33,"column":2},"end":{"line":54,"column":5}},"12":{"start":{"line":34,"column":18},"end":{"line":34,"column":49}},"13":{"start":{"line":34,"column":40},"end":{"line":34,"column":48}},"14":{"start":{"line":35,"column":32},"end":{"line":35,"column":37}},"15":{"start":{"line":36,"column":18},"end":{"line":36,"column":38}},"16":{"start":{"line":37,"column":17},"end":{"line":37,"column":40}},"17":{"start":{"line":38,"column":18},"end":{"line":38,"column":42}},"18":{"start":{"line":39,"column":20},"end":{"line":39,"column":22}},"19":{"start":{"line":40,"column":4},"end":{"line":43,"column":5}},"20":{"start":{"line":41,"column":21},"end":{"line":41,"column":33}},"21":{"start":{"line":42,"column":6},"end":{"line":42,"column":43}},"22":{"start":{"line":44,"column":4},"end":{"line":53,"column":6}},"23":{"start":{"line":61,"column":14},"end":{"line":61,"column":23}},"24":{"start":{"line":62,"column":2},"end":{"line":62,"column":64}},"25":{"start":{"line":62,"column":28},"end":{"line":62,"column":64}},"26":{"start":{"line":63,"column":2},"end":{"line":63,"column":64}},"27":{"start":{"line":63,"column":28},"end":{"line":63,"column":64}},"28":{"start":{"line":64,"column":2},"end":{"line":64,"column":27}},"29":{"start":{"line":71,"column":2},"end":{"line":71,"column":25}},"30":{"start":{"line":71,"column":12},"end":{"line":71,"column":25}},"31":{"start":{"line":72,"column":2},"end":{"line":77,"column":3}},"32":{"start":{"line":73,"column":20},"end":{"line":73,"column":83}},"33":{"start":{"line":74,"column":4},"end":{"line":74,"column":48}},"34":{"start":{"line":76,"column":4},"end":{"line":76,"column":17}},"35":{"start":{"line":84,"column":2},"end":{"line":84,"column":46}},"36":{"start":{"line":84,"column":33},"end":{"line":84,"column":46}},"37":{"start":{"line":85,"column":14},"end":{"line":85,"column":67}},"38":{"start":{"line":85,"column":40},"end":{"line":85,"column":59}},"39":{"start":{"line":86,"column":2},"end":{"line":86,"column":25}},"40":{"start":{"line":93,"column":2},"end":{"line":93,"column":44}},"41":{"start":{"line":93,"column":22},"end":{"line":93,"column":44}},"42":{"start":{"line":95,"column":14},"end":{"line":95,"column":68}},"43":{"start":{"line":95,"column":41},"end":{"line":95,"column":60}},"44":{"start":{"line":96,"column":2},"end":{"line":101,"column":3}},"45":{"start":{"line":97,"column":4},"end":{"line":100,"column":28}},"46":{"start":{"line":98,"column":22},"end":{"line":98,"column":85}},"47":{"start":{"line":99,"column":6},"end":{"line":99,"column":45}},"48":{"start":{"line":100,"column":14},"end":{"line":100,"column":26}},"49":{"start":{"line":103,"column":2},"end":{"line":103,"column":72}},"50":{"start":{"line":103,"column":36},"end":{"line":103,"column":55}},"51":{"start":{"line":110,"column":2},"end":{"line":110,"column":49}},"52":{"start":{"line":113,"column":19},"end":{"line":116,"column":4}},"53":{"start":{"line":117,"column":22},"end":{"line":117,"column":55}},"54":{"start":{"line":119,"column":23},"end":{"line":119,"column":87}},"55":{"start":{"line":119,"column":36},"end":{"line":119,"column":87}},"56":{"start":{"line":119,"column":53},"end":{"line":119,"column":75}},"57":{"start":{"line":122,"column":20},"end":{"line":133,"column":4}},"58":{"start":{"line":135,"column":23},"end":{"line":135,"column":57}},"59":{"start":{"line":136,"column":20},"end":{"line":136,"column":42}},"60":{"start":{"line":139,"column":2},"end":{"line":139,"column":70}},"61":{"start":{"line":139,"column":8},"end":{"line":139,"column":42}},"62":{"start":{"line":139,"column":53},"end":{"line":139,"column":68}},"63":{"start":{"line":141,"column":2},"end":{"line":145,"column":3}},"64":{"start":{"line":143,"column":4},"end":{"line":143,"column":42}},"65":{"start":{"line":144,"column":4},"end":{"line":144,"column":71}},"66":{"start":{"line":147,"column":21},"end":{"line":147,"column":60}},"67":{"start":{"line":150,"column":17},"end":{"line":155,"column":4}},"68":{"start":{"line":156,"column":17},"end":{"line":156,"column":36}},"69":{"start":{"line":158,"column":2},"end":{"line":160,"column":3}},"70":{"start":{"line":159,"column":4},"end":{"line":159,"column":57}},"71":{"start":{"line":162,"column":17},"end":{"line":162,"column":32}},"72":{"start":{"line":163,"column":2},"end":{"line":163,"column":67}},"73":{"start":{"line":165,"column":18},"end":{"line":170,"column":3}},"74":{"start":{"line":172,"column":2},"end":{"line":172,"column":17}},"75":{"start":{"line":179,"column":23},"end":{"line":179,"column":87}},"76":{"start":{"line":179,"column":36},"end":{"line":179,"column":87}},"77":{"start":{"line":179,"column":53},"end":{"line":179,"column":75}},"78":{"start":{"line":182,"column":15},"end":{"line":193,"column":4}},"79":{"start":{"line":195,"column":23},"end":{"line":195,"column":52}},"80":{"start":{"line":196,"column":15},"end":{"line":196,"column":32}},"81":{"start":{"line":198,"column":2},"end":{"line":198,"column":55}},"82":{"start":{"line":198,"column":8},"end":{"line":198,"column":32}},"83":{"start":{"line":198,"column":43},"end":{"line":198,"column":53}},"84":{"start":{"line":200,"column":2},"end":{"line":202,"column":3}},"85":{"start":{"line":201,"column":4},"end":{"line":201,"column":68}},"86":{"start":{"line":204,"column":21},"end":{"line":204,"column":60}},"87":{"start":{"line":205,"column":17},"end":{"line":205,"column":52}},"88":{"start":{"line":207,"column":2},"end":{"line":207,"column":55}},"89":{"start":{"line":209,"column":2},"end":{"line":214,"column":4}},"90":{"start":{"line":221,"column":22},"end":{"line":221,"column":57}},"91":{"start":{"line":222,"column":19},"end":{"line":222,"column":40}},"92":{"start":{"line":224,"column":2},"end":{"line":231,"column":3}},"93":{"start":{"line":226,"column":4},"end":{"line":228,"column":5}},"94":{"start":{"line":227,"column":6},"end":{"line":227,"column":48}},"95":{"start":{"line":229,"column":4},"end":{"line":229,"column":65}},"96":{"start":{"line":230,"column":4},"end":{"line":230,"column":20}},"97":{"start":{"line":233,"column":19},"end":{"line":233,"column":68}},"98":{"start":{"line":234,"column":19},"end":{"line":234,"column":68}},"99":{"start":{"line":236,"column":2},"end":{"line":238,"column":3}},"100":{"start":{"line":237,"column":4},"end":{"line":237,"column":77}},"101":{"start":{"line":240,"column":18},"end":{"line":240,"column":61}},"102":{"start":{"line":241,"column":2},"end":{"line":241,"column":33}},"103":{"start":{"line":242,"column":2},"end":{"line":242,"column":52}},"104":{"start":{"line":244,"column":2},"end":{"line":244,"column":17}}},"fnMap":{"0":{"name":"ensureDir","decl":{"start":{"line":14,"column":9},"end":{"line":14,"column":18}},"loc":{"start":{"line":14,"column":22},"end":{"line":16,"column":1}},"line":14},"1":{"name":"loadJson","decl":{"start":{"line":18,"column":9},"end":{"line":18,"column":17}},"loc":{"start":{"line":18,"column":21},"end":{"line":21,"column":1}},"line":18},"2":{"name":"saveJson","decl":{"start":{"line":23,"column":9},"end":{"line":23,"column":17}},"loc":{"start":{"line":23,"column":27},"end":{"line":26,"column":1}},"line":23},"3":{"name":"parseSetCookies","decl":{"start":{"line":31,"column":9},"end":{"line":31,"column":24}},"loc":{"start":{"line":31,"column":34},"end":{"line":55,"column":1}},"line":31},"4":{"name":"(anonymous_4)","decl":{"start":{"line":33,"column":17},"end":{"line":33,"column":18}},"loc":{"start":{"line":33,"column":22},"end":{"line":54,"column":3}},"line":33},"5":{"name":"(anonymous_5)","decl":{"start":{"line":34,"column":35},"end":{"line":34,"column":36}},"loc":{"start":{"line":34,"column":40},"end":{"line":34,"column":48}},"line":34},"6":{"name":"mergeCookies","decl":{"start":{"line":60,"column":9},"end":{"line":60,"column":21}},"loc":{"start":{"line":60,"column":42},"end":{"line":65,"column":1}},"line":60},"7":{"name":"isJwtValid","decl":{"start":{"line":70,"column":9},"end":{"line":70,"column":19}},"loc":{"start":{"line":70,"column":25},"end":{"line":78,"column":1}},"line":70},"8":{"name":"isSessionValid","decl":{"start":{"line":83,"column":16},"end":{"line":83,"column":30}},"loc":{"start":{"line":83,"column":40},"end":{"line":87,"column":1}},"line":83},"9":{"name":"(anonymous_9)","decl":{"start":{"line":85,"column":35},"end":{"line":85,"column":36}},"loc":{"start":{"line":85,"column":40},"end":{"line":85,"column":59}},"line":85},"10":{"name":"extractUserId","decl":{"start":{"line":92,"column":16},"end":{"line":92,"column":29}},"loc":{"start":{"line":92,"column":39},"end":{"line":104,"column":1}},"line":92},"11":{"name":"(anonymous_11)","decl":{"start":{"line":95,"column":36},"end":{"line":95,"column":37}},"loc":{"start":{"line":95,"column":41},"end":{"line":95,"column":60}},"line":95},"12":{"name":"(anonymous_12)","decl":{"start":{"line":103,"column":31},"end":{"line":103,"column":32}},"loc":{"start":{"line":103,"column":36},"end":{"line":103,"column":55}},"line":103},"13":{"name":"loginWithPassword","decl":{"start":{"line":109,"column":22},"end":{"line":109,"column":39}},"loc":{"start":{"line":109,"column":60},"end":{"line":173,"column":1}},"line":109},"14":{"name":"(anonymous_14)","decl":{"start":{"line":119,"column":23},"end":{"line":119,"column":24}},"loc":{"start":{"line":119,"column":36},"end":{"line":119,"column":87}},"line":119},"15":{"name":"(anonymous_15)","decl":{"start":{"line":119,"column":48},"end":{"line":119,"column":49}},"loc":{"start":{"line":119,"column":53},"end":{"line":119,"column":75}},"line":119},"16":{"name":"loginWithPasswordAlt","decl":{"start":{"line":178,"column":15},"end":{"line":178,"column":35}},"loc":{"start":{"line":178,"column":69},"end":{"line":215,"column":1}},"line":178},"17":{"name":"(anonymous_17)","decl":{"start":{"line":179,"column":23},"end":{"line":179,"column":24}},"loc":{"start":{"line":179,"column":36},"end":{"line":179,"column":87}},"line":179},"18":{"name":"(anonymous_18)","decl":{"start":{"line":179,"column":48},"end":{"line":179,"column":49}},"loc":{"start":{"line":179,"column":53},"end":{"line":179,"column":75}},"line":179},"19":{"name":"ensureSession","decl":{"start":{"line":220,"column":22},"end":{"line":220,"column":35}},"loc":{"start":{"line":220,"column":50},"end":{"line":245,"column":1}},"line":220}},"branchMap":{"0":{"loc":{"start":{"line":19,"column":2},"end":{"line":19,"column":37}},"type":"if","locations":[{"start":{"line":19,"column":2},"end":{"line":19,"column":37}},{"start":{},"end":{}}],"line":19},"1":{"loc":{"start":{"line":32,"column":14},"end":{"line":32,"column":64}},"type":"cond-expr","locations":[{"start":{"line":32,"column":37},"end":{"line":32,"column":59}},{"start":{"line":32,"column":62},"end":{"line":32,"column":64}}],"line":32},"2":{"loc":{"start":{"line":42,"column":33},"end":{"line":42,"column":42}},"type":"binary-expr","locations":[{"start":{"line":42,"column":33},"end":{"line":42,"column":34}},{"start":{"line":42,"column":38},"end":{"line":42,"column":42}}],"line":42},"3":{"loc":{"start":{"line":47,"column":14},"end":{"line":47,"column":46}},"type":"binary-expr","locations":[{"start":{"line":47,"column":14},"end":{"line":47,"column":28}},{"start":{"line":47,"column":32},"end":{"line":47,"column":46}}],"line":47},"4":{"loc":{"start":{"line":48,"column":12},"end":{"line":48,"column":31}},"type":"binary-expr","locations":[{"start":{"line":48,"column":12},"end":{"line":48,"column":24}},{"start":{"line":48,"column":28},"end":{"line":48,"column":31}}],"line":48},"5":{"loc":{"start":{"line":49,"column":15},"end":{"line":49,"column":80}},"type":"cond-expr","locations":[{"start":{"line":49,"column":33},"end":{"line":49,"column":75}},{"start":{"line":49,"column":78},"end":{"line":49,"column":80}}],"line":49},"6":{"loc":{"start":{"line":52,"column":16},"end":{"line":52,"column":41}},"type":"binary-expr","locations":[{"start":{"line":52,"column":16},"end":{"line":52,"column":32}},{"start":{"line":52,"column":36},"end":{"line":52,"column":41}}],"line":52},"7":{"loc":{"start":{"line":71,"column":2},"end":{"line":71,"column":25}},"type":"if","locations":[{"start":{"line":71,"column":2},"end":{"line":71,"column":25}},{"start":{},"end":{}}],"line":71},"8":{"loc":{"start":{"line":84,"column":2},"end":{"line":84,"column":46}},"type":"if","locations":[{"start":{"line":84,"column":2},"end":{"line":84,"column":46}},{"start":{},"end":{}}],"line":84},"9":{"loc":{"start":{"line":93,"column":2},"end":{"line":93,"column":44}},"type":"if","locations":[{"start":{"line":93,"column":2},"end":{"line":93,"column":44}},{"start":{},"end":{}}],"line":93},"10":{"loc":{"start":{"line":96,"column":2},"end":{"line":101,"column":3}},"type":"if","locations":[{"start":{"line":96,"column":2},"end":{"line":101,"column":3}},{"start":{},"end":{}}],"line":96},"11":{"loc":{"start":{"line":99,"column":13},"end":{"line":99,"column":44}},"type":"binary-expr","locations":[{"start":{"line":99,"column":13},"end":{"line":99,"column":29}},{"start":{"line":99,"column":33},"end":{"line":99,"column":44}}],"line":99},"12":{"loc":{"start":{"line":103,"column":9},"end":{"line":103,"column":71}},"type":"binary-expr","locations":[{"start":{"line":103,"column":9},"end":{"line":103,"column":63}},{"start":{"line":103,"column":67},"end":{"line":103,"column":71}}],"line":103},"13":{"loc":{"start":{"line":141,"column":2},"end":{"line":145,"column":3}},"type":"if","locations":[{"start":{"line":141,"column":2},"end":{"line":145,"column":3}},{"start":{},"end":{}}],"line":141},"14":{"loc":{"start":{"line":141,"column":6},"end":{"line":141,"column":54}},"type":"binary-expr","locations":[{"start":{"line":141,"column":6},"end":{"line":141,"column":30}},{"start":{"line":141,"column":34},"end":{"line":141,"column":54}}],"line":141},"15":{"loc":{"start":{"line":158,"column":2},"end":{"line":160,"column":3}},"type":"if","locations":[{"start":{"line":158,"column":2},"end":{"line":160,"column":3}},{"start":{},"end":{}}],"line":158},"16":{"loc":{"start":{"line":200,"column":2},"end":{"line":202,"column":3}},"type":"if","locations":[{"start":{"line":200,"column":2},"end":{"line":202,"column":3}},{"start":{},"end":{}}],"line":200},"17":{"loc":{"start":{"line":200,"column":6},"end":{"line":200,"column":44}},"type":"binary-expr","locations":[{"start":{"line":200,"column":6},"end":{"line":200,"column":25}},{"start":{"line":200,"column":29},"end":{"line":200,"column":44}}],"line":200},"18":{"loc":{"start":{"line":205,"column":17},"end":{"line":205,"column":52}},"type":"binary-expr","locations":[{"start":{"line":205,"column":17},"end":{"line":205,"column":30}},{"start":{"line":205,"column":34},"end":{"line":205,"column":52}}],"line":205},"19":{"loc":{"start":{"line":220,"column":36},"end":{"line":220,"column":48}},"type":"default-arg","locations":[{"start":{"line":220,"column":46},"end":{"line":220,"column":48}}],"line":220},"20":{"loc":{"start":{"line":221,"column":22},"end":{"line":221,"column":57}},"type":"binary-expr","locations":[{"start":{"line":221,"column":22},"end":{"line":221,"column":41}},{"start":{"line":221,"column":45},"end":{"line":221,"column":57}}],"line":221},"21":{"loc":{"start":{"line":224,"column":2},"end":{"line":231,"column":3}},"type":"if","locations":[{"start":{"line":224,"column":2},"end":{"line":231,"column":3}},{"start":{},"end":{}}],"line":224},"22":{"loc":{"start":{"line":226,"column":4},"end":{"line":228,"column":5}},"type":"if","locations":[{"start":{"line":226,"column":4},"end":{"line":228,"column":5}},{"start":{},"end":{}}],"line":226},"23":{"loc":{"start":{"line":233,"column":19},"end":{"line":233,"column":68}},"type":"binary-expr","locations":[{"start":{"line":233,"column":19},"end":{"line":233,"column":35}},{"start":{"line":233,"column":39},"end":{"line":233,"column":68}}],"line":233},"24":{"loc":{"start":{"line":234,"column":19},"end":{"line":234,"column":68}},"type":"binary-expr","locations":[{"start":{"line":234,"column":19},"end":{"line":234,"column":35}},{"start":{"line":234,"column":39},"end":{"line":234,"column":68}}],"line":234},"25":{"loc":{"start":{"line":236,"column":2},"end":{"line":238,"column":3}},"type":"if","locations":[{"start":{"line":236,"column":2},"end":{"line":238,"column":3}},{"start":{},"end":{}}],"line":236},"26":{"loc":{"start":{"line":236,"column":6},"end":{"line":236,"column":28}},"type":"binary-expr","locations":[{"start":{"line":236,"column":6},"end":{"line":236,"column":15}},{"start":{"line":236,"column":19},"end":{"line":236,"column":28}}],"line":236}},"s":{"0":0,"1":0,"2":0,"3":0,"4":0,"5":0,"6":0,"7":0,"8":0,"9":0,"10":0,"11":0,"12":0,"13":0,"14":0,"15":0,"16":0,"17":0,"18":0,"19":0,"20":0,"21":0,"22":0,"23":0,"24":0,"25":0,"26":0,"27":0,"28":0,"29":0,"30":0,"31":0,"32":0,"33":0,"34":0,"35":0,"36":0,"37":0,"38":0,"39":0,"40":0,"41":0,"42":0,"43":0,"44":0,"45":0,"46":0,"47":0,"48":0,"49":0,"50":0,"51":0,"52":0,"53":0,"54":0,"55":0,"56":0,"57":0,"58":0,"59":0,"60":0,"61":0,"62":0,"63":0,"64":0,"65":0,"66":0,"67":0,"68":0,"69":0,"70":0,"71":0,"72":0,"73":0,"74":0,"75":0,"76":0,"77":0,"78":0,"79":0,"80":0,"81":0,"82":0,"83":0,"84":0,"85":0,"86":0,"87":0,"88":0,"89":0,"90":0,"91":0,"92":0,"93":0,"94":0,"95":0,"96":0,"97":0,"98":0,"99":0,"100":0,"101":0,"102":0,"103":0,"104":0},"f":{"0":0,"1":0,"2":0,"3":0,"4":0,"5":0,"6":0,"7":0,"8":0,"9":0,"10":0,"11":0,"12":0,"13":0,"14":0,"15":0,"16":0,"17":0,"18":0,"19":0},"b":{"0":[0,0],"1":[0,0],"2":[0,0],"3":[0,0],"4":[0,0],"5":[0,0],"6":[0,0],"7":[0,0],"8":[0,0],"9":[0,0],"10":[0,0],"11":[0,0],"12":[0,0],"13":[0,0],"14":[0,0],"15":[0,0],"16":[0,0],"17":[0,0],"18":[0,0],"19":[0],"20":[0,0],"21":[0,0],"22":[0,0],"23":[0,0],"24":[0,0],"25":[0,0],"26":[0,0]},"inputSourceMap":null}
,"/Users/yuping/Downloads/git/stock-website-crawler/skills/bigquant_strategy/request/bigquant-client.js": {"path":"/Users/yuping/Downloads/git/stock-website-crawler/skills/bigquant_strategy/request/bigquant-client.js","statementMap":{"0":{"start":{"line":21,"column":15},"end":{"line":21,"column":37}},"1":{"start":{"line":24,"column":2},"end":{"line":24,"column":53}},"2":{"start":{"line":28,"column":2},"end":{"line":28,"column":25}},"3":{"start":{"line":28,"column":15},"end":{"line":28,"column":25}},"4":{"start":{"line":29,"column":2},"end":{"line":31,"column":3}},"5":{"start":{"line":30,"column":4},"end":{"line":30,"column":89}},"6":{"start":{"line":32,"column":2},"end":{"line":34,"column":3}},"7":{"start":{"line":33,"column":4},"end":{"line":33,"column":71}},"8":{"start":{"line":35,"column":2},"end":{"line":42,"column":3}},"9":{"start":{"line":36,"column":4},"end":{"line":40,"column":5}},"10":{"start":{"line":37,"column":6},"end":{"line":39,"column":44}},"11":{"start":{"line":41,"column":4},"end":{"line":41,"column":45}},"12":{"start":{"line":43,"column":2},"end":{"line":43,"column":12}},"13":{"start":{"line":48,"column":4},"end":{"line":48,"column":27}},"14":{"start":{"line":49,"column":4},"end":{"line":52,"column":18}},"15":{"start":{"line":50,"column":19},"end":{"line":50,"column":52}},"16":{"start":{"line":51,"column":16},"end":{"line":51,"column":38}},"17":{"start":{"line":53,"column":4},"end":{"line":53,"column":41}},"18":{"start":{"line":54,"column":4},"end":{"line":54,"column":86}},"19":{"start":{"line":55,"column":4},"end":{"line":55,"column":56}},"20":{"start":{"line":56,"column":4},"end":{"line":56,"column":99}},"21":{"start":{"line":59,"column":4},"end":{"line":65,"column":7}},"22":{"start":{"line":63,"column":8},"end":{"line":63,"column":65}},"23":{"start":{"line":71,"column":4},"end":{"line":85,"column":6}},"24":{"start":{"line":89,"column":20},"end":{"line":89,"column":68}},"25":{"start":{"line":92,"column":21},"end":{"line":97,"column":6}},"26":{"start":{"line":99,"column":4},"end":{"line":99,"column":67}},"27":{"start":{"line":99,"column":10},"end":{"line":99,"column":38}},"28":{"start":{"line":99,"column":49},"end":{"line":99,"column":65}},"29":{"start":{"line":109,"column":4},"end":{"line":109,"column":58}},"30":{"start":{"line":109,"column":30},"end":{"line":109,"column":58}},"31":{"start":{"line":111,"column":19},"end":{"line":111,"column":80}},"32":{"start":{"line":112,"column":18},"end":{"line":112,"column":35}},"33":{"start":{"line":115,"column":19},"end":{"line":115,"column":46}},"34":{"start":{"line":115,"column":37},"end":{"line":115,"column":45}},"35":{"start":{"line":116,"column":4},"end":{"line":121,"column":5}},"36":{"start":{"line":117,"column":19},"end":{"line":117,"column":28}},"37":{"start":{"line":118,"column":6},"end":{"line":118,"column":64}},"38":{"start":{"line":119,"column":6},"end":{"line":119,"column":37}},"39":{"start":{"line":120,"column":6},"end":{"line":120,"column":21}},"40":{"start":{"line":124,"column":21},"end":{"line":124,"column":88}},"41":{"start":{"line":125,"column":19},"end":{"line":125,"column":36}},"42":{"start":{"line":126,"column":4},"end":{"line":130,"column":5}},"43":{"start":{"line":127,"column":6},"end":{"line":127,"column":77}},"44":{"start":{"line":128,"column":6},"end":{"line":128,"column":36}},"45":{"start":{"line":129,"column":6},"end":{"line":129,"column":20}},"46":{"start":{"line":132,"column":4},"end":{"line":132,"column":61}},"47":{"start":{"line":138,"column":4},"end":{"line":147,"column":5}},"48":{"start":{"line":139,"column":21},"end":{"line":141,"column":8}},"49":{"start":{"line":142,"column":21},"end":{"line":142,"column":41}},"50":{"start":{"line":143,"column":6},"end":{"line":143,"column":44}},"51":{"start":{"line":144,"column":6},"end":{"line":144,"column":20}},"52":{"start":{"line":146,"column":6},"end":{"line":146,"column":67}},"53":{"start":{"line":153,"column":27},"end":{"line":153,"column":61}},"54":{"start":{"line":155,"column":19},"end":{"line":186,"column":6}},"55":{"start":{"line":188,"column":19},"end":{"line":188,"column":34}},"56":{"start":{"line":189,"column":4},"end":{"line":189,"column":74}},"57":{"start":{"line":189,"column":17},"end":{"line":189,"column":74}},"58":{"start":{"line":190,"column":4},"end":{"line":190,"column":18}},"59":{"start":{"line":194,"column":4},"end":{"line":194,"column":69}},"60":{"start":{"line":198,"column":24},"end":{"line":201,"column":7}},"61":{"start":{"line":202,"column":17},"end":{"line":202,"column":35}},"62":{"start":{"line":203,"column":4},"end":{"line":203,"column":147}},"63":{"start":{"line":212,"column":19},"end":{"line":216,"column":6}},"64":{"start":{"line":217,"column":18},"end":{"line":217,"column":33}},"65":{"start":{"line":218,"column":4},"end":{"line":218,"column":67}},"66":{"start":{"line":218,"column":16},"end":{"line":218,"column":67}},"67":{"start":{"line":219,"column":4},"end":{"line":219,"column":17}},"68":{"start":{"line":225,"column":19},"end":{"line":225,"column":95}},"69":{"start":{"line":226,"column":4},"end":{"line":226,"column":35}},"70":{"start":{"line":232,"column":17},"end":{"line":232,"column":43}},"71":{"start":{"line":233,"column":20},"end":{"line":233,"column":41}},"72":{"start":{"line":234,"column":4},"end":{"line":234,"column":28}},"73":{"start":{"line":234,"column":18},"end":{"line":234,"column":28}},"74":{"start":{"line":235,"column":4},"end":{"line":238,"column":26}},"75":{"start":{"line":236,"column":23},"end":{"line":236,"column":42}},"76":{"start":{"line":237,"column":6},"end":{"line":237,"column":72}},"77":{"start":{"line":237,"column":52},"end":{"line":237,"column":70}},"78":{"start":{"line":238,"column":14},"end":{"line":238,"column":24}},"79":{"start":{"line":244,"column":18},"end":{"line":244,"column":28}},"80":{"start":{"line":245,"column":19},"end":{"line":245,"column":20}},"81":{"start":{"line":247,"column":4},"end":{"line":263,"column":5}},"82":{"start":{"line":248,"column":6},"end":{"line":248,"column":29}},"83":{"start":{"line":249,"column":6},"end":{"line":249,"column":17}},"84":{"start":{"line":251,"column":19},"end":{"line":251,"column":45}},"85":{"start":{"line":252,"column":20},"end":{"line":252,"column":46}},"86":{"start":{"line":253,"column":6},"end":{"line":253,"column":79}},"87":{"start":{"line":255,"column":6},"end":{"line":258,"column":7}},"88":{"start":{"line":256,"column":8},"end":{"line":256,"column":37}},"89":{"start":{"line":257,"column":8},"end":{"line":257,"column":40}},"90":{"start":{"line":259,"column":6},"end":{"line":262,"column":7}},"91":{"start":{"line":260,"column":8},"end":{"line":260,"column":46}},"92":{"start":{"line":261,"column":8},"end":{"line":261,"column":41}},"93":{"start":{"line":265,"column":4},"end":{"line":265,"column":30}},"94":{"start":{"line":266,"column":4},"end":{"line":266,"column":48}},"95":{"start":{"line":272,"column":4},"end":{"line":286,"column":6}},"96":{"start":{"line":284,"column":50},"end":{"line":284,"column":81}},"97":{"start":{"line":292,"column":21},"end":{"line":292,"column":89}},"98":{"start":{"line":293,"column":4},"end":{"line":293,"column":24}},"99":{"start":{"line":294,"column":20},"end":{"line":294,"column":87}},"100":{"start":{"line":295,"column":4},"end":{"line":295,"column":48}},"101":{"start":{"line":296,"column":4},"end":{"line":296,"column":20}},"102":{"start":{"line":299,"column":14},"end":{"line":299,"column":57}},"103":{"start":{"line":299,"column":38},"end":{"line":299,"column":55}}},"fnMap":{"0":{"name":"ensureDir","decl":{"start":{"line":23,"column":9},"end":{"line":23,"column":18}},"loc":{"start":{"line":23,"column":22},"end":{"line":25,"column":1}},"line":23},"1":{"name":"toOutputText","decl":{"start":{"line":27,"column":9},"end":{"line":27,"column":21}},"loc":{"start":{"line":27,"column":30},"end":{"line":44,"column":1}},"line":27},"2":{"name":"(anonymous_2)","decl":{"start":{"line":47,"column":2},"end":{"line":47,"column":3}},"loc":{"start":{"line":47,"column":37},"end":{"line":66,"column":3}},"line":47},"3":{"name":"(anonymous_3)","decl":{"start":{"line":50,"column":14},"end":{"line":50,"column":15}},"loc":{"start":{"line":50,"column":19},"end":{"line":50,"column":52}},"line":50},"4":{"name":"(anonymous_4)","decl":{"start":{"line":51,"column":11},"end":{"line":51,"column":12}},"loc":{"start":{"line":51,"column":16},"end":{"line":51,"column":38}},"line":51},"5":{"name":"(anonymous_5)","decl":{"start":{"line":62,"column":24},"end":{"line":62,"column":25}},"loc":{"start":{"line":62,"column":36},"end":{"line":64,"column":7}},"line":62},"6":{"name":"(anonymous_6)","decl":{"start":{"line":70,"column":2},"end":{"line":70,"column":3}},"loc":{"start":{"line":70,"column":27},"end":{"line":86,"column":3}},"line":70},"7":{"name":"(anonymous_7)","decl":{"start":{"line":88,"column":2},"end":{"line":88,"column":3}},"loc":{"start":{"line":88,"column":58},"end":{"line":100,"column":3}},"line":88},"8":{"name":"(anonymous_8)","decl":{"start":{"line":108,"column":2},"end":{"line":108,"column":3}},"loc":{"start":{"line":108,"column":32},"end":{"line":133,"column":3}},"line":108},"9":{"name":"(anonymous_9)","decl":{"start":{"line":115,"column":32},"end":{"line":115,"column":33}},"loc":{"start":{"line":115,"column":37},"end":{"line":115,"column":45}},"line":115},"10":{"name":"(anonymous_10)","decl":{"start":{"line":137,"column":2},"end":{"line":137,"column":3}},"loc":{"start":{"line":137,"column":25},"end":{"line":148,"column":3}},"line":137},"11":{"name":"(anonymous_11)","decl":{"start":{"line":152,"column":2},"end":{"line":152,"column":3}},"loc":{"start":{"line":152,"column":52},"end":{"line":191,"column":3}},"line":152},"12":{"name":"(anonymous_12)","decl":{"start":{"line":193,"column":2},"end":{"line":193,"column":3}},"loc":{"start":{"line":193,"column":24},"end":{"line":195,"column":3}},"line":193},"13":{"name":"(anonymous_13)","decl":{"start":{"line":197,"column":2},"end":{"line":197,"column":3}},"loc":{"start":{"line":197,"column":32},"end":{"line":204,"column":3}},"line":197},"14":{"name":"(anonymous_14)","decl":{"start":{"line":211,"column":2},"end":{"line":211,"column":3}},"loc":{"start":{"line":211,"column":28},"end":{"line":220,"column":3}},"line":211},"15":{"name":"(anonymous_15)","decl":{"start":{"line":224,"column":2},"end":{"line":224,"column":3}},"loc":{"start":{"line":224,"column":36},"end":{"line":227,"column":3}},"line":224},"16":{"name":"(anonymous_16)","decl":{"start":{"line":231,"column":2},"end":{"line":231,"column":3}},"loc":{"start":{"line":231,"column":35},"end":{"line":239,"column":3}},"line":231},"17":{"name":"(anonymous_17)","decl":{"start":{"line":237,"column":44},"end":{"line":237,"column":45}},"loc":{"start":{"line":237,"column":52},"end":{"line":237,"column":70}},"line":237},"18":{"name":"(anonymous_18)","decl":{"start":{"line":243,"column":2},"end":{"line":243,"column":3}},"loc":{"start":{"line":243,"column":54},"end":{"line":267,"column":3}},"line":243},"19":{"name":"(anonymous_19)","decl":{"start":{"line":271,"column":2},"end":{"line":271,"column":3}},"loc":{"start":{"line":271,"column":22},"end":{"line":287,"column":3}},"line":271},"20":{"name":"(anonymous_20)","decl":{"start":{"line":284,"column":37},"end":{"line":284,"column":38}},"loc":{"start":{"line":284,"column":50},"end":{"line":284,"column":81}},"line":284},"21":{"name":"(anonymous_21)","decl":{"start":{"line":291,"column":2},"end":{"line":291,"column":3}},"loc":{"start":{"line":291,"column":52},"end":{"line":297,"column":3}},"line":291},"22":{"name":"(anonymous_22)","decl":{"start":{"line":299,"column":2},"end":{"line":299,"column":3}},"loc":{"start":{"line":299,"column":12},"end":{"line":299,"column":59}},"line":299},"23":{"name":"(anonymous_23)","decl":{"start":{"line":299,"column":33},"end":{"line":299,"column":34}},"loc":{"start":{"line":299,"column":38},"end":{"line":299,"column":55}},"line":299}},"branchMap":{"0":{"loc":{"start":{"line":28,"column":2},"end":{"line":28,"column":25}},"type":"if","locations":[{"start":{"line":28,"column":2},"end":{"line":28,"column":25}},{"start":{},"end":{}}],"line":28},"1":{"loc":{"start":{"line":29,"column":2},"end":{"line":31,"column":3}},"type":"if","locations":[{"start":{"line":29,"column":2},"end":{"line":31,"column":3}},{"start":{},"end":{}}],"line":29},"2":{"loc":{"start":{"line":30,"column":11},"end":{"line":30,"column":88}},"type":"cond-expr","locations":[{"start":{"line":30,"column":40},"end":{"line":30,"column":60}},{"start":{"line":30,"column":63},"end":{"line":30,"column":88}}],"line":30},"3":{"loc":{"start":{"line":30,"column":70},"end":{"line":30,"column":87}},"type":"binary-expr","locations":[{"start":{"line":30,"column":70},"end":{"line":30,"column":81}},{"start":{"line":30,"column":85},"end":{"line":30,"column":87}}],"line":30},"4":{"loc":{"start":{"line":32,"column":2},"end":{"line":34,"column":3}},"type":"if","locations":[{"start":{"line":32,"column":2},"end":{"line":34,"column":3}},{"start":{},"end":{}}],"line":32},"5":{"loc":{"start":{"line":33,"column":14},"end":{"line":33,"column":37}},"type":"binary-expr","locations":[{"start":{"line":33,"column":14},"end":{"line":33,"column":26}},{"start":{"line":33,"column":30},"end":{"line":33,"column":37}}],"line":33},"6":{"loc":{"start":{"line":33,"column":42},"end":{"line":33,"column":61}},"type":"binary-expr","locations":[{"start":{"line":33,"column":42},"end":{"line":33,"column":55}},{"start":{"line":33,"column":59},"end":{"line":33,"column":61}}],"line":33},"7":{"loc":{"start":{"line":35,"column":2},"end":{"line":42,"column":3}},"type":"if","locations":[{"start":{"line":35,"column":2},"end":{"line":42,"column":3}},{"start":{},"end":{}}],"line":35},"8":{"loc":{"start":{"line":35,"column":6},"end":{"line":35,"column":86}},"type":"binary-expr","locations":[{"start":{"line":35,"column":6},"end":{"line":35,"column":45}},{"start":{"line":35,"column":49},"end":{"line":35,"column":86}}],"line":35},"9":{"loc":{"start":{"line":36,"column":4},"end":{"line":40,"column":5}},"type":"if","locations":[{"start":{"line":36,"column":4},"end":{"line":40,"column":5}},{"start":{},"end":{}}],"line":36},"10":{"loc":{"start":{"line":37,"column":13},"end":{"line":39,"column":43}},"type":"cond-expr","locations":[{"start":{"line":38,"column":10},"end":{"line":38,"column":44}},{"start":{"line":39,"column":10},"end":{"line":39,"column":43}}],"line":37},"11":{"loc":{"start":{"line":41,"column":26},"end":{"line":41,"column":43}},"type":"binary-expr","locations":[{"start":{"line":41,"column":26},"end":{"line":41,"column":37}},{"start":{"line":41,"column":41},"end":{"line":41,"column":43}}],"line":41},"12":{"loc":{"start":{"line":47,"column":23},"end":{"line":47,"column":35}},"type":"default-arg","locations":[{"start":{"line":47,"column":33},"end":{"line":47,"column":35}}],"line":47},"13":{"loc":{"start":{"line":54,"column":20},"end":{"line":54,"column":85}},"type":"binary-expr","locations":[{"start":{"line":54,"column":20},"end":{"line":54,"column":36}},{"start":{"line":54,"column":40},"end":{"line":54,"column":70}},{"start":{"line":54,"column":74},"end":{"line":54,"column":85}}],"line":54},"14":{"loc":{"start":{"line":55,"column":22},"end":{"line":55,"column":55}},"type":"binary-expr","locations":[{"start":{"line":55,"column":22},"end":{"line":55,"column":40}},{"start":{"line":55,"column":44},"end":{"line":55,"column":55}}],"line":55},"15":{"loc":{"start":{"line":56,"column":27},"end":{"line":56,"column":98}},"type":"binary-expr","locations":[{"start":{"line":56,"column":27},"end":{"line":56,"column":49}},{"start":{"line":56,"column":53},"end":{"line":56,"column":90}},{"start":{"line":56,"column":94},"end":{"line":56,"column":98}}],"line":56},"16":{"loc":{"start":{"line":63,"column":15},"end":{"line":63,"column":64}},"type":"binary-expr","locations":[{"start":{"line":63,"column":15},"end":{"line":63,"column":32}},{"start":{"line":63,"column":36},"end":{"line":63,"column":64}}],"line":63},"17":{"loc":{"start":{"line":70,"column":15},"end":{"line":70,"column":25}},"type":"default-arg","locations":[{"start":{"line":70,"column":23},"end":{"line":70,"column":25}}],"line":70},"18":{"loc":{"start":{"line":88,"column":29},"end":{"line":88,"column":40}},"type":"default-arg","locations":[{"start":{"line":88,"column":36},"end":{"line":88,"column":40}}],"line":88},"19":{"loc":{"start":{"line":88,"column":42},"end":{"line":88,"column":56}},"type":"default-arg","locations":[{"start":{"line":88,"column":55},"end":{"line":88,"column":56}}],"line":88},"20":{"loc":{"start":{"line":89,"column":20},"end":{"line":89,"column":68}},"type":"cond-expr","locations":[{"start":{"line":89,"column":45},"end":{"line":89,"column":48}},{"start":{"line":89,"column":51},"end":{"line":89,"column":68}}],"line":89},"21":{"loc":{"start":{"line":95,"column":12},"end":{"line":95,"column":60}},"type":"cond-expr","locations":[{"start":{"line":95,"column":28},"end":{"line":95,"column":48}},{"start":{"line":95,"column":51},"end":{"line":95,"column":60}}],"line":95},"22":{"loc":{"start":{"line":109,"column":4},"end":{"line":109,"column":58}},"type":"if","locations":[{"start":{"line":109,"column":4},"end":{"line":109,"column":58}},{"start":{},"end":{}}],"line":109},"23":{"loc":{"start":{"line":112,"column":18},"end":{"line":112,"column":35}},"type":"binary-expr","locations":[{"start":{"line":112,"column":18},"end":{"line":112,"column":29}},{"start":{"line":112,"column":33},"end":{"line":112,"column":35}}],"line":112},"24":{"loc":{"start":{"line":116,"column":4},"end":{"line":121,"column":5}},"type":"if","locations":[{"start":{"line":116,"column":4},"end":{"line":121,"column":5}},{"start":{},"end":{}}],"line":116},"25":{"loc":{"start":{"line":126,"column":4},"end":{"line":130,"column":5}},"type":"if","locations":[{"start":{"line":126,"column":4},"end":{"line":130,"column":5}},{"start":{},"end":{}}],"line":126},"26":{"loc":{"start":{"line":152,"column":39},"end":{"line":152,"column":50}},"type":"default-arg","locations":[{"start":{"line":152,"column":48},"end":{"line":152,"column":50}}],"line":152},"27":{"loc":{"start":{"line":171,"column":33},"end":{"line":171,"column":57}},"type":"binary-expr","locations":[{"start":{"line":171,"column":33},"end":{"line":171,"column":47}},{"start":{"line":171,"column":51},"end":{"line":171,"column":57}}],"line":171},"28":{"loc":{"start":{"line":172,"column":24},"end":{"line":172,"column":56}},"type":"binary-expr","locations":[{"start":{"line":172,"column":24},"end":{"line":172,"column":40}},{"start":{"line":172,"column":44},"end":{"line":172,"column":56}}],"line":172},"29":{"loc":{"start":{"line":173,"column":22},"end":{"line":173,"column":52}},"type":"binary-expr","locations":[{"start":{"line":173,"column":22},"end":{"line":173,"column":36}},{"start":{"line":173,"column":40},"end":{"line":173,"column":52}}],"line":173},"30":{"loc":{"start":{"line":174,"column":23},"end":{"line":174,"column":56}},"type":"binary-expr","locations":[{"start":{"line":174,"column":23},"end":{"line":174,"column":39}},{"start":{"line":174,"column":43},"end":{"line":174,"column":56}}],"line":174},"31":{"loc":{"start":{"line":175,"column":23},"end":{"line":175,"column":48}},"type":"binary-expr","locations":[{"start":{"line":175,"column":23},"end":{"line":175,"column":39}},{"start":{"line":175,"column":43},"end":{"line":175,"column":48}}],"line":175},"32":{"loc":{"start":{"line":189,"column":4},"end":{"line":189,"column":74}},"type":"if","locations":[{"start":{"line":189,"column":4},"end":{"line":189,"column":74}},{"start":{},"end":{}}],"line":189},"33":{"loc":{"start":{"line":197,"column":18},"end":{"line":197,"column":30}},"type":"default-arg","locations":[{"start":{"line":197,"column":28},"end":{"line":197,"column":30}}],"line":197},"34":{"loc":{"start":{"line":202,"column":17},"end":{"line":202,"column":35}},"type":"binary-expr","locations":[{"start":{"line":202,"column":17},"end":{"line":202,"column":29}},{"start":{"line":202,"column":33},"end":{"line":202,"column":35}}],"line":202},"35":{"loc":{"start":{"line":218,"column":4},"end":{"line":218,"column":67}},"type":"if","locations":[{"start":{"line":218,"column":4},"end":{"line":218,"column":67}},{"start":{},"end":{}}],"line":218},"36":{"loc":{"start":{"line":224,"column":23},"end":{"line":224,"column":34}},"type":"default-arg","locations":[{"start":{"line":224,"column":31},"end":{"line":224,"column":34}}],"line":224},"37":{"loc":{"start":{"line":226,"column":11},"end":{"line":226,"column":34}},"type":"binary-expr","locations":[{"start":{"line":226,"column":11},"end":{"line":226,"column":28}},{"start":{"line":226,"column":32},"end":{"line":226,"column":34}}],"line":226},"38":{"loc":{"start":{"line":234,"column":4},"end":{"line":234,"column":28}},"type":"if","locations":[{"start":{"line":234,"column":4},"end":{"line":234,"column":28}},{"start":{},"end":{}}],"line":234},"39":{"loc":{"start":{"line":237,"column":14},"end":{"line":237,"column":34}},"type":"binary-expr","locations":[{"start":{"line":237,"column":14},"end":{"line":237,"column":28}},{"start":{"line":237,"column":32},"end":{"line":237,"column":34}}],"line":237},"40":{"loc":{"start":{"line":237,"column":52},"end":{"line":237,"column":70}},"type":"binary-expr","locations":[{"start":{"line":237,"column":52},"end":{"line":237,"column":64}},{"start":{"line":237,"column":68},"end":{"line":237,"column":70}}],"line":237},"41":{"loc":{"start":{"line":243,"column":34},"end":{"line":243,"column":52}},"type":"default-arg","locations":[{"start":{"line":243,"column":46},"end":{"line":243,"column":52}}],"line":243},"42":{"loc":{"start":{"line":253,"column":54},"end":{"line":253,"column":72}},"type":"binary-expr","locations":[{"start":{"line":253,"column":54},"end":{"line":253,"column":59}},{"start":{"line":253,"column":63},"end":{"line":253,"column":72}}],"line":253},"43":{"loc":{"start":{"line":255,"column":6},"end":{"line":258,"column":7}},"type":"if","locations":[{"start":{"line":255,"column":6},"end":{"line":258,"column":7}},{"start":{},"end":{}}],"line":255},"44":{"loc":{"start":{"line":255,"column":10},"end":{"line":255,"column":54}},"type":"binary-expr","locations":[{"start":{"line":255,"column":10},"end":{"line":255,"column":31}},{"start":{"line":255,"column":35},"end":{"line":255,"column":54}}],"line":255},"45":{"loc":{"start":{"line":259,"column":6},"end":{"line":262,"column":7}},"type":"if","locations":[{"start":{"line":259,"column":6},"end":{"line":262,"column":7}},{"start":{},"end":{}}],"line":259},"46":{"loc":{"start":{"line":259,"column":10},"end":{"line":259,"column":49}},"type":"binary-expr","locations":[{"start":{"line":259,"column":10},"end":{"line":259,"column":28}},{"start":{"line":259,"column":32},"end":{"line":259,"column":49}}],"line":259},"47":{"loc":{"start":{"line":284,"column":50},"end":{"line":284,"column":81}},"type":"cond-expr","locations":[{"start":{"line":284,"column":69},"end":{"line":284,"column":77}},{"start":{"line":284,"column":80},"end":{"line":284,"column":81}}],"line":284},"48":{"loc":{"start":{"line":291,"column":32},"end":{"line":291,"column":50}},"type":"default-arg","locations":[{"start":{"line":291,"column":44},"end":{"line":291,"column":50}}],"line":291},"49":{"loc":{"start":{"line":294,"column":20},"end":{"line":294,"column":87}},"type":"cond-expr","locations":[{"start":{"line":294,"column":43},"end":{"line":294,"column":72}},{"start":{"line":294,"column":75},"end":{"line":294,"column":87}}],"line":294}},"s":{"0":0,"1":0,"2":0,"3":0,"4":0,"5":0,"6":0,"7":0,"8":0,"9":0,"10":0,"11":0,"12":0,"13":0,"14":0,"15":0,"16":0,"17":0,"18":0,"19":0,"20":0,"21":0,"22":0,"23":0,"24":0,"25":0,"26":0,"27":0,"28":0,"29":0,"30":0,"31":0,"32":0,"33":0,"34":0,"35":0,"36":0,"37":0,"38":0,"39":0,"40":0,"41":0,"42":0,"43":0,"44":0,"45":0,"46":0,"47":0,"48":0,"49":0,"50":0,"51":0,"52":0,"53":0,"54":0,"55":0,"56":0,"57":0,"58":0,"59":0,"60":0,"61":0,"62":0,"63":0,"64":0,"65":0,"66":0,"67":0,"68":0,"69":0,"70":0,"71":0,"72":0,"73":0,"74":0,"75":0,"76":0,"77":0,"78":0,"79":0,"80":0,"81":0,"82":0,"83":0,"84":0,"85":0,"86":0,"87":0,"88":0,"89":0,"90":0,"91":0,"92":0,"93":0,"94":0,"95":0,"96":0,"97":0,"98":0,"99":0,"100":0,"101":0,"102":0,"103":0},"f":{"0":0,"1":0,"2":0,"3":0,"4":0,"5":0,"6":0,"7":0,"8":0,"9":0,"10":0,"11":0,"12":0,"13":0,"14":0,"15":0,"16":0,"17":0,"18":0,"19":0,"20":0,"21":0,"22":0,"23":0},"b":{"0":[0,0],"1":[0,0],"2":[0,0],"3":[0,0],"4":[0,0],"5":[0,0],"6":[0,0],"7":[0,0],"8":[0,0],"9":[0,0],"10":[0,0],"11":[0,0],"12":[0],"13":[0,0,0],"14":[0,0],"15":[0,0,0],"16":[0,0],"17":[0],"18":[0],"19":[0],"20":[0,0],"21":[0,0],"22":[0,0],"23":[0,0],"24":[0,0],"25":[0,0],"26":[0],"27":[0,0],"28":[0,0],"29":[0,0],"30":[0,0],"31":[0,0],"32":[0,0],"33":[0],"34":[0,0],"35":[0,0],"36":[0],"37":[0,0],"38":[0,0],"39":[0,0],"40":[0,0],"41":[0],"42":[0,0],"43":[0,0],"44":[0,0],"45":[0,0],"46":[0,0],"47":[0,0],"48":[0],"49":[0,0]},"inputSourceMap":null}
,"/Users/yuping/Downloads/git/stock-website-crawler/skills/bigquant_strategy/request/bigquant-notebook-client.js": {"path":"/Users/yuping/Downloads/git/stock-website-crawler/skills/bigquant_strategy/request/bigquant-notebook-client.js","statementMap":{"0":{"start":{"line":24,"column":18},"end":{"line":24,"column":62}},"1":{"start":{"line":28,"column":4},"end":{"line":28,"column":19}},"2":{"start":{"line":29,"column":4},"end":{"line":29,"column":71}},"3":{"start":{"line":30,"column":4},"end":{"line":30,"column":57}},"4":{"start":{"line":37,"column":4},"end":{"line":63,"column":6}},"5":{"start":{"line":52,"column":8},"end":{"line":60,"column":9}},"6":{"start":{"line":53,"column":10},"end":{"line":59,"column":12}},"7":{"start":{"line":58,"column":59},"end":{"line":58,"column":98}},"8":{"start":{"line":61,"column":8},"end":{"line":61,"column":20}},"9":{"start":{"line":70,"column":18},"end":{"line":70,"column":74}},"10":{"start":{"line":71,"column":4},"end":{"line":75,"column":7}},"11":{"start":{"line":82,"column":4},"end":{"line":82,"column":67}},"12":{"start":{"line":89,"column":4},"end":{"line":89,"column":72}},"13":{"start":{"line":96,"column":25},"end":{"line":96,"column":63}},"14":{"start":{"line":97,"column":19},"end":{"line":97,"column":87}},"15":{"start":{"line":99,"column":21},"end":{"line":135,"column":5}},"16":{"start":{"line":138,"column":25},"end":{"line":138,"column":56}},"17":{"start":{"line":140,"column":4},"end":{"line":142,"column":5}},"18":{"start":{"line":141,"column":6},"end":{"line":141,"column":80}},"19":{"start":{"line":144,"column":19},"end":{"line":144,"column":39}},"20":{"start":{"line":145,"column":4},"end":{"line":145,"column":41}},"21":{"start":{"line":148,"column":4},"end":{"line":162,"column":5}},"22":{"start":{"line":149,"column":28},"end":{"line":149,"column":60}},"23":{"start":{"line":150,"column":24},"end":{"line":150,"column":46}},"24":{"start":{"line":151,"column":6},"end":{"line":151,"column":49}},"25":{"start":{"line":153,"column":6},"end":{"line":158,"column":8}},"26":{"start":{"line":160,"column":6},"end":{"line":160,"column":56}},"27":{"start":{"line":161,"column":6},"end":{"line":161,"column":49}},"28":{"start":{"line":169,"column":4},"end":{"line":178,"column":7}},"29":{"start":{"line":185,"column":22},"end":{"line":185,"column":32}},"30":{"start":{"line":186,"column":25},"end":{"line":186,"column":30}},"31":{"start":{"line":188,"column":4},"end":{"line":208,"column":5}},"32":{"start":{"line":189,"column":19},"end":{"line":189,"column":45}},"33":{"start":{"line":190,"column":22},"end":{"line":190,"column":41}},"34":{"start":{"line":192,"column":6},"end":{"line":192,"column":80}},"35":{"start":{"line":194,"column":6},"end":{"line":201,"column":7}},"36":{"start":{"line":195,"column":8},"end":{"line":200,"column":9}},"37":{"start":{"line":196,"column":25},"end":{"line":196,"column":57}},"38":{"start":{"line":197,"column":10},"end":{"line":197,"column":49}},"39":{"start":{"line":199,"column":10},"end":{"line":199,"column":55}},"40":{"start":{"line":203,"column":6},"end":{"line":205,"column":7}},"41":{"start":{"line":204,"column":8},"end":{"line":204,"column":80}},"42":{"start":{"line":207,"column":6},"end":{"line":207,"column":58}},"43":{"start":{"line":207,"column":29},"end":{"line":207,"column":56}},"44":{"start":{"line":210,"column":4},"end":{"line":210,"column":57}},"45":{"start":{"line":217,"column":4},"end":{"line":217,"column":45}},"46":{"start":{"line":218,"column":34},"end":{"line":225,"column":6}},"47":{"start":{"line":228,"column":23},"end":{"line":233,"column":6}},"48":{"start":{"line":234,"column":4},"end":{"line":234,"column":51}},"49":{"start":{"line":236,"column":4},"end":{"line":241,"column":6}}},"fnMap":{"0":{"name":"(anonymous_0)","decl":{"start":{"line":27,"column":2},"end":{"line":27,"column":3}},"loc":{"start":{"line":27,"column":28},"end":{"line":31,"column":3}},"line":27},"1":{"name":"(anonymous_1)","decl":{"start":{"line":36,"column":2},"end":{"line":36,"column":3}},"loc":{"start":{"line":36,"column":33},"end":{"line":64,"column":3}},"line":36},"2":{"name":"(anonymous_2)","decl":{"start":{"line":51,"column":23},"end":{"line":51,"column":24}},"loc":{"start":{"line":51,"column":31},"end":{"line":62,"column":7}},"line":51},"3":{"name":"(anonymous_3)","decl":{"start":{"line":58,"column":41},"end":{"line":58,"column":42}},"loc":{"start":{"line":58,"column":59},"end":{"line":58,"column":98}},"line":58},"4":{"name":"(anonymous_4)","decl":{"start":{"line":69,"column":2},"end":{"line":69,"column":3}},"loc":{"start":{"line":69,"column":30},"end":{"line":76,"column":3}},"line":69},"5":{"name":"(anonymous_5)","decl":{"start":{"line":81,"column":2},"end":{"line":81,"column":3}},"loc":{"start":{"line":81,"column":30},"end":{"line":83,"column":3}},"line":81},"6":{"name":"(anonymous_6)","decl":{"start":{"line":88,"column":2},"end":{"line":88,"column":3}},"loc":{"start":{"line":88,"column":29},"end":{"line":90,"column":3}},"line":88},"7":{"name":"(anonymous_7)","decl":{"start":{"line":95,"column":2},"end":{"line":95,"column":3}},"loc":{"start":{"line":95,"column":37},"end":{"line":163,"column":3}},"line":95},"8":{"name":"(anonymous_8)","decl":{"start":{"line":168,"column":2},"end":{"line":168,"column":3}},"loc":{"start":{"line":168,"column":40},"end":{"line":179,"column":3}},"line":168},"9":{"name":"(anonymous_9)","decl":{"start":{"line":184,"column":2},"end":{"line":184,"column":3}},"loc":{"start":{"line":184,"column":50},"end":{"line":211,"column":3}},"line":184},"10":{"name":"(anonymous_10)","decl":{"start":{"line":207,"column":24},"end":{"line":207,"column":25}},"loc":{"start":{"line":207,"column":29},"end":{"line":207,"column":56}},"line":207},"11":{"name":"(anonymous_11)","decl":{"start":{"line":216,"column":2},"end":{"line":216,"column":3}},"loc":{"start":{"line":216,"column":47},"end":{"line":242,"column":3}},"line":216}},"branchMap":{"0":{"loc":{"start":{"line":27,"column":14},"end":{"line":27,"column":26}},"type":"default-arg","locations":[{"start":{"line":27,"column":24},"end":{"line":27,"column":26}}],"line":27},"1":{"loc":{"start":{"line":29,"column":20},"end":{"line":29,"column":70}},"type":"binary-expr","locations":[{"start":{"line":29,"column":20},"end":{"line":29,"column":36}},{"start":{"line":29,"column":40},"end":{"line":29,"column":70}}],"line":29},"2":{"loc":{"start":{"line":36,"column":21},"end":{"line":36,"column":31}},"type":"default-arg","locations":[{"start":{"line":36,"column":29},"end":{"line":36,"column":31}}],"line":36},"3":{"loc":{"start":{"line":52,"column":8},"end":{"line":60,"column":9}},"type":"if","locations":[{"start":{"line":52,"column":8},"end":{"line":60,"column":9}},{"start":{},"end":{}}],"line":52},"4":{"loc":{"start":{"line":58,"column":59},"end":{"line":58,"column":98}},"type":"cond-expr","locations":[{"start":{"line":58,"column":80},"end":{"line":58,"column":91}},{"start":{"line":58,"column":94},"end":{"line":58,"column":98}}],"line":58},"5":{"loc":{"start":{"line":97,"column":19},"end":{"line":97,"column":87}},"type":"binary-expr","locations":[{"start":{"line":97,"column":19},"end":{"line":97,"column":45}},{"start":{"line":97,"column":49},"end":{"line":97,"column":87}}],"line":97},"6":{"loc":{"start":{"line":102,"column":12},"end":{"line":102,"column":37}},"type":"binary-expr","locations":[{"start":{"line":102,"column":12},"end":{"line":102,"column":23}},{"start":{"line":102,"column":27},"end":{"line":102,"column":37}}],"line":102},"7":{"loc":{"start":{"line":103,"column":17},"end":{"line":103,"column":46}},"type":"binary-expr","locations":[{"start":{"line":103,"column":17},"end":{"line":103,"column":32}},{"start":{"line":103,"column":36},"end":{"line":103,"column":46}}],"line":103},"8":{"loc":{"start":{"line":115,"column":33},"end":{"line":115,"column":57}},"type":"binary-expr","locations":[{"start":{"line":115,"column":33},"end":{"line":115,"column":47}},{"start":{"line":115,"column":51},"end":{"line":115,"column":57}}],"line":115},"9":{"loc":{"start":{"line":116,"column":24},"end":{"line":116,"column":56}},"type":"binary-expr","locations":[{"start":{"line":116,"column":24},"end":{"line":116,"column":40}},{"start":{"line":116,"column":44},"end":{"line":116,"column":56}}],"line":116},"10":{"loc":{"start":{"line":117,"column":22},"end":{"line":117,"column":52}},"type":"binary-expr","locations":[{"start":{"line":117,"column":22},"end":{"line":117,"column":36}},{"start":{"line":117,"column":40},"end":{"line":117,"column":52}}],"line":117},"11":{"loc":{"start":{"line":118,"column":23},"end":{"line":118,"column":56}},"type":"binary-expr","locations":[{"start":{"line":118,"column":23},"end":{"line":118,"column":39}},{"start":{"line":118,"column":43},"end":{"line":118,"column":56}}],"line":118},"12":{"loc":{"start":{"line":119,"column":23},"end":{"line":119,"column":48}},"type":"binary-expr","locations":[{"start":{"line":119,"column":23},"end":{"line":119,"column":39}},{"start":{"line":119,"column":43},"end":{"line":119,"column":48}}],"line":119},"13":{"loc":{"start":{"line":140,"column":4},"end":{"line":142,"column":5}},"type":"if","locations":[{"start":{"line":140,"column":4},"end":{"line":142,"column":5}},{"start":{},"end":{}}],"line":140},"14":{"loc":{"start":{"line":168,"column":26},"end":{"line":168,"column":38}},"type":"default-arg","locations":[{"start":{"line":168,"column":36},"end":{"line":168,"column":38}}],"line":168},"15":{"loc":{"start":{"line":171,"column":12},"end":{"line":171,"column":48}},"type":"binary-expr","locations":[{"start":{"line":171,"column":12},"end":{"line":171,"column":24}},{"start":{"line":171,"column":28},"end":{"line":171,"column":48}}],"line":171},"16":{"loc":{"start":{"line":177,"column":16},"end":{"line":177,"column":46}},"type":"binary-expr","locations":[{"start":{"line":177,"column":16},"end":{"line":177,"column":32}},{"start":{"line":177,"column":36},"end":{"line":177,"column":46}}],"line":177},"17":{"loc":{"start":{"line":184,"column":30},"end":{"line":184,"column":48}},"type":"default-arg","locations":[{"start":{"line":184,"column":42},"end":{"line":184,"column":48}}],"line":184},"18":{"loc":{"start":{"line":192,"column":52},"end":{"line":192,"column":76}},"type":"binary-expr","locations":[{"start":{"line":192,"column":52},"end":{"line":192,"column":66}},{"start":{"line":192,"column":70},"end":{"line":192,"column":76}}],"line":192},"19":{"loc":{"start":{"line":194,"column":6},"end":{"line":201,"column":7}},"type":"if","locations":[{"start":{"line":194,"column":6},"end":{"line":201,"column":7}},{"start":{},"end":{}}],"line":194},"20":{"loc":{"start":{"line":203,"column":6},"end":{"line":205,"column":7}},"type":"if","locations":[{"start":{"line":203,"column":6},"end":{"line":205,"column":7}},{"start":{},"end":{}}],"line":203},"21":{"loc":{"start":{"line":216,"column":34},"end":{"line":216,"column":45}},"type":"default-arg","locations":[{"start":{"line":216,"column":43},"end":{"line":216,"column":45}}],"line":216},"22":{"loc":{"start":{"line":220,"column":12},"end":{"line":220,"column":37}},"type":"binary-expr","locations":[{"start":{"line":220,"column":12},"end":{"line":220,"column":23}},{"start":{"line":220,"column":27},"end":{"line":220,"column":37}}],"line":220},"23":{"loc":{"start":{"line":221,"column":17},"end":{"line":221,"column":49}},"type":"binary-expr","locations":[{"start":{"line":221,"column":17},"end":{"line":221,"column":33}},{"start":{"line":221,"column":37},"end":{"line":221,"column":49}}],"line":221},"24":{"loc":{"start":{"line":222,"column":15},"end":{"line":222,"column":45}},"type":"binary-expr","locations":[{"start":{"line":222,"column":15},"end":{"line":222,"column":29}},{"start":{"line":222,"column":33},"end":{"line":222,"column":45}}],"line":222},"25":{"loc":{"start":{"line":223,"column":15},"end":{"line":223,"column":39}},"type":"binary-expr","locations":[{"start":{"line":223,"column":15},"end":{"line":223,"column":29}},{"start":{"line":223,"column":33},"end":{"line":223,"column":39}}],"line":223},"26":{"loc":{"start":{"line":224,"column":17},"end":{"line":224,"column":50}},"type":"binary-expr","locations":[{"start":{"line":224,"column":17},"end":{"line":224,"column":33}},{"start":{"line":224,"column":37},"end":{"line":224,"column":50}}],"line":224}},"s":{"0":0,"1":0,"2":0,"3":0,"4":0,"5":0,"6":0,"7":0,"8":0,"9":0,"10":0,"11":0,"12":0,"13":0,"14":0,"15":0,"16":0,"17":0,"18":0,"19":0,"20":0,"21":0,"22":0,"23":0,"24":0,"25":0,"26":0,"27":0,"28":0,"29":0,"30":0,"31":0,"32":0,"33":0,"34":0,"35":0,"36":0,"37":0,"38":0,"39":0,"40":0,"41":0,"42":0,"43":0,"44":0,"45":0,"46":0,"47":0,"48":0,"49":0},"f":{"0":0,"1":0,"2":0,"3":0,"4":0,"5":0,"6":0,"7":0,"8":0,"9":0,"10":0,"11":0},"b":{"0":[0],"1":[0,0],"2":[0],"3":[0,0],"4":[0,0],"5":[0,0],"6":[0,0],"7":[0,0],"8":[0,0],"9":[0,0],"10":[0,0],"11":[0,0],"12":[0,0],"13":[0,0],"14":[0],"15":[0,0],"16":[0,0],"17":[0],"18":[0,0],"19":[0,0],"20":[0,0],"21":[0],"22":[0,0],"23":[0,0],"24":[0,0],"25":[0,0],"26":[0,0]},"inputSourceMap":null}
,"/Users/yuping/Downloads/git/stock-website-crawler/skills/bigquant_strategy/request/bigquant-runner.js": {"path":"/Users/yuping/Downloads/git/stock-website-crawler/skills/bigquant_strategy/request/bigquant-runner.js","statementMap":{},"fnMap":{},"branchMap":{},"s":{},"f":{},"b":{},"inputSourceMap":null}
,"/Users/yuping/Downloads/git/stock-website-crawler/skills/bigquant_strategy/request/bigquant-task-client.js": {"path":"/Users/yuping/Downloads/git/stock-website-crawler/skills/bigquant_strategy/request/bigquant-task-client.js","statementMap":{"0":{"start":{"line":28,"column":18},"end":{"line":28,"column":62}},"1":{"start":{"line":31,"column":33},"end":{"line":31,"column":71}},"2":{"start":{"line":34,"column":25},"end":{"line":34,"column":63}},"3":{"start":{"line":38,"column":4},"end":{"line":38,"column":19}},"4":{"start":{"line":39,"column":4},"end":{"line":39,"column":37}},"5":{"start":{"line":48,"column":4},"end":{"line":57,"column":5}},"6":{"start":{"line":49,"column":19},"end":{"line":49,"column":46}},"7":{"start":{"line":50,"column":6},"end":{"line":54,"column":8}},"8":{"start":{"line":56,"column":6},"end":{"line":56,"column":51}},"9":{"start":{"line":64,"column":4},"end":{"line":64,"column":59}},"10":{"start":{"line":71,"column":4},"end":{"line":74,"column":5}},"11":{"start":{"line":72,"column":21},"end":{"line":72,"column":50}},"12":{"start":{"line":73,"column":6},"end":{"line":73,"column":38}},"13":{"start":{"line":75,"column":4},"end":{"line":75,"column":25}},"14":{"start":{"line":85,"column":19},"end":{"line":85,"column":81}},"15":{"start":{"line":86,"column":25},"end":{"line":86,"column":54}},"16":{"start":{"line":88,"column":21},"end":{"line":124,"column":5}},"17":{"start":{"line":126,"column":19},"end":{"line":126,"column":75}},"18":{"start":{"line":128,"column":4},"end":{"line":130,"column":5}},"19":{"start":{"line":129,"column":6},"end":{"line":129,"column":74}},"20":{"start":{"line":132,"column":4},"end":{"line":135,"column":6}},"21":{"start":{"line":144,"column":25},"end":{"line":144,"column":54}},"22":{"start":{"line":145,"column":22},"end":{"line":145,"column":50}},"23":{"start":{"line":147,"column":19},"end":{"line":149,"column":6}},"24":{"start":{"line":151,"column":4},"end":{"line":151,"column":18}},"25":{"start":{"line":158,"column":17},"end":{"line":158,"column":43}},"26":{"start":{"line":159,"column":24},"end":{"line":159,"column":45}},"27":{"start":{"line":161,"column":20},"end":{"line":161,"column":54}},"28":{"start":{"line":163,"column":19},"end":{"line":165,"column":6}},"29":{"start":{"line":167,"column":4},"end":{"line":167,"column":18}},"30":{"start":{"line":174,"column":19},"end":{"line":176,"column":6}},"31":{"start":{"line":178,"column":4},"end":{"line":178,"column":18}},"32":{"start":{"line":185,"column":18},"end":{"line":185,"column":74}},"33":{"start":{"line":187,"column":19},"end":{"line":191,"column":6}},"34":{"start":{"line":193,"column":4},"end":{"line":196,"column":6}},"35":{"start":{"line":203,"column":19},"end":{"line":203,"column":97}},"36":{"start":{"line":204,"column":4},"end":{"line":204,"column":23}},"37":{"start":{"line":212,"column":24},"end":{"line":212,"column":53}},"38":{"start":{"line":213,"column":19},"end":{"line":213,"column":101}},"39":{"start":{"line":214,"column":4},"end":{"line":214,"column":43}},"40":{"start":{"line":221,"column":24},"end":{"line":221,"column":59}},"41":{"start":{"line":222,"column":19},"end":{"line":227,"column":6}},"42":{"start":{"line":228,"column":19},"end":{"line":228,"column":77}},"43":{"start":{"line":229,"column":4},"end":{"line":229,"column":23}},"44":{"start":{"line":237,"column":22},"end":{"line":237,"column":32}},"45":{"start":{"line":238,"column":25},"end":{"line":238,"column":29}},"46":{"start":{"line":240,"column":4},"end":{"line":255,"column":5}},"47":{"start":{"line":241,"column":19},"end":{"line":241,"column":45}},"48":{"start":{"line":242,"column":20},"end":{"line":242,"column":46}},"49":{"start":{"line":244,"column":6},"end":{"line":244,"column":62}},"50":{"start":{"line":246,"column":6},"end":{"line":248,"column":7}},"51":{"start":{"line":247,"column":8},"end":{"line":247,"column":39}},"52":{"start":{"line":250,"column":6},"end":{"line":252,"column":7}},"53":{"start":{"line":251,"column":8},"end":{"line":251,"column":62}},"54":{"start":{"line":254,"column":6},"end":{"line":254,"column":58}},"55":{"start":{"line":254,"column":29},"end":{"line":254,"column":56}},"56":{"start":{"line":257,"column":4},"end":{"line":257,"column":57}},"57":{"start":{"line":266,"column":4},"end":{"line":289,"column":6}},"58":{"start":{"line":286,"column":10},"end":{"line":286,"column":49}},"59":{"start":{"line":296,"column":21},"end":{"line":296,"column":48}},"60":{"start":{"line":297,"column":4},"end":{"line":297,"column":79}},"61":{"start":{"line":305,"column":21},"end":{"line":305,"column":48}},"62":{"start":{"line":308,"column":29},"end":{"line":308,"column":71}},"63":{"start":{"line":311,"column":19},"end":{"line":311,"column":86}},"64":{"start":{"line":314,"column":20},"end":{"line":314,"column":24}},"65":{"start":{"line":315,"column":4},"end":{"line":321,"column":5}},"66":{"start":{"line":316,"column":24},"end":{"line":316,"column":50}},"67":{"start":{"line":317,"column":6},"end":{"line":317,"column":38}},"68":{"start":{"line":318,"column":6},"end":{"line":318,"column":49}},"69":{"start":{"line":320,"column":6},
[...]
"end":{"line":21,"column":34}},{"start":{"line":21,"column":38},"end":{"line":21,"column":46}}],"line":21},"2":{"loc":{"start":{"line":23,"column":14},"end":{"line":23,"column":62}},"type":"binary-expr","locations":[{"start":{"line":23,"column":14},"end":{"line":23,"column":35}},{"start":{"line":23,"column":39},"end":{"line":23,"column":62}}],"line":23},"3":{"loc":{"start":{"line":27,"column":16},"end":{"line":27,"column":40}},"type":"binary-expr","locations":[{"start":{"line":27,"column":16},"end":{"line":27,"column":32}},{"start":{"line":27,"column":36},"end":{"line":27,"column":40}}],"line":27},"4":{"loc":{"start":{"line":28,"column":16},"end":{"line":28,"column":40}},"type":"binary-expr","locations":[{"start":{"line":28,"column":16},"end":{"line":28,"column":32}},{"start":{"line":28,"column":36},"end":{"line":28,"column":40}}],"line":28},"5":{"loc":{"start":{"line":32,"column":18},"end":{"line":32,"column":41}},"type":"binary-expr","locations":[{"start":{"line":32,"column":18},"end":{"line":32,"column":36}},{"start":{"line":32,"column":40},"end":{"line":32,"column":41}}],"line":32},"6":{"loc":{"start":{"line":33,"column":18},"end":{"line":33,"column":44}},"type":"binary-expr","locations":[{"start":{"line":33,"column":18},"end":{"line":33,"column":36}},{"start":{"line":33,"column":40},"end":{"line":33,"column":44}}],"line":33},"7":{"loc":{"start":{"line":45,"column":4},"end":{"line":49,"column":5}},"type":"if","locations":[{"start":{"line":45,"column":4},"end":{"line":49,"column":5}},{"start":{},"end":{}}],"line":45},"8":{"loc":{"start":{"line":58,"column":13},"end":{"line":58,"column":31}},"type":"default-arg","locations":[{"start":{"line":58,"column":29},"end":{"line":58,"column":31}}],"line":58},"9":{"loc":{"start":{"line":59,"column":4},"end":{"line":61,"column":5}},"type":"if","locations":[{"start":{"line":59,"column":4},"end":{"line":61,"column":5}},{"start":{},"end":{}}],"line":59},"10":{"loc":{"start":{"line":78,"column":26},"end":{"line":78,"column":38}},"type":"default-arg","locations":[{"start":{"line":78,"column":36},"end":{"line":78,"column":38}}],"line":78},"11":{"loc":{"start":{"line":82,"column":16},"end":{"line":84,"column":36}},"type":"cond-expr","locations":[{"start":{"line":83,"column":8},"end":{"line":83,"column":16}},{"start":{"line":84,"column":8},"end":{"line":84,"column":36}}],"line":82},"12":{"loc":{"start":{"line":88,"column":22},"end":{"line":88,"column":45}},"type":"binary-expr","locations":[{"start":{"line":88,"column":22},"end":{"line":88,"column":36}},{"start":{"line":88,"column":40},"end":{"line":88,"column":45}}],"line":88},"13":{"loc":{"start":{"line":100,"column":4},"end":{"line":104,"column":5}},"type":"if","locations":[{"start":{"line":100,"column":4},"end":{"line":104,"column":5}},{"start":{},"end":{}}],"line":100},"14":{"loc":{"start":{"line":100,"column":8},"end":{"line":100,"column":58}},"type":"binary-expr","locations":[{"start":{"line":100,"column":8},"end":{"line":100,"column":31}},{"start":{"line":100,"column":35},"end":{"line":100,"column":58}}],"line":100},"15":{"loc":{"start":{"line":112,"column":22},"end":{"line":112,"column":33}},"type":"default-arg","locations":[{"start":{"line":112,"column":31},"end":{"line":112,"column":33}}],"line":112},"16":{"loc":{"start":{"line":114,"column":16},"end":{"line":114,"column":69}},"type":"cond-expr","locations":[{"start":{"line":114,"column":30},"end":{"line":114,"column":58}},{"start":{"line":114,"column":61},"end":{"line":114,"column":69}}],"line":114},"17":{"loc":{"start":{"line":126,"column":23},"end":{"line":126,"column":32}},"type":"default-arg","locations":[{"start":{"line":126,"column":30},"end":{"line":126,"column":32}}],"line":126},"18":{"loc":{"start":{"line":126,"column":34},"end":{"line":126,"column":46}},"type":"default-arg","locations":[{"start":{"line":126,"column":44},"end":{"line":126,"column":46}}],"line":126},"19":{"loc":{"start":{"line":144,"column":22},"end":{"line":144,"column":31}},"type":"default-arg","locations":[{"start":{"line":144,"column":29},"end":{"line":144,"column":31}}],"line":144},"20":{"loc":{"start":{"line":177,"column":22},"end":{"line":177,"column":33}},"type":"default-arg","locations":[{"start":{"line":177,"column":31},"end":{"line":177,"column":33}}],"line":177},"21":{"loc":{"start":{"line":213,"column":39},"end":{"line":213,"column":51}},"type":"default-arg","locations":[{"start":{"line":213,"column":49},"end":{"line":213,"column":51}}],"line":213},"22":{"loc":{"start":{"line":214,"column":24},"end":{"line":214,"column":49}},"type":"binary-expr","locations":[{"start":{"line":214,"column":24},"end":{"line":214,"column":43}},{"start":{"line":214,"column":47},"end":{"line":214,"column":49}}],"line":214},"23":{"loc":{"start":{"line":215,"column":25},"end":{"line":215,"column":53}},"type":"binary-expr","locations":[{"start":{"line":215,"column":25},"end":{"line":215,"column":45}},{"start":{"line":215,"column":49},"end":{"line":215,"column":53}}],"line":215},"24":{"loc":{"start":{"line":222,"column":6},"end":{"line":225,"column":7}},"type":"if","locations":[{"start":{"line":222,"column":6},"end":{"line":225,"column":7}},{"start":{},"end":{}}],"line":222},"25":{"loc":{"start":{"line":227,"column":6},"end":{"line":229,"column":7}},"type":"if","locations":[{"start":{"line":227,"column":6},"end":{"line":229,"column":7}},{"start":{},"end":{}}],"line":227},"26":{"loc":{"start":{"line":330,"column":0},"end":{"line":332,"column":1}},"type":"if","locations":[{"start":{"line":330,"column":0},"end":{"line":332,"column":1}},{"start":{},"end":{}}],"line":330}},"s":{"0":0,"1":0,"2":0,"3":0,"4":0,"5":0,"6":0,"7":0,"8":0,"9":0,"10":0,"11":0,"12":0,"13":0,"14":0,"15":0,"16":0,"17":0,"18":0,"19":0,"20":0,"21":0,"22":0,"23":0,"24":0,"25":0,"26":0,"27":0,"28":0,"29":0,"30":0,"31":0,"32":0,"33":0,"34":0,"35":0,"36":0,"37":0,"38":0,"39":0,"40":0,"41":0,"42":0,"43":0,"44":0,"45":0,"46":0,"47":0,"48":0,"49":0,"50":0,"51":0,"52":0,"53":0,"54":0,"55":0,"56":0,"57":0,"58":0,"59":0,"60":0,"61":0,"62":0,"63":0,"64":0,"65":0,"66":0,"67":0,"68":0,"69":0,"70":0,"71":0,"72":0,"73":0,"74":0,"75":0,"76":0,"77":0,"78":0,"79":0,"80":0,"81":0,"82":0,"83":0,"84":0,"85":0,"86":0,"87":0,"88":0,"89":0},"f":{"0":0,"1":0,"2":0,"3":0,"4":0,"5":0,"6":0,"7":0,"8":0,"9":0,"10":0,"11":0,"12":0,"13":0,"14":0,"15":0,"16":0,"17":0,"18":0,"19":0},"b":{"0":[0],"1":[0,0],"2":[0,0],"3":[0,0],"4":[0,0],"5":[0,0],"6":[0,0],"7":[0,0],"8":[0],"9":[0,0],"10":[0],"11":[0,0],"12":[0,0],"13":[0,0],"14":[0,0],"15":[0],"16":[0,0],"17":[0],"18":[0],"19":[0],"20":[0],"21":[0],"22":[0,0],"23":[0,0],"24":[0,0],"25":[0,0],"26":[0,0]},"inputSourceMap":null}
,"/Users/yuping/Downloads/git/stock-website-crawler/skills/bigquant_strategy/request/strategy-runner.js": {"path":"/Users/yuping/Downloads/git/stock-website-crawler/skills/bigquant_strategy/request/strategy-runner.js","statementMap":{"0":{"start":{"line":23,"column":2},"end":{"line":23,"column":44}},"1":{"start":{"line":23,"column":18},"end":{"line":23,"column":44}},"2":{"start":{"line":24,"column":2},"end":{"line":26,"column":3}},"3":{"start":{"line":25,"column":4},"end":{"line":25,"column":49}},"4":{"start":{"line":27,"column":2},"end":{"line":27,"column":40}},"5":{"start":{"line":36,"column":17},"end":{"line":36,"column":19}},"6":{"start":{"line":38,"column":2},"end":{"line":46,"column":3}},"7":{"start":{"line":39,"column":4},"end":{"line":39,"column":50}},"8":{"start":{"line":42,"column":22},"end":{"line":42,"column":88}},"9":{"start":{"line":42,"column":63},"end":{"line":42,"column":87}},"10":{"start":{"line":43,"column":4},"end":{"line":45,"column":5}},"11":{"start":{"line":44,"column":6},"end":{"line":44,"column":105}},"12":{"start":{"line":48,"column":2},"end":{"line":48,"column":39}},"13":{"start":{"line":48,"column":17},"end":{"line":48,"column":39}},"14":{"start":{"line":51,"column":14},"end":{"line":51,"column":24}},"15":{"start":{"line":52,"column":13},"end":{"line":52,"column":112}},"16":{"start":{"line":53,"column":2},"end":{"line":53,"column":44}},"17":{"start":{"line":61,"column":18},"end":{"line":61,"column":20}},"18":{"start":{"line":62,"column":19},"end":{"line":77,"column":3}},"19":{"start":{"line":79,"column":2},"end":{"line":83,"column":3}},"20":{"start":{"line":80,"column":4},"end":{"line":80,"column":45}},"21":{"start":{"line":80,"column":36},"end":{"line":80,"column":45}},"22":{"start":{"line":81,"column":14},"end":{"line":81,"column":28}},"23":{"start":{"line":82,"column":4},"end":{"line":82,"column":43}},"24":{"start":{"line":82,"column":11},"end":{"line":82,"column":43}},"25":{"start":{"line":85,"column":2},"end":{"line":85,"column":17}},"26":{"start":{"line":90,"column":21},"end":{"line":97,"column":13}},"27":{"start":{"line":92,"column":6},"end":{"line":92,"column":108}},"28":{"start":{"line":92,"column":38},"end":{"line":92,"column":108}},"29":{"start":{"line":93,"column":6},"end":{"line":93,"column":70}},"30":{"start":{"line":93,"column":37},"end":{"line":93,"column":70}},"31":{"start":{"line":94,"column":6},"end":{"line":94,"column":16}},"32":{"start":{"line":100,"column":20},"end":{"line":102,"column":15}},"33":{"start":{"line":101,"column":17},"end":{"line":101,"column":118}},"34":{"start":{"line":104,"column":21},"end":{"line":104,"column":44}},"35":{"start":{"line":105,"column":18},"end":{"line":105,"column":42}},"36":{"start":{"line":107,"column":19},"end":{"line":108,"column":70}},"37":{"start":{"line":107,"column":37},"end":{"line":107,"column":62}},"38":{"start":{"line":108,"column":19},"end":{"line":108,"column":69}},"39":{"start":{"line":109,"column":17},"end":{"line":109,"column":42}},"40":{"start":{"line":111,"column":2},"end":{"line":111,"column":56}},"41":{"start":{"line":129,"column":6},"end":{"line":129,"column":13}},"42":{"start":{"line":131,"column":21},"end":{"line":131,"column":69}},"43":{"start":{"line":132,"column":19},"end":{"line":132,"column":80}},"44":{"start":{"line":135,"column":18},"end":{"line":135,"column":54}},"45":{"start":{"line":136,"column":17},"end":{"line":136,"column":74}},"46":{"start":{"line":138,"column":2},"end":{"line":138,"column":44}},"47":{"start":{"line":139,"column":2},"end":{"line":139,"column":84}},"48":{"start":{"line":142,"column":2},"end":{"line":142,"column":32}},"49":{"start":{"line":143,"column":2},"end":{"line":143,"column":27}},"50":{"start":{"line":146,"column":23},"end":{"line":146,"column":55}},"51":{"start":{"line":147,"column":17},"end":{"line":149,"column":4}},"52":{"start":{"line":150,"column":2},"end":{"line":150,"column":47}},"53":{"start":{"line":153,"column":16},"end":{"line":153,"column":48}},"54":{"start":{"line":154,"column":2},"end":{"line":154,"column":45}},"55":{"start":{"line":157,"column":2},"end":{"line":157,"column":36}},"56":{"start":{"line":158,"column":21},"end":{"line":158,"column":70}},"57":{"start":{"line":161,"column":18},"end":{"line":161,"column":57}},"58":{"start":{"line":162,"column":15},"end":{"line":162,"column":42}},"59":{"start":{"line":163,"column":20},"end":{"line":163,"column":53}},"60":{"start":{"line":166,"column":24},"end":{"line":189,"column":3}},"61":{"start":{"line":191,"column":21},"end":{"line":191,"column":132}},"62":{"start":{"line":192,"column":2},"end":{"line":192,"column":49}},"63":{"start":{"line":194,"column":2},"end":{"line":196,"column":3}},"64":{"start":{"line":195,"column":4},"end":{"line":195,"column":73}},"65":{"start":{"line":198,"column":2},"end":{"line":210,"column":4}}},"fnMap":{"0":{"name":"normalizeCellSource","decl":{"start":{"line":22,"column":9},"end":{"line":22,"column":28}},"loc":{"start":{"line":22,"column":55},"end":{"line":28,"column":1}},"line":22},"1":{"name":"extractTaskName","decl":{"start":{"line":35,"column":9},"end":{"line":35,"column":24}},"loc":{"start":{"line":35,"column":51},"end":{"line":54,"column":1}},"line":35},"2":{"name":"(anonymous_2)","decl":{"start":{"line":42,"column":58},"end":{"line":42,"column":59}},"loc":{"start":{"line":42,"column":63},"end":{"line":42,"column":87}},"line":42},"3":{"name":"parseMetrics","decl":{"start":{"line":60,"column":9},"end":{"line":60,"column":21}},"loc":{"start":{"line":60,"column":28},"end":{"line":86,"column":1}},"line":60},"4":{"name":"summarizeExecution","decl":{"start":{"line":88,"column":9},"end":{"line":88,"column":27}},"loc":{"start":{"line":88,"column":43},"end":{"line":112,"column":1}},"line":88},"5":{"name":"(anonymous_5)","decl":{"start":{"line":91,"column":9},"end":{"line":91,"column":10}},"loc":{"start":{"line":91,"column":14},"end":{"line":95,"column":5}},"line":91},"6":{"name":"(anonymous_6)","decl":{"start":{"line":101,"column":12},"end":{"line":101,"column":13}},"loc":{"start":{"line":101,"column":17},"end":{"line":101,"column":118}},"line":101},"7":{"name":"(anonymous_7)","decl":{"start":{"line":107,"column":32},"end":{"line":107,"column":33}},"loc":{"start":{"line":107,"column":37},"end":{"line":107,"column":62}},"line":107},"8":{"name":"(anonymous_8)","decl":{"start":{"line":108,"column":14},"end":{"line":108,"column":15}},"loc":{"start":{"line":108,"column":19},"end":{"line":108,"column":69}},"line":108},"9":{"name":"runStrategyTest","decl":{"start":{"line":114,"column":22},"end":{"line":114,"column":37}},"loc":{"start":{"line":114,"column":52},"end":{"line":211,"column":1}},"line":114}},"branchMap":{"0":{"loc":{"start":{"line":23,"column":2},"end":{"line":23,"column":44}},"type":"if","locations":[{"start":{"line":23,"column":2},"end":{"line":23,"column":44}},{"start":{},"end":{}}],"line":23},"1":{"loc":{"start":{"line":24,"column":2},"end":{"line":26,"column":3}},"type":"if","locations":[{"start":{"line":24,"column":2},"end":{"line":26,"column":3}},{"start":{},"end":{}}],"line":24},"2":{"loc":{"start":{"line":24,"column":6},"end":{"line":24,"column":49}},"type":"binary-expr","locations":[{"start":{"line":24,"column":6},"end":{"line":24,"column":18}},{"start":{"line":24,"column":22},"end":{"line":24,"column":49}}],"line":24},"3":{"loc":{"start":{"line":38,"column":2},"end":{"line":46,"column":3}},"type":"if","locations":[{"start":{"line":38,"column":2},"end":{"line":46,"column":3}},{"start":{"line":40,"column":9},"end":{"line":46,"column":3}}],"line":38},"4":{"loc":{"start":{"line":42,"column":23},"end":{"line":42,"column":39}},"type":"binary-expr","locations":[{"start":{"line":42,"column":23},"end":{"line":42,"column":33}},{"start":{"line":42,"column":37},"end":{"line":42,"column":39}}],"line":42},"5":{"loc":{"start":{"line":43,"column":4},"end":{"line":45,"column":5}},"type":"if","locations":[{"start":{"line":43,"column":4},"end":{"line":45,"column":5}},{"start":{},"end":{}}],"line":43},"6":{"loc":{"start":{"line":48,"column":2},"end":{"line":48,"column":39}},"type":"if","locations":[{"start":{"line":48,"column":2},"end":{"line":48,"column":39}},{"start":{},"end":{}}],"line":48},"7":{"loc":{"start":{"line":80,"column":4},"end":{"line":80,"column":45}},"type":"if","locations":[{"start":{"line":80,"column":4},"end":{"line":80,"column":45}},{"start":{},"end":{}}],"line":80},"8":{"loc":{"start":{"line":82,"column":4},"end":{"line":82,"column":43}},"type":"if","locations":[{"start":{"line":82,"column":4},"end":{"line":82,"column":43}},{"start":{},"end":{}}],"line":82},"9":{"loc":{"start":{"line":92,"column":6},"end":{"line":92,"column":108}},"type":"if","locations":[{"start":{"line":92,"column":6},"end":{"line":92,"column":108}},{"start":{},"end":{}}],"line":92},"10":{"loc":{"start":{"line":92,"column":45},"end":{"line":92,"column":107}},"type":"cond-expr","locations":[{"start":{"line":92,"column":69},"end":{"line":92,"column":84}},{"start":{"line":92,"column":87},"end":{"line":92,"column":107}}],"line":92},"11":{"loc":{"start":{"line":92,"column":94},"end":{"line":92,"column":106}},"type":"binary-expr","locations":[{"start":{"line":92,"column":94},"end":{"line":92,"column":100}},{"start":{"line":92,"column":104},"end":{"line":92,"column":106}}],"line":92},"12":{"loc":{"start":{"line":93,"column":6},"end":{"line":93,"column":70}},"type":"if","locations":[{"start":{"line":93,"column":6},"end":{"line":93,"column":70}},{"start":{},"end":{}}],"line":93},"13":{"loc":{"start":{"line":104,"column":21},"end":{"line":104,"column":44}},"type":"binary-expr","locations":[{"start":{"line":104,"column":21},"end":{"line":104,"column":31}},{"start":{"line":104,"column":35},"end":{"line":104,"column":44}}],"line":104},"14":{"loc":{"start":{"line":107,"column":19},"end":{"line":108,"column":70}},"type":"binary-expr","locations":[{"start":{"line":107,"column":19},"end":{"line":107,"column":63}},{"start":{"line":108,"column":4},"end":{"line":108,"column":70}}],"line":107},"15":{"loc":{"start":{"line":108,"column":19},"end":{"line":108,"column":69}},"type":"binary-expr","locations":[{"start":{"line":108,"column":19},"end":{"line":108,"column":39}},{"start":{"line":108,"column":43},"end":{"line":108,"column":69}}],"line":108},"16":{"loc":{"start":{"line":109,"column":17},"end":{"line":109,"column":42}},"type":"cond-expr","locations":[{"start":{"line":109,"column":28},"end":{"line":109,"column":35}},{"start":{"line":109,"column":38},"end":{"line":109,"column":42}}],"line":109},"17":{"loc":{"start":{"line":114,"column":38},"end":{"line":114,"column":50}},"type":"default-arg","locations":[{"start":{"line":114,"column":48},"end":{"line":114,"column":50}}],"line":114},"18":{"loc":{"start":{"line":118,"column":4},"end":{"line":118,"column":28}},"type":"default-arg","locations":[{"start":{"line":118,"column":16},"end":{"line":118,"column":28}}],"line":118},"19":{"loc":{"start":{"line":119,"column":4},"end":{"line":119,"column":26}},"type":"default-arg","locations":[{"start":{"line":119,"column":14},"end":{"line":119,"column":26}}],"line":119},"20":{"loc":{"start":{"line":120,"column":4},"end":{"line":120,"column":20}},"type":"default-arg","locations":[{"start":{"line":120,"column":14},"end":{"line":120,"column":20}}],"line":120},"21":{"loc":{"start":{"line":121,"column":4},"end":{"line":121,"column":29}},"type":"default-arg","locations":[{"start":{"line":121,"column":16},"end":{"line":121,"column":29}}],"line":121},"22":{"loc":{"start":{"line":122,"column":4},"end":{"line":122,"column":21}},"type":"default-arg","locations":[{"start":{"line":122,"column":16},"end":{"line":122,"column":21}}],"line":122},"23":{"loc":{"start":{"line":123,"column":4},"end":{"line":123,"column":22}},"type":"default-arg","locations":[{"start":{"line":123,"column":16},"end":{"line":123,"column":22}}],"line":123},"24":{"loc":{"start":{"line":132,"column":19},"end":{"line":132,"column":80}},"type":"binary-expr","locations":[{"start":{"line":132,"column":19},"end":{"line":132,"column":35}},{"start":{"line":132,"column":39},"end":{"line":132,"column":80}}],"line":132},"25":{"loc":{"start":{"line":181,"column":20},"end":{"line":181,"column":40}},"type":"binary-expr","locations":[{"start":{"line":181,"column":20},"end":{"line":181,"column":32}},{"start":{"line":181,"column":36},"end":{"line":181,"column":40}}],"line":181},"26":{"loc":{"start":{"line":194,"column":2},"end":{"line":196,"column":3}},"type":"if","locations":[{"start":{"line":194,"column":2},"end":{"line":196,"column":3}},{"start":{},"end":{}}],"line":194}},"s":{"0":0,"1":0,"2":0,"3":0,"4":0,"5":0,"6":0,"7":0,"8":0,"9":0,"10":0,"11":0,"12":0,"13":0,"14":0,"15":0,"16":0,"17":0,"18":0,"19":0,"20":0,"21":0,"22":0,"23":0,"24":0,"25":0,"26":0,"27":0,"28":0,"29":0,"30":0,"31":0,"32":0,"33":0,"34":0,"35":0,"36":0,"37":0,"38":0,"39":0,"40":0,"41":0,"42":0,"43":0,"44":0,"45":0,"46":0,"47":0,"48":0,"49":0,"50":0,"51":0,"52":0,"53":0,"54":0,"55":0,"56":0,"57":0,"58":0,"59":0,"60":0,"61":0,"62":0,"63":0,"64":0,"65":0},"f":{"0":0,"1":0,"2":0,"3":0,"4":0,"5":0,"6":0,"7":0,"8":0,"9":0},"b":{"0":[0,0],"1":[0,0],"2":[0,0],"3":[0,0],"4":[0,0],"5":[0,0],"6":[0,0],"7":[0,0],"8":[0,0],"9":[0,0],"10":[0,0],"11":[0,0],"12":[0,0],"13":[0,0],"14":[0,0],"15":[0,0],"16":[0,0],"17":[0],"18":[0],"19":[0],"20":[0],"21":[0],"22":[0],"23":[0],"24":[0,0],"25":[0,0],"26":[0,0]},"inputSourceMap":null}
}
