TN:
SF:request/bigquant-api-client.js
FN:21,ensureDir
FN:25,loadJson
FN:34,saveJson
FN:40,(anonymous_3)
FN:49,(anonymous_4)
FN:51,(anonymous_5)
FN:55,(anonymous_6)
FN:67,(anonymous_7)
FN:95,(anonymous_8)
FN:99,(anonymous_9)
FN:105,(anonymous_10)
FN:109,(anonymous_11)
FN:113,(anonymous_12)
FN:126,(anonymous_13)
FN:146,(anonymous_14)
FN:154,(anonymous_15)
FN:162,(anonymous_16)
FN:170,(anonymous_17)
FN:178,(anonymous_18)
FN:187,(anonymous_19)
FN:203,(anonymous_20)
FN:212,(anonymous_21)
FN:226,(anonymous_22)
FN:266,(anonymous_23)
FN:283,(anonymous_24)
FN:289,(anonymous_25)
FNF:26
FNH:0
FNDA:0,ensureDir
FNDA:0,loadJson
FNDA:0,saveJson
FNDA:0,(anonymous_3)
FNDA:0,(anonymous_4)
FNDA:0,(anonymous_5)
FNDA:0,(anonymous_6)
FNDA:0,(anonymous_7)
FNDA:0,(anonymous_8)
FNDA:0,(anonymous_9)
FNDA:0,(anonymous_10)
FNDA:0,(anonymous_11)
FNDA:0,(anonymous_12)
FNDA:0,(anonymous_13)
FNDA:0,(anonymous_14)
FNDA:0,(anonymous_15)
FNDA:0,(anonymous_16)
FNDA:0,(anonymous_17)
FNDA:0,(anonymous_18)
FNDA:0,(anonymous_19)
FNDA:0,(anonymous_20)
FNDA:0,(anonymous_21)
FNDA:0,(anonymous_22)
FNDA:0,(anonymous_23)
FNDA:0,(anonymous_24)
FNDA:0,(anonymous_25)
DA:19,0
DA:22,0
DA:26,0
DA:27,0
DA:28,0
DA:30,0
DA:35,0
DA:36,0
DA:41,0
DA:42,0
DA:43,0
DA:44,0
DA:45,0
DA:46,0
DA:50,0
DA:51,0
DA:56,0
DA:68,0
DA:70,0
DA:75,0
DA:76,0
DA:79,0
DA:80,0
DA:82,0
DA:83,0
DA:86,0
DA:87,0
DA:89,0
DA:96,0
DA:100,0
DA:106,0
DA:110,0
DA:114,0
DA:127,0
DA:128,0
DA:132,0
DA:139,0
DA:147,0
DA:155,0
DA:163,0
DA:171,0
DA:179,0
DA:188,0
DA:191,0
DA:196,0
DA:204,0
DA:213,0
DA:228,0
DA:241,0
DA:243,0
DA:244,0
DA:247,0
DA:248,0
DA:251,0
DA:252,0
DA:254,0
DA:267,0
DA:269,0
DA:270,0
DA:271,0
DA:273,0
DA:275,0
DA:276,0
DA:279,0
DA:280,0
DA:283,0
DA:286,0
DA:290,0
DA:291,0
DA:292,0
DA:293,0
DA:294,0
DA:295,0
LF:73
LH:0
BRDA:26,0,0,0
BRDA:26,0,1,0
BRDA:40,1,0,0
BRDA:41,2,0,0
BRDA:41,2,1,0
BRDA:42,3,0,0
BRDA:42,3,1,0
BRDA:43,4,0,0
BRDA:43,4,1,0
BRDA:46,5,0,0
BRDA:46,5,1,0
BRDA:55,6,0,0
BRDA:67,7,0,0
BRDA:68,8,0,0
BRDA:68,8,1,0
BRDA:75,9,0,0
BRDA:75,9,1,0
BRDA:82,10,0,0
BRDA:82,10,1,0
BRDA:126,11,0,0
BRDA:127,12,0,0
BRDA:127,12,1,0
BRDA:134,13,0,0
BRDA:134,13,1,0
BRDA:135,14,0,0
BRDA:135,14,1,0
BRDA:187,15,0,0
BRDA:193,16,0,0
BRDA:193,16,1,0
BRDA:194,17,0,0
BRDA:194,17,1,0
BRDA:233,18,0,0
BRDA:233,18,1,0
BRDA:234,19,0,0
BRDA:234,19,1,0
BRDA:235,20,0,0
BRDA:235,20,1,0
BRDA:236,21,0,0
BRDA:236,21,1,0
BRDA:237,22,0,0
BRDA:237,22,1,0
BRDA:243,23,0,0
BRDA:243,23,1,0
BRDA:266,24,0,0
BRDA:275,25,0,0
BRDA:275,25,1,0
BRDA:275,26,0,0
BRDA:275,26,1,0
BRDA:279,27,0,0
BRDA:279,27,1,0
BRDA:279,28,0,0
BRDA:279,28,1,0
BRDA:289,29,0,0
BRDA:293,30,0,0
BRDA:293,30,1,0
BRF:55
BRH:0
end_of_record
TN:
SF:request/bigquant-auth.js
FN:14,ensureDir
FN:18,loadJson
FN:23,saveJson
FN:31,parseSetCookies
FN:33,(anonymous_4)
FN:34,(anonymous_5)
FN:60,mergeCookies
FN:70,isJwtValid
FN:83,isSessionValid
FN:85,(anonymous_9)
FN:92,extractUserId
FN:95,(anonymous_11)
FN:103,(anonymous_12)
FN:109,loginWithPassword
FN:119,(anonymous_14)
FN:119,(anonymous_15)
FN:178,loginWithPasswordAlt
FN:179,(anonymous_17)
FN:179,(anonymous_18)
FN:220,ensureSession
FNF:20
FNH:0
FNDA:0,ensureDir
FNDA:0,loadJson
FNDA:0,saveJson
FNDA:0,parseSetCookies
FNDA:0,(anonymous_4)
FNDA:0,(anonymous_5)
FNDA:0,mergeCookies
FNDA:0,isJwtValid
FNDA:0,isSessionValid
FNDA:0,(anonymous_9)
FNDA:0,extractUserId
FNDA:0,(anonymous_11)
FNDA:0,(anonymous_12)
FNDA:0,loginWithPassword
FNDA:0,(anonymous_14)
FNDA:0,(anonymous_15)
FNDA:0,loginWithPasswordAlt
FNDA:0,(anonymous_17)
FNDA:0,(anonymous_18)
FNDA:0,ensureSession
DA:11,0
DA:12,0
DA:15,0
DA:19,0
DA:20,0
DA:24,0
DA:25,0
DA:32,0
DA:33,0
DA:34,0
DA:35,0
DA:36,0
DA:37,0
DA:38,0
DA:39,0
DA:40,0
DA:41,0
DA:42,0
DA:44,0
DA:61,0
DA:62,0
DA:63,0
DA:64,0
DA:71,0
DA:72,0
DA:73,0
DA:74,0
DA:76,0
DA:84,0
DA:85,0
DA:86,0
DA:93,0
DA:95,0
DA:96,0
DA:97,0
DA:98,0
DA:99,0
DA:100,0
DA:103,0
DA:110,0
DA:113,0
DA:117,0
DA:119,0
DA:122,0
DA:135,0
DA:136,0
DA:139,0
DA:141,0
DA:143,0
DA:144,0
DA:147,0
DA:150,0
DA:156,0
DA:158,0
DA:159,0
DA:162,0
DA:163,0
DA:165,0
DA:172,0
DA:179,0
DA:182,0
DA:195,0
DA:196,0
DA:198,0
DA:200,0
DA:201,0
DA:204,0
DA:205,0
DA:207,0
DA:209,0
DA:221,0
DA:222,0
DA:224,0
DA:226,0
DA:227,0
DA:229,0
DA:230,0
DA:233,0
DA:234,0
DA:236,0
DA:237,0
DA:240,0
DA:241,0
DA:242,0
DA:244,0
LF:85
LH:0
BRDA:19,0,0,0
BRDA:19,0,1,0
BRDA:32,1,0,0
BRDA:32,1,1,0
BRDA:42,2,0,0
BRDA:42,2,1,0
BRDA:47,3,0,0
BRDA:47,3,1,0
BRDA:48,4,0,0
BRDA:48,4,1,0
BRDA:49,5,0,0
BRDA:49,5,1,0
BRDA:52,6,0,0
BRDA:52,6,1,0
BRDA:71,7,0,0
BRDA:71,7,1,0
BRDA:84,8,0,0
BRDA:84,8,1,0
BRDA:93,9,0,0
BRDA:93,9,1,0
BRDA:96,10,0,0
BRDA:96,10,1,0
BRDA:99,11,0,0
BRDA:99,11,1,0
BRDA:103,12,0,0
BRDA:103,12,1,0
BRDA:141,13,0,0
BRDA:141,13,1,0
BRDA:141,14,0,0
BRDA:141,14,1,0
BRDA:158,15,0,0
BRDA:158,15,1,0
BRDA:200,16,0,0
BRDA:200,16,1,0
BRDA:200,17,0,0
BRDA:200,17,1,0
BRDA:205,18,0,0
BRDA:205,18,1,0
BRDA:220,19,0,0
BRDA:221,20,0,0
BRDA:221,20,1,0
BRDA:224,21,0,0
BRDA:224,21,1,0
BRDA:226,22,0,0
BRDA:226,22,1,0
BRDA:233,23,0,0
BRDA:233,23,1,0
BRDA:234,24,0,0
BRDA:234,24,1,0
BRDA:236,25,0,0
BRDA:236,25,1,0
BRDA:236,26,0,0
BRDA:236,26,1,0
BRF:53
BRH:0
end_of_record
TN:
SF:request/bigquant-client.js
FN:23,ensureDir
FN:27,toOutputText
FN:47,(anonymous_2)
FN:50,(anonymous_3)
FN:51,(anonymous_4)
FN:62,(anonymous_5)
FN:70,(anonymous_6)
FN:88,(anonymous_7)
FN:108,(anonymous_8)
FN:115,(anonymous_9)
FN:137,(anonymous_10)
FN:152,(anonymous_11)
FN:193,(anonymous_12)
FN:197,(anonymous_13)
FN:211,(anonymous_14)
FN:224,(anonymous_15)
FN:231,(anonymous_16)
FN:237,(anonymous_17)
FN:243,(anonymous_18)
FN:271,(anonymous_19)
FN:284,(anonymous_20)
FN:291,(anonymous_21)
FN:299,(anonymous_22)
FN:299,(anonymous_23)
FNF:24
FNH:0
FNDA:0,ensureDir
FNDA:0,toOutputText
FNDA:0,(anonymous_2)
FNDA:0,(anonymous_3)
FNDA:0,(anonymous_4)
FNDA:0,(anonymous_5)
FNDA:0,(anonymous_6)
FNDA:0,(anonymous_7)
FNDA:0,(anonymous_8)
FNDA:0,(anonymous_9)
FNDA:0,(anonymous_10)
FNDA:0,(anonymous_11)
FNDA:0,(anonymous_12)
FNDA:0,(anonymous_13)
FNDA:0,(anonymous_14)
FNDA:0,(anonymous_15)
FNDA:0,(anonymous_16)
FNDA:0,(anonymous_17)
FNDA:0,(anonymous_18)
FNDA:0,(anonymous_19)
FNDA:0,(anonymous_20)
FNDA:0,(anonymous_21)
FNDA:0,(anonymous_22)
FNDA:0,(anonymous_23)
DA:21,0
DA:24,0
DA:28,0
DA:29,0
DA:30,0
DA:32,0
DA:33,0
DA:35,0
DA:36,0
DA:37,0
DA:41,0
DA:43,0
DA:48,0
DA:49,0
DA:50,0
DA:51,0
DA:53,0
DA:54,0
DA:55,0
DA:56,0
DA:59,0
DA:63,0
DA:71,0
DA:89,0
DA:92,0
DA:99,0
DA:109,0
DA:111,0
DA:112,0
DA:115,0
DA:116,0
DA:117,0
DA:118,0
DA:119,0
DA:120,0
DA:124,0
DA:125,0
DA:126,0
DA:127,0
DA:128,0
DA:129,0
DA:132,0
DA:138,0
DA:139,0
DA:142,0
DA:143,0
DA:144,0
DA:146,0
DA:153,0
DA:155,0
DA:188,0
DA:189,0
DA:190,0
DA:194,0
DA:198,0
DA:202,0
DA:203,0
DA:212,0
DA:217,0
DA:218,0
DA:219,0
DA:225,0
DA:226,0
DA:232,0
DA:233,0
DA:234,0
DA:235,0
DA:236,0
DA:237,0
DA:238,0
DA:244,0
DA:245,0
DA:247,0
DA:248,0
DA:249,0
DA:251,0
DA:252,0
DA:253,0
DA:255,0
DA:256,0
DA:257,0
DA:259,0
DA:260,0
DA:261,0
DA:265,0
DA:266,0
DA:272,0
DA:284,0
DA:292,0
DA:293,0
DA:294,0
DA:295,0
DA:296,0
DA:299,0
LF:94
LH:0
BRDA:28,0,0,0
BRDA:28,0,1,0
BRDA:29,1,0,0
BRDA:29,1,1,0
BRDA:30,2,0,0
BRDA:30,2,1,0
BRDA:30,3,0,0
BRDA:30,3,1,0
BRDA:32,4,0,0
BRDA:32,4,1,0
BRDA:33,5,0,0
BRDA:33,5,1,0
BRDA:33,6,0,0
BRDA:33,6,1,0
BRDA:35,7,0,0
BRDA:35,7,1,0
BRDA:35,8,0,0
BRDA:35,8,1,0
BRDA:36,9,0,0
BRDA:36,9,1,0
BRDA:37,10,0,0
BRDA:37,10,1,0
BRDA:41,11,0,0
BRDA:41,11,1,0
BRDA:47,12,0,0
BRDA:54,13,0,0
BRDA:54,13,1,0
BRDA:54,13,2,0
BRDA:55,14,0,0
BRDA:55,14,1,0
BRDA:56,15,0,0
BRDA:56,15,1,0
BRDA:56,15,2,0
BRDA:63,16,0,0
BRDA:63,16,1,0
BRDA:70,17,0,0
BRDA:88,18,0,0
BRDA:88,19,0,0
BRDA:89,20,0,0
BRDA:89,20,1,0
BRDA:95,21,0,0
BRDA:95,21,1,0
BRDA:109,22,0,0
BRDA:109,22,1,0
BRDA:112,23,0,0
BRDA:112,23,1,0
BRDA:116,24,0,0
BRDA:116,24,1,0
BRDA:126,25,0,0
BRDA:126,25,1,0
BRDA:152,26,0,0
BRDA:171,27,0,0
BRDA:171,27,1,0
BRDA:172,28,0,0
BRDA:172,28,1,0
BRDA:173,29,0,0
BRDA:173,29,1,0
BRDA:174,30,0,0
BRDA:174,30,1,0
BRDA:175,31,0,0
BRDA:175,31,1,0
BRDA:189,32,0,0
BRDA:189,32,1,0
BRDA:197,33,0,0
BRDA:202,34,0,0
BRDA:202,34,1,0
BRDA:218,35,0,0
BRDA:218,35,1,0
BRDA:224,36,0,0
BRDA:226,37,0,0
BRDA:226,37,1,0
BRDA:234,38,0,0
BRDA:234,38,1,0
BRDA:237,39,0,0
BRDA:237,39,1,0
BRDA:237,40,0,0
BRDA:237,40,1,0
BRDA:243,41,0,0
BRDA:253,42,0,0
BRDA:253,42,1,0
BRDA:255,43,0,0
BRDA:255,43,1,0
BRDA:255,44,0,0
BRDA:255,44,1,0
BRDA:259,45,0,0
BRDA:259,45,1,0
BRDA:259,46,0,0
BRDA:259,46,1,0
BRDA:284,47,0,0
BRDA:284,47,1,0
BRDA:291,48,0,0
BRDA:294,49,0,0
BRDA:294,49,1,0
BRF:93
BRH:0
end_of_record
TN:
SF:request/bigquant-notebook-client.js
FN:27,(anonymous_0)
FN:36,(anonymous_1)
FN:51,(anonymous_2)
FN:58,(anonymous_3)
FN:69,(anonymous_4)
FN:81,(anonymous_5)
FN:88,(anonymous_6)
FN:95,(anonymous_7)
FN:168,(anonymous_8)
FN:184,(anonymous_9)
FN:207,(anonymous_10)
FN:216,(anonymous_11)
FNF:12
FNH:0
FNDA:0,(anonymous_0)
FNDA:0,(anonymous_1)
FNDA:0,(anonymous_2)
FNDA:0,(anonymous_3)
FNDA:0,(anonymous_4)
FNDA:0,(anonymous_5)
FNDA:0,(anonymous_6)
FNDA:0,(anonymous_7)
FNDA:0,(anonymous_8)
FNDA:0,(anonymous_9)
FNDA:0,(anonymous_10)
FNDA:0,(anonymous_11)
DA:24,0
DA:28,0
DA:29,0
DA:30,0
DA:37,0
DA:52,0
DA:53,0
DA:58,0
DA:61,0
DA:70,0
DA:71,0
DA:82,0
DA:89,0
DA:96,0
DA:97,0
DA:99,0
DA:138,0
DA:140,0
DA:141,0
DA:144,0
DA:145,0
DA:148,0
DA:149,0
DA:150,0
DA:151,0
DA:153,0
DA:160,0
DA:161,0
DA:169,0
DA:185,0
DA:186,0
DA:188,0
DA:189,0
DA:190,0
DA:192,0
DA:194,0
DA:195,0
DA:196,0
DA:197,0
DA:199,0
DA:203,0
DA:204,0
DA:207,0
DA:210,0
DA:217,0
DA:218,0
DA:228,0
DA:234,0
DA:236,0
LF:49
LH:0
BRDA:27,0,0,0
BRDA:29,1,0,0
BRDA:29,1,1,0
BRDA:36,2,0,0
BRDA:52,3,0,0
BRDA:52,3,1,0
BRDA:58,4,0,0
BRDA:58,4,1,0
BRDA:97,5,0,0
BRDA:97,5,1,0
BRDA:102,6,0,0
BRDA:102,6,1,0
BRDA:103,7,0,0
BRDA:103,7,1,0
BRDA:115,8,0,0
BRDA:115,8,1,0
BRDA:116,9,0,0
BRDA:116,9,1,0
BRDA:117,10,0,0
BRDA:117,10,1,0
BRDA:118,11,0,0
BRDA:118,11,1,0
BRDA:119,12,0,0
BRDA:119,12,1,0
BRDA:140,13,0,0
BRDA:140,13,1,0
BRDA:168,14,0,0
BRDA:171,15,0,0
BRDA:171,15,1,0
BRDA:177,16,0,0
BRDA:177,16,1,0
BRDA:184,17,0,0
BRDA:192,18,0,0
BRDA:192,18,1,0
BRDA:194,19,0,0
BRDA:194,19,1,0
BRDA:203,20,0,0
BRDA:203,20,1,0
BRDA:216,21,0,0
BRDA:220,22,0,0
BRDA:220,22,1,0
BRDA:221,23,0,0
BRDA:221,23,1,0
BRDA:222,24,0,0
BRDA:222,24,1,0
BRDA:223,25,0,0
BRDA:223,25,1,0
BRDA:224,26,0,0
BRDA:224,26,1,0
BRF:49
BRH:0
end_of_record
TN:
SF:request/bigquant-runner.js
FNF:0
FNH:0
LF:0
LH:0
BRF:0
BRH:0
end_of_record
TN:
SF:request/bigquant-task-client.js
FN:37,(anonymous_0)
FN:47,(anonymous_1)
FN:63,(anonymous_2)
FN:70,(anonymous_3)
FN:84,(anonymous_4)
FN:142,(anonymous_5)
FN:157,(anonymous_6)
FN:173,(anonymous_7)
FN:184,(anonymous_8)
FN:202,(anonymous_9)
FN:211,(anonymous_10)
FN:220,(anonymous_11)
FN:236,(anonymous_12)
FN:254,(anonymous_13)
FN:265,(anonymous_14)
FN:285,(anonymous_15)
FN:295,(anonymous_16)
FN:303,(anonymous_17)
FNF:18
FNH:0
FNDA:0,(anonymous_0)
FNDA:0,(anonymous_1)
FNDA:0,(anonymous_2)
FNDA:0,(anonymous_3)
FNDA:0,(anonymous_4)
FNDA:0,(anonymous_5)
FNDA:0,(anonymous_6)
FNDA:0,(anonymous_7)
FNDA:0,(anonymous_8)
FNDA:0,(anonymous_9)
FNDA:0,(anonymous_10)
FNDA:0,(anonymous_11)
FNDA:0,(anonymous_12)
FNDA:0,(anonymous_13)
FNDA:0,(anonymous_14)
FNDA:0,(anonymous_15)
FNDA:0,(anonymous_16)
FNDA:0,(anonymous_17)
DA:28,0
DA:31,0
DA:34,0
DA:38,0
DA:39,0
DA:48,0
DA:49,0
DA:50,0
DA:56,0
DA:64,0
DA:71,0
DA:72,0
DA:73,0
DA:75,0
DA:85,0
DA:86,0
DA:88,0
DA:126,0
DA:128,0
DA:129,0
DA:132,0
DA:144,0
DA:145,0
DA:147,0
DA:151,0
DA:158,0
DA:159,0
DA:161,0
DA:163,0
DA:167,0
DA:174,0
DA:178,0
DA:185,0
DA:187,0
DA:193,0
DA:203,0
DA:204,0
DA:212,0
DA:213,0
DA:214,0
DA:221,0
DA:222,0
DA:228,0
DA:229,0
DA:237,0
DA:238,0
DA:240,0
DA:241,0
DA:242,0
DA:244,0
DA:246,0
DA:247,0
DA:250,0
DA:251,0
DA:254,0
DA:257,0
DA:266,0
DA:286,0
DA:296,0
DA:297,0
DA:305,0
DA:308,0
DA:311,0
DA:314,0
DA:315,0
DA:316,0
DA:317,0
DA:318,0
DA:320,0
DA:324,0
DA:332,0
LF:71
LH:0
BRDA:37,0,0,0
BRDA:71,1,0,0
BRDA:71,1,1,0
BRDA:84,2,0,0
BRDA:85,3,0,0
BRDA:85,3,1,0
BRDA:92,4,0,0
BRDA:92,4,1,0
BRDA:104,5,0,0
BRDA:104,5,1,0
BRDA:105,6,0,0
BRDA:105,6,1,0
BRDA:106,7,0,0
BRDA:106,7,1,0
BRDA:107,8,0,0
BRDA:107,8,1,0
BRDA:108,9,0,0
BRDA:108,9,1,0
BRDA:113,10,0,0
BRDA:113,10,1,0
BRDA:128,11,0,0
BRDA:128,11,1,0
BRDA:159,12,0,0
BRDA:159,12,1,0
BRDA:214,13,0,0
BRDA:214,13,1,0
BRDA:220,14,0,0
BRDA:224,15,0,0
BRDA:224,15,1,0
BRDA:225,16,0,0
BRDA:225,16,1,0
BRDA:236,17,0,0
BRDA:244,18,0,0
BRDA:244,18,1,0
BRDA:246,19,0,0
BRDA:246,19,1,0
BRDA:250,20,0,0
BRDA:250,20,1,0
BRDA:250,21,0,0
BRDA:250,21,1,0
BRDA:286,22,0,0
BRDA:286,22,1,0
BRDA:303,23,0,0
BRF:43
BRH:0
end_of_record
TN:
SF:request/enhanced-client.js
FN:20,(anonymous_0)
FN:41,(anonymous_1)
FN:58,(anonymous_2)
FN:64,(anonymous_3)
FN:78,(anonymous_4)
FN:92,(anonymous_5)
FN:112,(anonymous_6)
FN:126,(anonymous_7)
FN:144,(anonymous_8)
FN:159,(anonymous_9)
FN:170,(anonymous_10)
FN:177,(anonymous_11)
FN:184,(anonymous_12)
FN:191,(anonymous_13)
FN:198,(anonymous_14)
FN:206,(anonymous_15)
FN:213,(anonymous_16)
FN:246,(anonymous_17)
FN:284,(anonymous_18)
FN:294,example
FNF:20
FNH:0
FNDA:0,(anonymous_0)
FNDA:0,(anonymous_1)
FNDA:0,(anonymous_2)
FNDA:0,(anonymous_3)
FNDA:0,(anonymous_4)
FNDA:0,(anonymous_5)
FNDA:0,(anonymous_6)
FNDA:0,(anonymous_7)
FNDA:0,(anonymous_8)
FNDA:0,(anonymous_9)
FNDA:0,(anonymous_10)
FNDA:0,(anonymous_11)
FNDA:0,(anonymous_12)
FNDA:0,(anonymous_13)
FNDA:0,(anonymous_14)
FNDA:0,(anonymous_15)
FNDA:0,(anonymous_16)
FNDA:0,(anonymous_17)
FNDA:0,(anonymous_18)
FNDA:0,example
DA:10,0
DA:11,0
DA:13,0
DA:14,0
DA:21,0
DA:22,0
DA:26,0
DA:30,0
DA:31,0
DA:42,0
DA:45,0
DA:46,0
DA:51,0
DA:52,0
DA:59,0
DA:60,0
DA:63,0
DA:64,0
DA:67,0
DA:80,0
DA:82,0
DA:86,0
DA:88,0
DA:91,0
DA:92,0
DA:100,0
DA:101,0
DA:102,0
DA:103,0
DA:106,0
DA:113,0
DA:114,0
DA:116,0
DA:120,0
DA:127,0
DA:128,0
DA:138,0
DA:145,0
DA:153,0
DA:160,0
DA:164,0
DA:171,0
DA:178,0
DA:185,0
DA:192,0
DA:199,0
DA:200,0
DA:207,0
DA:214,0
DA:215,0
DA:217,0
DA:219,0
DA:220,0
DA:222,0
DA:223,0
DA:224,0
DA:227,0
DA:228,0
DA:231,0
DA:234,0
DA:240,0
DA:247,0
DA:249,0
DA:251,0
DA:252,0
DA:254,0
DA:256,0
DA:262,0
DA:264,0
DA:271,0
DA:274,0
DA:275,0
DA:284,0
DA:285,0
DA:287,0
DA:295,0
DA:301,0
DA:303,0
DA:306,0
DA:307,0
DA:310,0
DA:311,0
DA:314,0
DA:321,0
DA:322,0
DA:325,0
DA:330,0
DA:331,0
LF:88
LH:0
BRDA:20,0,0,0
BRDA:21,1,0,0
BRDA:21,1,1,0
BRDA:23,2,0,0
BRDA:23,2,1,0
BRDA:27,3,0,0
BRDA:27,3,1,0
BRDA:28,4,0,0
BRDA:28,4,1,0
BRDA:32,5,0,0
BRDA:32,5,1,0
BRDA:33,6,0,0
BRDA:33,6,1,0
BRDA:45,7,0,0
BRDA:45,7,1,0
BRDA:58,8,0,0
BRDA:59,9,0,0
BRDA:59,9,1,0
BRDA:78,10,0,0
BRDA:82,11,0,0
BRDA:82,11,1,0
BRDA:88,12,0,0
BRDA:88,12,1,0
BRDA:100,13,0,0
BRDA:100,13,1,0
BRDA:100,14,0,0
BRDA:100,14,1,0
BRDA:112,15,0,0
BRDA:114,16,0,0
BRDA:114,16,1,0
BRDA:126,17,0,0
BRDA:126,18,0,0
BRDA:144,19,0,0
BRDA:177,20,0,0
BRDA:213,21,0,0
BRDA:214,22,0,0
BRDA:214,22,1,0
BRDA:215,23,0,0
BRDA:215,23,1,0
BRDA:222,24,0,0
BRDA:222,24,1,0
BRDA:227,25,0,0
BRDA:227,25,1,0
BRDA:330,26,0,0
BRDA:330,26,1,0
BRF:45
BRH:0
end_of_record
TN:
SF:request/strategy-runner.js
FN:22,normalizeCellSource
FN:35,extractTaskName
FN:42,(anonymous_2)
FN:60,parseMetrics
FN:88,summarizeExecution
FN:91,(anonymous_5)
FN:101,(anonymous_6)
FN:107,(anonymous_7)
FN:108,(anonymous_8)
FN:114,runStrategyTest
FNF:10
FNH:0
FNDA:0,normalizeCellSource
FNDA:0,extractTaskName
FNDA:0,(anonymous_2)
FNDA:0,parseMetrics
FNDA:0,summarizeExecution
FNDA:0,(anonymous_5)
FNDA:0,(anonymous_6)
FNDA:0,(anonymous_7)
FNDA:0,(anonymous_8)
FNDA:0,runStrategyTest
DA:23,0
DA:24,0
DA:25,0
DA:27,0
DA:36,0
DA:38,0
DA:39,0
DA:42,0
DA:43,0
DA:44,0
DA:48,0
DA:51,0
DA:52,0
DA:53,0
DA:61,0
DA:62,0
DA:79,0
DA:80,0
DA:81,0
DA:82,0
DA:85,0
DA:90,0
DA:92,0
DA:93,0
DA:94,0
DA:100,0
DA:101,0
DA:104,0
DA:105,0
DA:107,0
DA:108,0
DA:109,0
DA:111,0
DA:129,0
DA:131,0
DA:132,0
DA:135,0
DA:136,0
DA:138,0
DA:139,0
DA:142,0
DA:143,0
DA:146,0
DA:147,0
DA:150,0
DA:153,0
DA:154,0
DA:157,0
DA:158,0
DA:161,0
DA:162,0
DA:163,0
DA:166,0
DA:191,0
DA:192,0
DA:194,0
DA:195,0
DA:198,0
LF:58
LH:0
BRDA:23,0,0,0
BRDA:23,0,1,0
BRDA:24,1,0,0
BRDA:24,1,1,0
BRDA:24,2,0,0
BRDA:24,2,1,0
BRDA:38,3,0,0
BRDA:38,3,1,0
BRDA:42,4,0,0
BRDA:42,4,1,0
BRDA:43,5,0,0
BRDA:43,5,1,0
BRDA:48,6,0,0
BRDA:48,6,1,0
BRDA:80,7,0,0
BRDA:80,7,1,0
BRDA:82,8,0,0
BRDA:82,8,1,0
BRDA:92,9,0,0
BRDA:92,9,1,0
BRDA:92,10,0,0
BRDA:92,10,1,0
BRDA:92,11,0,0
BRDA:92,11,1,0
BRDA:93,12,0,0
BRDA:93,12,1,0
BRDA:104,13,0,0
BRDA:104,13,1,0
BRDA:107,14,0,0
BRDA:107,14,1,0
BRDA:108,15,0,0
BRDA:108,15,1,0
BRDA:109,16,0,0
BRDA:109,16,1,0
BRDA:114,17,0,0
BRDA:118,18,0,0
BRDA:119,19,0,0
BRDA:120,20,0,0
BRDA:121,21,0,0
BRDA:122,22,0,0
BRDA:123,23,0,0
BRDA:132,24,0,0
BRDA:132,24,1,0
BRDA:181,25,0,0
BRDA:181,25,1,0
BRDA:194,26,0,0
BRDA:194,26,1,0
BRF:47
BRH:0
end_of_record
